<?xml version="1.0" encoding="UTF-8"?>
<coverage generated="1760129498505" clover="3.2.0">
  <project timestamp="1760129498505" name="All files">
    <metrics statements="417" coveredstatements="370" conditionals="143" coveredconditionals="99" methods="177" coveredmethods="158" elements="737" coveredelements="627" complexity="0" loc="417" ncloc="417" packages="10" files="49" classes="49"/>
    <package name="assets">
      <metrics statements="1" coveredstatements="1" conditionals="0" coveredconditionals="0" methods="0" coveredmethods="0"/>
      <file name="logo.png" path="C:\Users\Alvaro\OneDrive\Área de Trabalho\QrHunters\src\assets\logo.png">
        <metrics statements="1" coveredstatements="1" conditionals="0" coveredconditionals="0" methods="0" coveredmethods="0"/>
        <line num="1" count="3" type="stmt"/>
      </file>
    </package>
    <package name="components">
      <metrics statements="37" coveredstatements="23" conditionals="40" coveredconditionals="22" methods="12" coveredmethods="6"/>
      <file name="BaseScreen.tsx" path="C:\Users\Alvaro\OneDrive\Área de Trabalho\QrHunters\src\components\BaseScreen.tsx">
        <metrics statements="8" coveredstatements="7" conditionals="11" coveredconditionals="10" methods="2" coveredmethods="2"/>
        <line num="29" count="3" type="stmt"/>
        <line num="43" count="28" type="stmt"/>
        <line num="45" count="28" type="stmt"/>
        <line num="46" count="1" type="cond" truecount="1" falsecount="1"/>
        <line num="47" count="1" type="stmt"/>
        <line num="49" count="0" type="stmt"/>
        <line num="53" count="28" type="stmt"/>
        <line num="79" count="3" type="stmt"/>
      </file>
      <file name="CurvedBackground.tsx" path="C:\Users\Alvaro\OneDrive\Área de Trabalho\QrHunters\src\components\CurvedBackground.tsx">
        <metrics statements="4" coveredstatements="4" conditionals="7" coveredconditionals="7" methods="1" coveredmethods="1"/>
        <line num="16" count="4" type="stmt"/>
        <line num="23" count="30" type="stmt"/>
        <line num="40" count="30" type="stmt"/>
        <line num="43" count="4" type="stmt"/>
      </file>
      <file name="DrawerContent.tsx" path="C:\Users\Alvaro\OneDrive\Área de Trabalho\QrHunters\src\components\DrawerContent.tsx">
        <metrics statements="25" coveredstatements="12" conditionals="22" coveredconditionals="5" methods="9" coveredmethods="3"/>
        <line num="9" count="1" type="stmt"/>
        <line num="10" count="12" type="stmt"/>
        <line num="11" count="12" type="stmt"/>
        <line num="13" count="12" type="stmt"/>
        <line num="14" count="0" type="stmt"/>
        <line num="15" count="0" type="stmt"/>
        <line num="22" count="12" type="stmt"/>
        <line num="23" count="12" type="stmt"/>
        <line num="24" count="12" type="cond" truecount="3" falsecount="1"/>
        <line num="26" count="12" type="cond" truecount="1" falsecount="1"/>
        <line num="27" count="0" type="cond" truecount="0" falsecount="4"/>
        <line num="28" count="0" type="cond" truecount="0" falsecount="2"/>
        <line num="30" count="0" type="stmt"/>
        <line num="32" count="12" type="stmt"/>
        <line num="33" count="12" type="cond" truecount="1" falsecount="1"/>
        <line num="35" count="12" type="stmt"/>
        <line num="45" count="0" type="stmt"/>
        <line num="49" count="0" type="cond" truecount="0" falsecount="2"/>
        <line num="58" count="0" type="stmt"/>
        <line num="62" count="0" type="cond" truecount="0" falsecount="2"/>
        <line num="71" count="0" type="stmt"/>
        <line num="75" count="0" type="cond" truecount="0" falsecount="2"/>
        <line num="84" count="0" type="stmt"/>
        <line num="88" count="0" type="cond" truecount="0" falsecount="2"/>
        <line num="110" count="1" type="stmt"/>
      </file>
    </package>
    <package name="context">
      <metrics statements="16" coveredstatements="15" conditionals="1" coveredconditionals="1" methods="5" coveredmethods="4"/>
      <file name="AuthContext.tsx" path="C:\Users\Alvaro\OneDrive\Área de Trabalho\QrHunters\src\context\AuthContext.tsx">
        <metrics statements="16" coveredstatements="15" conditionals="1" coveredconditionals="1" methods="5" coveredmethods="4"/>
        <line num="15" count="10" type="stmt"/>
        <line num="17" count="10" type="cond" truecount="1" falsecount="0"/>
        <line num="18" count="35" type="stmt"/>
        <line num="19" count="35" type="stmt"/>
        <line num="21" count="35" type="stmt"/>
        <line num="22" count="4" type="stmt"/>
        <line num="23" count="1" type="stmt"/>
        <line num="24" count="1" type="stmt"/>
        <line num="27" count="35" type="stmt"/>
        <line num="28" count="1" type="stmt"/>
        <line num="29" count="1" type="stmt"/>
        <line num="32" count="35" type="stmt"/>
        <line num="33" count="0" type="stmt"/>
        <line num="36" count="35" type="stmt"/>
        <line num="43" count="10" type="stmt"/>
        <line num="44" count="23" type="stmt"/>
      </file>
    </package>
    <package name="core.domain.entities">
      <metrics statements="10" coveredstatements="10" conditionals="0" coveredconditionals="0" methods="14" coveredmethods="14"/>
      <file name="Journey.ts" path="C:\Users\Alvaro\OneDrive\Área de Trabalho\QrHunters\src\core\domain\entities\Journey.ts">
        <metrics statements="4" coveredstatements="4" conditionals="0" coveredconditionals="0" methods="5" coveredmethods="5"/>
        <line num="21" count="16" type="stmt"/>
        <line num="25" count="1" type="stmt"/>
        <line num="29" count="1" type="stmt"/>
        <line num="33" count="1" type="stmt"/>
      </file>
      <file name="JourneyPoint.ts" path="C:\Users\Alvaro\OneDrive\Área de Trabalho\QrHunters\src\core\domain\entities\JourneyPoint.ts">
        <metrics statements="1" coveredstatements="1" conditionals="0" coveredconditionals="0" methods="2" coveredmethods="2"/>
        <line num="22" count="40" type="stmt"/>
      </file>
      <file name="QRCode.ts" path="C:\Users\Alvaro\OneDrive\Área de Trabalho\QrHunters\src\core\domain\entities\QRCode.ts">
        <metrics statements="1" coveredstatements="1" conditionals="0" coveredconditionals="0" methods="2" coveredmethods="2"/>
        <line num="22" count="11" type="stmt"/>
      </file>
      <file name="User.ts" path="C:\Users\Alvaro\OneDrive\Área de Trabalho\QrHunters\src\core\domain\entities\User.ts">
        <metrics statements="4" coveredstatements="4" conditionals="0" coveredconditionals="0" methods="5" coveredmethods="5"/>
        <line num="19" count="14" type="stmt"/>
        <line num="24" count="1" type="stmt"/>
        <line num="29" count="1" type="stmt"/>
        <line num="34" count="1" type="stmt"/>
      </file>
    </package>
    <package name="core.domain.use-cases">
      <metrics statements="35" coveredstatements="35" conditionals="0" coveredconditionals="0" methods="26" coveredmethods="26"/>
      <file name="ChangePasswordUseCase.ts" path="C:\Users\Alvaro\OneDrive\Área de Trabalho\QrHunters\src\core\domain\use-cases\ChangePasswordUseCase.ts">
        <metrics statements="4" coveredstatements="4" conditionals="0" coveredconditionals="0" methods="2" coveredmethods="2"/>
        <line num="12" count="1" type="stmt"/>
        <line num="14" count="1" type="stmt"/>
        <line num="15" count="1" type="stmt"/>
        <line num="17" count="1" type="stmt"/>
      </file>
      <file name="CompleteJourneyPointUseCase.ts" path="C:\Users\Alvaro\OneDrive\Área de Trabalho\QrHunters\src\core\domain\use-cases\CompleteJourneyPointUseCase.ts">
        <metrics statements="2" coveredstatements="2" conditionals="0" coveredconditionals="0" methods="2" coveredmethods="2"/>
        <line num="11" count="1" type="stmt"/>
        <line num="12" count="1" type="stmt"/>
      </file>
      <file name="DeleteAccountUseCase.ts" path="C:\Users\Alvaro\OneDrive\Área de Trabalho\QrHunters\src\core\domain\use-cases\DeleteAccountUseCase.ts">
        <metrics statements="2" coveredstatements="2" conditionals="0" coveredconditionals="0" methods="2" coveredmethods="2"/>
        <line num="7" count="1" type="stmt"/>
        <line num="8" count="1" type="stmt"/>
      </file>
      <file name="FinishJourneyUseCase.ts" path="C:\Users\Alvaro\OneDrive\Área de Trabalho\QrHunters\src\core\domain\use-cases\FinishJourneyUseCase.ts">
        <metrics statements="2" coveredstatements="2" conditionals="0" coveredconditionals="0" methods="2" coveredmethods="2"/>
        <line num="8" count="1" type="stmt"/>
        <line num="9" count="1" type="stmt"/>
      </file>
      <file name="GetAllJourneysUseCase.ts" path="C:\Users\Alvaro\OneDrive\Área de Trabalho\QrHunters\src\core\domain\use-cases\GetAllJourneysUseCase.ts">
        <metrics statements="1" coveredstatements="1" conditionals="0" coveredconditionals="0" methods="2" coveredmethods="2"/>
        <line num="8" count="4" type="stmt"/>
      </file>
      <file name="GetJourneyUseCase.ts" path="C:\Users\Alvaro\OneDrive\Área de Trabalho\QrHunters\src\core\domain\use-cases\GetJourneyUseCase.ts">
        <metrics statements="2" coveredstatements="2" conditionals="0" coveredconditionals="0" methods="2" coveredmethods="2"/>
        <line num="8" count="2" type="stmt"/>
        <line num="9" count="2" type="stmt"/>
      </file>
      <file name="GetQRCodeDetailsUseCase.ts" path="C:\Users\Alvaro\OneDrive\Área de Trabalho\QrHunters\src\core\domain\use-cases\GetQRCodeDetailsUseCase.ts">
        <metrics statements="2" coveredstatements="2" conditionals="0" coveredconditionals="0" methods="2" coveredmethods="2"/>
        <line num="8" count="2" type="stmt"/>
        <line num="9" count="2" type="stmt"/>
      </file>
      <file name="GetUserProgressUseCase.ts" path="C:\Users\Alvaro\OneDrive\Área de Trabalho\QrHunters\src\core\domain\use-cases\GetUserProgressUseCase.ts">
        <metrics statements="2" coveredstatements="2" conditionals="0" coveredconditionals="0" methods="2" coveredmethods="2"/>
        <line num="8" count="3" type="stmt"/>
        <line num="9" count="3" type="stmt"/>
      </file>
      <file name="LoginUseCase.ts" path="C:\Users\Alvaro\OneDrive\Área de Trabalho\QrHunters\src\core\domain\use-cases\LoginUseCase.ts">
        <metrics statements="4" coveredstatements="4" conditionals="0" coveredconditionals="0" methods="2" coveredmethods="2"/>
        <line num="13" count="6" type="stmt"/>
        <line num="15" count="6" type="stmt"/>
        <line num="16" count="5" type="stmt"/>
        <line num="18" count="4" type="stmt"/>
      </file>
      <file name="RegisterUseCase.ts" path="C:\Users\Alvaro\OneDrive\Área de Trabalho\QrHunters\src\core\domain\use-cases\RegisterUseCase.ts">
        <metrics statements="4" coveredstatements="4" conditionals="0" coveredconditionals="0" methods="2" coveredmethods="2"/>
        <line num="17" count="8" type="stmt"/>
        <line num="18" count="8" type="stmt"/>
        <line num="19" count="8" type="stmt"/>
        <line num="20" count="8" type="stmt"/>
      </file>
      <file name="ScanQRCodeUseCase.ts" path="C:\Users\Alvaro\OneDrive\Área de Trabalho\QrHunters\src\core\domain\use-cases\ScanQRCodeUseCase.ts">
        <metrics statements="4" coveredstatements="4" conditionals="0" coveredconditionals="0" methods="2" coveredmethods="2"/>
        <line num="13" count="2" type="stmt"/>
        <line num="15" count="2" type="stmt"/>
        <line num="16" count="2" type="stmt"/>
        <line num="18" count="2" type="stmt"/>
      </file>
      <file name="StartJourneyUseCase.ts" path="C:\Users\Alvaro\OneDrive\Área de Trabalho\QrHunters\src\core\domain\use-cases\StartJourneyUseCase.ts">
        <metrics statements="2" coveredstatements="2" conditionals="0" coveredconditionals="0" methods="2" coveredmethods="2"/>
        <line num="8" count="2" type="stmt"/>
        <line num="9" count="2" type="stmt"/>
      </file>
      <file name="UpdateProfileUseCase.ts" path="C:\Users\Alvaro\OneDrive\Área de Trabalho\QrHunters\src\core\domain\use-cases\UpdateProfileUseCase.ts">
        <metrics statements="4" coveredstatements="4" conditionals="0" coveredconditionals="0" methods="2" coveredmethods="2"/>
        <line num="14" count="1" type="stmt"/>
        <line num="16" count="1" type="stmt"/>
        <line num="17" count="1" type="stmt"/>
        <line num="19" count="1" type="stmt"/>
      </file>
    </package>
    <package name="core.domain.value-objects">
      <metrics statements="38" coveredstatements="38" conditionals="18" coveredconditionals="18" methods="28" coveredmethods="28"/>
      <file name="Code.ts" path="C:\Users\Alvaro\OneDrive\Área de Trabalho\QrHunters\src\core\domain\value-objects\Code.ts">
        <metrics statements="5" coveredstatements="5" conditionals="2" coveredconditionals="2" methods="4" coveredmethods="4"/>
        <line num="3" count="17" type="cond" truecount="2" falsecount="0"/>
        <line num="4" count="2" type="stmt"/>
        <line num="9" count="17" type="stmt"/>
        <line num="13" count="17" type="stmt"/>
        <line num="17" count="5" type="stmt"/>
      </file>
      <file name="Email.ts" path="C:\Users\Alvaro\OneDrive\Área de Trabalho\QrHunters\src\core\domain\value-objects\Email.ts">
        <metrics statements="6" coveredstatements="6" conditionals="2" coveredconditionals="2" methods="4" coveredmethods="4"/>
        <line num="3" count="30" type="cond" truecount="2" falsecount="0"/>
        <line num="4" count="4" type="stmt"/>
        <line num="9" count="30" type="stmt"/>
        <line num="14" count="30" type="stmt"/>
        <line num="15" count="30" type="stmt"/>
        <line num="19" count="7" type="stmt"/>
      </file>
      <file name="Latitude.ts" path="C:\Users\Alvaro\OneDrive\Área de Trabalho\QrHunters\src\core\domain\value-objects\Latitude.ts">
        <metrics statements="5" coveredstatements="5" conditionals="4" coveredconditionals="4" methods="4" coveredmethods="4"/>
        <line num="3" count="32" type="cond" truecount="2" falsecount="0"/>
        <line num="4" count="2" type="stmt"/>
        <line num="9" count="32" type="stmt"/>
        <line num="13" count="32" type="cond" truecount="2" falsecount="0"/>
        <line num="17" count="2" type="stmt"/>
      </file>
      <file name="Location.ts" path="C:\Users\Alvaro\OneDrive\Área de Trabalho\QrHunters\src\core\domain\value-objects\Location.ts">
        <metrics statements="5" coveredstatements="5" conditionals="2" coveredconditionals="2" methods="4" coveredmethods="4"/>
        <line num="3" count="17" type="cond" truecount="2" falsecount="0"/>
        <line num="4" count="2" type="stmt"/>
        <line num="9" count="17" type="stmt"/>
        <line num="13" count="17" type="stmt"/>
        <line num="17" count="2" type="stmt"/>
      </file>
      <file name="Longitude.ts" path="C:\Users\Alvaro\OneDrive\Área de Trabalho\QrHunters\src\core\domain\value-objects\Longitude.ts">
        <metrics statements="5" coveredstatements="5" conditionals="4" coveredconditionals="4" methods="4" coveredmethods="4"/>
        <line num="3" count="32" type="cond" truecount="2" falsecount="0"/>
        <line num="4" count="2" type="stmt"/>
        <line num="9" count="32" type="stmt"/>
        <line num="13" count="32" type="cond" truecount="2" falsecount="0"/>
        <line num="17" count="2" type="stmt"/>
      </file>
      <file name="Name.ts" path="C:\Users\Alvaro\OneDrive\Área de Trabalho\QrHunters\src\core\domain\value-objects\Name.ts">
        <metrics statements="6" coveredstatements="6" conditionals="2" coveredconditionals="2" methods="4" coveredmethods="4"/>
        <line num="3" count="22" type="cond" truecount="2" falsecount="0"/>
        <line num="4" count="3" type="stmt"/>
        <line num="9" count="22" type="stmt"/>
        <line num="13" count="22" type="stmt"/>
        <line num="14" count="22" type="stmt"/>
        <line num="18" count="2" type="stmt"/>
      </file>
      <file name="Password.ts" path="C:\Users\Alvaro\OneDrive\Área de Trabalho\QrHunters\src\core\domain\value-objects\Password.ts">
        <metrics statements="6" coveredstatements="6" conditionals="2" coveredconditionals="2" methods="4" coveredmethods="4"/>
        <line num="3" count="30" type="cond" truecount="2" falsecount="0"/>
        <line num="4" count="6" type="stmt"/>
        <line num="9" count="30" type="stmt"/>
        <line num="14" count="30" type="stmt"/>
        <line num="15" count="30" type="stmt"/>
        <line num="19" count="5" type="stmt"/>
      </file>
    </package>
    <package name="core.factories">
      <metrics statements="21" coveredstatements="21" conditionals="0" coveredconditionals="0" methods="4" coveredmethods="4"/>
      <file name="AuthFactory.ts" path="C:\Users\Alvaro\OneDrive\Área de Trabalho\QrHunters\src\core\factories\AuthFactory.ts">
        <metrics statements="7" coveredstatements="7" conditionals="0" coveredconditionals="0" methods="1" coveredmethods="1"/>
        <line num="10" count="57" type="stmt"/>
        <line num="12" count="57" type="stmt"/>
        <line num="13" count="57" type="stmt"/>
        <line num="14" count="57" type="stmt"/>
        <line num="15" count="57" type="stmt"/>
        <line num="16" count="57" type="stmt"/>
        <line num="18" count="57" type="stmt"/>
      </file>
      <file name="JourneyFactory.ts" path="C:\Users\Alvaro\OneDrive\Área de Trabalho\QrHunters\src\core\factories\JourneyFactory.ts">
        <metrics statements="7" coveredstatements="7" conditionals="0" coveredconditionals="0" methods="1" coveredmethods="1"/>
        <line num="10" count="9" type="stmt"/>
        <line num="12" count="9" type="stmt"/>
        <line num="13" count="9" type="stmt"/>
        <line num="14" count="9" type="stmt"/>
        <line num="15" count="9" type="stmt"/>
        <line num="16" count="9" type="stmt"/>
        <line num="18" count="9" type="stmt"/>
      </file>
      <file name="ProgressFactory.ts" path="C:\Users\Alvaro\OneDrive\Área de Trabalho\QrHunters\src\core\factories\ProgressFactory.ts">
        <metrics statements="3" coveredstatements="3" conditionals="0" coveredconditionals="0" methods="1" coveredmethods="1"/>
        <line num="6" count="3" type="stmt"/>
        <line num="8" count="3" type="stmt"/>
        <line num="10" count="3" type="stmt"/>
      </file>
      <file name="QRCodeFactory.ts" path="C:\Users\Alvaro\OneDrive\Área de Trabalho\QrHunters\src\core\factories\QRCodeFactory.ts">
        <metrics statements="4" coveredstatements="4" conditionals="0" coveredconditionals="0" methods="1" coveredmethods="1"/>
        <line num="7" count="4" type="stmt"/>
        <line num="9" count="4" type="stmt"/>
        <line num="10" count="4" type="stmt"/>
        <line num="12" count="4" type="stmt"/>
      </file>
      <file name="index.ts" path="C:\Users\Alvaro\OneDrive\Área de Trabalho\QrHunters\src\core\factories\index.ts">
        <metrics statements="0" coveredstatements="0" conditionals="0" coveredconditionals="0" methods="0" coveredmethods="0"/>
      </file>
    </package>
    <package name="core.infra.repositories">
      <metrics statements="96" coveredstatements="89" conditionals="36" coveredconditionals="28" methods="44" coveredmethods="44"/>
      <file name="AuthRepositoryMock.ts" path="C:\Users\Alvaro\OneDrive\Área de Trabalho\QrHunters\src\core\infra\repositories\AuthRepositoryMock.ts">
        <metrics statements="35" coveredstatements="32" conditionals="16" coveredconditionals="13" methods="16" coveredmethods="16"/>
        <line num="9" count="10" type="stmt"/>
        <line num="14" count="73" type="cond" truecount="2" falsecount="0"/>
        <line num="15" count="10" type="stmt"/>
        <line num="17" count="73" type="stmt"/>
        <line num="21" count="4" type="cond" truecount="2" falsecount="0"/>
        <line num="22" count="4" type="cond" truecount="2" falsecount="0"/>
        <line num="23" count="2" type="stmt"/>
        <line num="25" count="2" type="stmt"/>
        <line num="29" count="9" type="stmt"/>
        <line num="30" count="9" type="cond" truecount="2" falsecount="0"/>
        <line num="31" count="1" type="stmt"/>
        <line num="33" count="8" type="stmt"/>
        <line num="34" count="8" type="stmt"/>
        <line num="35" count="8" type="stmt"/>
        <line num="39" count="1" type="stmt"/>
        <line num="40" count="1" type="cond" truecount="1" falsecount="1"/>
        <line num="41" count="1" type="stmt"/>
        <line num="42" count="1" type="stmt"/>
        <line num="43" count="1" type="stmt"/>
        <line num="44" count="1" type="stmt"/>
        <line num="46" count="0" type="stmt"/>
        <line num="50" count="1" type="stmt"/>
        <line num="51" count="1" type="cond" truecount="3" falsecount="1"/>
        <line num="52" count="1" type="stmt"/>
        <line num="53" count="1" type="stmt"/>
        <line num="54" count="1" type="stmt"/>
        <line num="55" count="1" type="stmt"/>
        <line num="57" count="0" type="stmt"/>
        <line num="61" count="1" type="stmt"/>
        <line num="62" count="1" type="cond" truecount="1" falsecount="1"/>
        <line num="63" count="1" type="stmt"/>
        <line num="64" count="1" type="stmt"/>
        <line num="66" count="0" type="stmt"/>
        <line num="70" count="2" type="stmt"/>
        <line num="74" count="13" type="stmt"/>
      </file>
      <file name="JourneyRepositoryMock.ts" path="C:\Users\Alvaro\OneDrive\Área de Trabalho\QrHunters\src\core\infra\repositories\JourneyRepositoryMock.ts">
        <metrics statements="40" coveredstatements="36" conditionals="14" coveredconditionals="9" methods="16" coveredmethods="16"/>
        <line num="9" count="4" type="stmt"/>
        <line num="38" count="9" type="cond" truecount="2" falsecount="0"/>
        <line num="39" count="4" type="stmt"/>
        <line num="41" count="9" type="stmt"/>
        <line num="45" count="3" type="stmt"/>
        <line num="49" count="4" type="stmt"/>
        <line num="53" count="2" type="stmt"/>
        <line num="54" count="2" type="cond" truecount="1" falsecount="1"/>
        <line num="55" count="0" type="stmt"/>
        <line num="57" count="2" type="stmt"/>
        <line num="59" count="2" type="stmt"/>
        <line num="62" count="6" type="stmt"/>
        <line num="67" count="2" type="stmt"/>
        <line num="68" count="2" type="stmt"/>
        <line num="72" count="1" type="stmt"/>
        <line num="73" count="1" type="cond" truecount="1" falsecount="1"/>
        <line num="74" count="0" type="stmt"/>
        <line num="76" count="1" type="stmt"/>
        <line num="78" count="1" type="stmt"/>
        <line num="79" count="1" type="cond" truecount="1" falsecount="1"/>
        <line num="80" count="0" type="stmt"/>
        <line num="83" count="1" type="stmt"/>
        <line num="84" count="3" type="cond" truecount="2" falsecount="0"/>
        <line num="85" count="1" type="stmt"/>
        <line num="87" count="2" type="stmt"/>
        <line num="90" count="1" type="stmt"/>
        <line num="91" count="1" type="cond" truecount="1" falsecount="1"/>
        <line num="92" count="1" type="stmt"/>
        <line num="95" count="2" type="stmt"/>
        <line num="97" count="1" type="stmt"/>
        <line num="106" count="1" type="stmt"/>
        <line num="107" count="1" type="stmt"/>
        <line num="111" count="1" type="stmt"/>
        <line num="112" count="1" type="cond" truecount="1" falsecount="1"/>
        <line num="113" count="0" type="stmt"/>
        <line num="115" count="1" type="stmt"/>
        <line num="117" count="3" type="stmt"/>
        <line num="119" count="1" type="stmt"/>
        <line num="128" count="1" type="stmt"/>
        <line num="129" count="1" type="stmt"/>
      </file>
      <file name="ProgressRepositoryMock.ts" path="C:\Users\Alvaro\OneDrive\Área de Trabalho\QrHunters\src\core\infra\repositories\ProgressRepositoryMock.ts">
        <metrics statements="9" coveredstatements="9" conditionals="2" coveredconditionals="2" methods="6" coveredmethods="6"/>
        <line num="13" count="2" type="stmt"/>
        <line num="40" count="2" type="stmt"/>
        <line num="49" count="3" type="cond" truecount="2" falsecount="0"/>
        <line num="50" count="2" type="stmt"/>
        <line num="52" count="3" type="stmt"/>
        <line num="56" count="3" type="stmt"/>
        <line num="57" count="9" type="stmt"/>
        <line num="58" count="4" type="stmt"/>
        <line num="60" count="9" type="stmt"/>
      </file>
      <file name="QRCodeRepositoryMock.ts" path="C:\Users\Alvaro\OneDrive\Área de Trabalho\QrHunters\src\core\infra\repositories\QRCodeRepositoryMock.ts">
        <metrics statements="12" coveredstatements="12" conditionals="4" coveredconditionals="4" methods="6" coveredmethods="6"/>
        <line num="8" count="1" type="stmt"/>
        <line num="30" count="4" type="cond" truecount="2" falsecount="0"/>
        <line num="31" count="1" type="stmt"/>
        <line num="33" count="4" type="stmt"/>
        <line num="37" count="3" type="stmt"/>
        <line num="39" count="2" type="cond" truecount="2" falsecount="0"/>
        <line num="40" count="1" type="stmt"/>
        <line num="48" count="1" type="stmt"/>
        <line num="51" count="1" type="stmt"/>
        <line num="59" count="1" type="stmt"/>
        <line num="60" count="1" type="stmt"/>
        <line num="64" count="4" type="stmt"/>
      </file>
    </package>
    <package name="screens">
      <metrics statements="162" coveredstatements="137" conditionals="48" coveredconditionals="30" methods="44" coveredmethods="32"/>
      <file name="HistoryScreen.tsx" path="C:\Users\Alvaro\OneDrive\Área de Trabalho\QrHunters\src\screens\HistoryScreen.tsx">
        <metrics statements="6" coveredstatements="5" conditionals="0" coveredconditionals="0" methods="2" coveredmethods="1"/>
        <line num="6" count="1" type="stmt"/>
        <line num="7" count="1" type="stmt"/>
        <line num="8" count="1" type="stmt"/>
        <line num="9" count="0" type="stmt"/>
        <line num="11" count="1" type="stmt"/>
        <line num="27" count="1" type="stmt"/>
      </file>
      <file name="HomeScreen.tsx" path="C:\Users\Alvaro\OneDrive\Área de Trabalho\QrHunters\src\screens\HomeScreen.tsx">
        <metrics statements="19" coveredstatements="17" conditionals="0" coveredconditionals="0" methods="9" coveredmethods="7"/>
        <line num="11" count="2" type="stmt"/>
        <line num="12" count="6" type="stmt"/>
        <line num="13" count="6" type="stmt"/>
        <line num="15" count="6" type="stmt"/>
        <line num="16" count="3" type="stmt"/>
        <line num="17" count="3" type="stmt"/>
        <line num="18" count="3" type="stmt"/>
        <line num="19" count="3" type="stmt"/>
        <line num="22" count="3" type="stmt"/>
        <line num="25" count="6" type="stmt"/>
        <line num="26" count="1" type="stmt"/>
        <line num="29" count="6" type="stmt"/>
        <line num="30" count="6" type="stmt"/>
        <line num="43" count="6" type="stmt"/>
        <line num="44" count="0" type="stmt"/>
        <line num="47" count="6" type="stmt"/>
        <line num="61" count="9" type="stmt"/>
        <line num="65" count="0" type="stmt"/>
        <line num="72" count="2" type="stmt"/>
      </file>
      <file name="LoginScreen.tsx" path="C:\Users\Alvaro\OneDrive\Área de Trabalho\QrHunters\src\screens\LoginScreen.tsx">
        <metrics statements="17" coveredstatements="17" conditionals="6" coveredconditionals="5" methods="3" coveredmethods="3"/>
        <line num="25" count="2" type="stmt"/>
        <line num="26" count="18" type="stmt"/>
        <line num="27" count="18" type="stmt"/>
        <line num="28" count="18" type="stmt"/>
        <line num="29" count="18" type="stmt"/>
        <line num="31" count="18" type="stmt"/>
        <line num="35" count="18" type="stmt"/>
        <line num="36" count="5" type="cond" truecount="4" falsecount="0"/>
        <line num="37" count="1" type="stmt"/>
        <line num="38" count="1" type="stmt"/>
        <line num="41" count="4" type="stmt"/>
        <line num="42" count="4" type="stmt"/>
        <line num="45" count="3" type="stmt"/>
        <line num="49" count="18" type="stmt"/>
        <line num="50" count="1" type="stmt"/>
        <line num="53" count="18" type="stmt"/>
        <line num="105" count="2" type="stmt"/>
      </file>
      <file name="ProfileScreen.tsx" path="C:\Users\Alvaro\OneDrive\Área de Trabalho\QrHunters\src\screens\ProfileScreen.tsx">
        <metrics statements="32" coveredstatements="25" conditionals="14" coveredconditionals="8" methods="5" coveredmethods="4"/>
        <line num="22" count="1" type="stmt"/>
        <line num="23" count="13" type="stmt"/>
        <line num="24" count="13" type="stmt"/>
        <line num="25" count="13" type="stmt"/>
        <line num="26" count="2" type="cond" truecount="1" falsecount="1"/>
        <line num="27" count="2" type="stmt"/>
        <line num="36" count="0" type="stmt"/>
        <line num="37" count="0" type="stmt"/>
        <line num="38" count="0" type="cond" truecount="0" falsecount="2"/>
        <line num="39" count="0" type="stmt"/>
        <line num="40" count="0" type="stmt"/>
        <line num="41" count="0" type="stmt"/>
        <line num="43" count="0" type="stmt"/>
        <line num="50" count="13" type="stmt"/>
        <line num="51" count="13" type="stmt"/>
        <line num="53" count="13" type="stmt"/>
        <line num="54" count="1" type="stmt"/>
        <line num="57" count="13" type="stmt"/>
        <line num="58" count="3" type="cond" truecount="2" falsecount="0"/>
        <line num="59" count="1" type="stmt"/>
        <line num="60" count="1" type="stmt"/>
        <line num="63" count="2" type="cond" truecount="1" falsecount="1"/>
        <line num="64" count="2" type="stmt"/>
        <line num="65" count="2" type="cond" truecount="1" falsecount="1"/>
        <line num="66" count="2" type="stmt"/>
        <line num="67" count="2" type="cond" truecount="2" falsecount="0"/>
        <line num="68" count="1" type="stmt"/>
        <line num="69" count="1" type="stmt"/>
        <line num="70" count="1" type="stmt"/>
        <line num="72" count="1" type="stmt"/>
        <line num="77" count="13" type="stmt"/>
        <line num="145" count="1" type="stmt"/>
      </file>
      <file name="ProgressScreen.tsx" path="C:\Users\Alvaro\OneDrive\Área de Trabalho\QrHunters\src\screens\ProgressScreen.tsx">
        <metrics statements="16" coveredstatements="15" conditionals="6" coveredconditionals="6" methods="6" coveredmethods="5"/>
        <line num="19" count="1" type="stmt"/>
        <line num="20" count="2" type="stmt"/>
        <line num="21" count="2" type="stmt"/>
        <line num="23" count="2" type="stmt"/>
        <line num="24" count="1" type="stmt"/>
        <line num="25" count="1" type="stmt"/>
        <line num="26" count="1" type="stmt"/>
        <line num="27" count="1" type="stmt"/>
        <line num="30" count="1" type="stmt"/>
        <line num="33" count="2" type="stmt"/>
        <line num="34" count="0" type="stmt"/>
        <line num="37" count="2" type="stmt"/>
        <line num="38" count="2" type="stmt"/>
        <line num="62" count="2" type="stmt"/>
        <line num="76" count="2" type="stmt"/>
        <line num="82" count="1" type="stmt"/>
      </file>
      <file name="RegisterScreen.tsx" path="C:\Users\Alvaro\OneDrive\Área de Trabalho\QrHunters\src\screens\RegisterScreen.tsx">
        <metrics statements="23" coveredstatements="17" conditionals="10" coveredconditionals="7" methods="4" coveredmethods="3"/>
        <line num="27" count="1" type="stmt"/>
        <line num="28" count="5" type="stmt"/>
        <line num="29" count="5" type="stmt"/>
        <line num="30" count="5" type="stmt"/>
        <line num="31" count="5" type="stmt"/>
        <line num="32" count="5" type="stmt"/>
        <line num="33" count="5" type="stmt"/>
        <line num="34" count="5" type="stmt"/>
        <line num="36" count="5" type="stmt"/>
        <line num="37" count="1" type="cond" truecount="5" falsecount="1"/>
        <line num="38" count="0" type="stmt"/>
        <line num="39" count="0" type="stmt"/>
        <line num="42" count="1" type="cond" truecount="1" falsecount="1"/>
        <line num="43" count="0" type="stmt"/>
        <line num="44" count="0" type="stmt"/>
        <line num="47" count="1" type="stmt"/>
        <line num="48" count="1" type="stmt"/>
        <line num="49" count="1" type="stmt"/>
        <line num="52" count="1" type="stmt"/>
        <line num="55" count="0" type="stmt"/>
        <line num="59" count="5" type="stmt"/>
        <line num="118" count="0" type="stmt"/>
        <line num="127" count="1" type="stmt"/>
      </file>
      <file name="RewardsScreen.tsx" path="C:\Users\Alvaro\OneDrive\Área de Trabalho\QrHunters\src\screens\RewardsScreen.tsx">
        <metrics statements="6" coveredstatements="5" conditionals="0" coveredconditionals="0" methods="2" coveredmethods="1"/>
        <line num="6" count="1" type="stmt"/>
        <line num="7" count="1" type="stmt"/>
        <line num="8" count="1" type="stmt"/>
        <line num="9" count="0" type="stmt"/>
        <line num="11" count="1" type="stmt"/>
        <line num="27" count="1" type="stmt"/>
      </file>
      <file name="RouteScreen.tsx" path="C:\Users\Alvaro\OneDrive\Área de Trabalho\QrHunters\src\screens\RouteScreen.tsx">
        <metrics statements="21" coveredstatements="16" conditionals="8" coveredconditionals="4" methods="7" coveredmethods="3"/>
        <line num="23" count="1" type="stmt"/>
        <line num="24" count="1" type="stmt"/>
        <line num="25" count="1" type="stmt"/>
        <line num="26" count="1" type="stmt"/>
        <line num="28" count="1" type="stmt"/>
        <line num="30" count="1" type="stmt"/>
        <line num="31" count="1" type="stmt"/>
        <line num="32" count="1" type="cond" truecount="1" falsecount="1"/>
        <line num="33" count="1" type="stmt"/>
        <line num="34" count="1" type="stmt"/>
        <line num="35" count="1" type="cond" truecount="1" falsecount="1"/>
        <line num="36" count="0" type="stmt"/>
        <line num="40" count="1" type="stmt"/>
        <line num="43" count="1" type="stmt"/>
        <line num="44" count="0" type="stmt"/>
        <line num="47" count="1" type="stmt"/>
        <line num="49" count="0" type="stmt"/>
        <line num="52" count="1" type="stmt"/>
        <line num="70" count="0" type="stmt"/>
        <line num="84" count="0" type="cond" truecount="1" falsecount="1"/>
        <line num="106" count="1" type="stmt"/>
      </file>
      <file name="ScannerScreen.tsx" path="C:\Users\Alvaro\OneDrive\Área de Trabalho\QrHunters\src\screens\ScannerScreen.tsx">
        <metrics statements="13" coveredstatements="13" conditionals="0" coveredconditionals="0" methods="3" coveredmethods="3"/>
        <line num="18" count="1" type="stmt"/>
        <line num="19" count="1" type="stmt"/>
        <line num="21" count="1" type="stmt"/>
        <line num="22" count="4" type="stmt"/>
        <line num="23" count="4" type="stmt"/>
        <line num="25" count="4" type="stmt"/>
        <line num="26" count="1" type="stmt"/>
        <line num="29" count="4" type="stmt"/>
        <line num="31" count="1" type="stmt"/>
        <line num="32" count="1" type="stmt"/>
        <line num="34" count="1" type="stmt"/>
        <line num="41" count="4" type="stmt"/>
        <line num="93" count="1" type="stmt"/>
      </file>
      <file name="SplashScreen.tsx" path="C:\Users\Alvaro\OneDrive\Área de Trabalho\QrHunters\src\screens\SplashScreen.tsx">
        <metrics statements="9" coveredstatements="7" conditionals="4" coveredconditionals="0" methods="3" coveredmethods="2"/>
        <line num="10" count="1" type="stmt"/>
        <line num="11" count="1" type="stmt"/>
        <line num="12" count="1" type="stmt"/>
        <line num="14" count="1" type="stmt"/>
        <line num="15" count="1" type="stmt"/>
        <line num="36" count="0" type="cond" truecount="0" falsecount="4"/>
        <line num="37" count="0" type="stmt"/>
        <line num="42" count="1" type="stmt"/>
        <line num="63" count="1" type="stmt"/>
      </file>
    </package>
    <package name="theme">
      <metrics statements="1" coveredstatements="1" conditionals="0" coveredconditionals="0" methods="0" coveredmethods="0"/>
      <file name="theme.ts" path="C:\Users\Alvaro\OneDrive\Área de Trabalho\QrHunters\src\theme\theme.ts">
        <metrics statements="1" coveredstatements="1" conditionals="0" coveredconditionals="0" methods="0" coveredmethods="0"/>
        <line num="7" count="11" type="stmt"/>
      </file>
    </package>
  </project>
</coverage>
