{"/home/alvin/interfaceqrhunters/src/core/domain/entities/Journey.ts": {"path":"/home/alvin/interfaceqrhunters/src/core/domain/entities/Journey.ts","statementMap":{"0":{"start":{"line":21,"column":4},"end":{"line":21,"column":86}},"1":{"start":{"line":25,"column":4},"end":{"line":25,"column":102}},"2":{"start":{"line":29,"column":4},"end":{"line":29,"column":104}},"3":{"start":{"line":33,"column":4},"end":{"line":33,"column":118}}},"fnMap":{"0":{"name":"(anonymous_0)","decl":{"start":{"line":4,"column":2},"end":{"line":4,"column":3}},"loc":{"start":{"line":11,"column":4},"end":{"line":11,"column":7}},"line":11},"1":{"name":"(anonymous_1)","decl":{"start":{"line":13,"column":2},"end":{"line":13,"column":3}},"loc":{"start":{"line":20,"column":13},"end":{"line":22,"column":3}},"line":20},"2":{"name":"(anonymous_2)","decl":{"start":{"line":24,"column":2},"end":{"line":24,"column":3}},"loc":{"start":{"line":24,"column":53},"end":{"line":26,"column":3}},"line":24},"3":{"name":"(anonymous_3)","decl":{"start":{"line":28,"column":2},"end":{"line":28,"column":3}},"loc":{"start":{"line":28,"column":29},"end":{"line":30,"column":3}},"line":28},"4":{"name":"(anonymous_4)","decl":{"start":{"line":32,"column":2},"end":{"line":32,"column":3}},"loc":{"start":{"line":32,"column":55},"end":{"line":34,"column":3}},"line":32}},"branchMap":{},"s":{"0":10,"1":1,"2":1,"3":1},"f":{"0":13,"1":10,"2":1,"3":1,"4":1},"b":{},"_coverageSchema":"1a1c01bbd47fc00a2c39e90264f33305004495a9","hash":"abe52de288d8ba4104f9084d2fdee41a5dcb04cf"}
,"/home/alvin/interfaceqrhunters/src/core/domain/entities/JourneyPoint.ts": {"path":"/home/alvin/interfaceqrhunters/src/core/domain/entities/JourneyPoint.ts","statementMap":{"0":{"start":{"line":22,"column":4},"end":{"line":22,"column":85}}},"fnMap":{"0":{"name":"(anonymous_0)","decl":{"start":{"line":5,"column":2},"end":{"line":5,"column":3}},"loc":{"start":{"line":12,"column":4},"end":{"line":12,"column":7}},"line":12},"1":{"name":"(anonymous_1)","decl":{"start":{"line":14,"column":2},"end":{"line":14,"column":3}},"loc":{"start":{"line":21,"column":18},"end":{"line":23,"column":3}},"line":21}},"branchMap":{},"s":{"0":25},"f":{"0":25,"1":25},"b":{},"_coverageSchema":"1a1c01bbd47fc00a2c39e90264f33305004495a9","hash":"f5c5b7ccdaabd909bab1f533d2428b5e685d46ec"}
,"/home/alvin/interfaceqrhunters/src/core/domain/entities/QRCode.ts": {"path":"/home/alvin/interfaceqrhunters/src/core/domain/entities/QRCode.ts","statementMap":{"0":{"start":{"line":22,"column":4},"end":{"line":22,"column":74}}},"fnMap":{"0":{"name":"(anonymous_0)","decl":{"start":{"line":5,"column":2},"end":{"line":5,"column":3}},"loc":{"start":{"line":12,"column":4},"end":{"line":12,"column":7}},"line":12},"1":{"name":"(anonymous_1)","decl":{"start":{"line":14,"column":2},"end":{"line":14,"column":3}},"loc":{"start":{"line":21,"column":12},"end":{"line":23,"column":3}},"line":21}},"branchMap":{},"s":{"0":8},"f":{"0":8,"1":8},"b":{},"_coverageSchema":"1a1c01bbd47fc00a2c39e90264f33305004495a9","hash":"19c02172466897ea5e35c92083e3238b27296c9b"}
,"/home/alvin/interfaceqrhunters/src/core/domain/entities/User.ts": {"path":"/home/alvin/interfaceqrhunters/src/core/domain/entities/User.ts","statementMap":{"0":{"start":{"line":19,"column":8},"end":{"line":19,"column":51}},"1":{"start":{"line":24,"column":8},"end":{"line":24,"column":69}},"2":{"start":{"line":29,"column":8},"end":{"line":29,"column":69}},"3":{"start":{"line":34,"column":8},"end":{"line":34,"column":69}}},"fnMap":{"0":{"name":"(anonymous_0)","decl":{"start":{"line":6,"column":4},"end":{"line":6,"column":5}},"loc":{"start":{"line":11,"column":6},"end":{"line":11,"column":9}},"line":11},"1":{"name":"(anonymous_1)","decl":{"start":{"line":13,"column":4},"end":{"line":13,"column":5}},"loc":{"start":{"line":18,"column":12},"end":{"line":20,"column":5}},"line":18},"2":{"name":"(anonymous_2)","decl":{"start":{"line":23,"column":4},"end":{"line":23,"column":5}},"loc":{"start":{"line":23,"column":36},"end":{"line":25,"column":5}},"line":23},"3":{"name":"(anonymous_3)","decl":{"start":{"line":28,"column":4},"end":{"line":28,"column":5}},"loc":{"start":{"line":28,"column":39},"end":{"line":30,"column":5}},"line":28},"4":{"name":"(anonymous_4)","decl":{"start":{"line":33,"column":4},"end":{"line":33,"column":5}},"loc":{"start":{"line":33,"column":48},"end":{"line":35,"column":5}},"line":33}},"branchMap":{},"s":{"0":11,"1":1,"2":1,"3":1},"f":{"0":14,"1":11,"2":1,"3":1,"4":1},"b":{},"_coverageSchema":"1a1c01bbd47fc00a2c39e90264f33305004495a9","hash":"dba1b394d30c86ad26f5d710f7acf91a90ea16ce"}
,"/home/alvin/interfaceqrhunters/src/core/domain/use-cases/ChangePasswordUseCase.ts": {"path":"/home/alvin/interfaceqrhunters/src/core/domain/use-cases/ChangePasswordUseCase.ts","statementMap":{"0":{"start":{"line":12,"column":49},"end":{"line":12,"column":55}},"1":{"start":{"line":14,"column":26},"end":{"line":14,"column":54}},"2":{"start":{"line":15,"column":26},"end":{"line":15,"column":54}},"3":{"start":{"line":17,"column":4},"end":{"line":21,"column":6}}},"fnMap":{"0":{"name":"(anonymous_0)","decl":{"start":{"line":5,"column":2},"end":{"line":5,"column":3}},"loc":{"start":{"line":5,"column":63},"end":{"line":5,"column":65}},"line":5},"1":{"name":"(anonymous_1)","decl":{"start":{"line":7,"column":2},"end":{"line":7,"column":3}},"loc":{"start":{"line":11,"column":23},"end":{"line":22,"column":3}},"line":11}},"branchMap":{},"s":{"0":1,"1":1,"2":1,"3":1},"f":{"0":6,"1":1},"b":{},"_coverageSchema":"1a1c01bbd47fc00a2c39e90264f33305004495a9","hash":"a9e6a14e3d8ce285ace4aed4c375de613ccbb45d"}
,"/home/alvin/interfaceqrhunters/src/core/domain/use-cases/CompleteJourneyPointUseCase.ts": {"path":"/home/alvin/interfaceqrhunters/src/core/domain/use-cases/CompleteJourneyPointUseCase.ts","statementMap":{"0":{"start":{"line":11,"column":35},"end":{"line":11,"column":41}},"1":{"start":{"line":12,"column":4},"end":{"line":12,"column":75}}},"fnMap":{"0":{"name":"(anonymous_0)","decl":{"start":{"line":5,"column":2},"end":{"line":5,"column":3}},"loc":{"start":{"line":5,"column":69},"end":{"line":5,"column":71}},"line":5},"1":{"name":"(anonymous_1)","decl":{"start":{"line":7,"column":2},"end":{"line":7,"column":3}},"loc":{"start":{"line":10,"column":23},"end":{"line":13,"column":3}},"line":10}},"branchMap":{},"s":{"0":1,"1":1},"f":{"0":5,"1":1},"b":{},"_coverageSchema":"1a1c01bbd47fc00a2c39e90264f33305004495a9","hash":"6ec5a30db80f394f09ec31b1c3013cdd95ab6549"}
,"/home/alvin/interfaceqrhunters/src/core/domain/use-cases/DeleteAccountUseCase.ts": {"path":"/home/alvin/interfaceqrhunters/src/core/domain/use-cases/DeleteAccountUseCase.ts","statementMap":{"0":{"start":{"line":7,"column":23},"end":{"line":7,"column":29}},"1":{"start":{"line":8,"column":4},"end":{"line":8,"column":53}}},"fnMap":{"0":{"name":"(anonymous_0)","decl":{"start":{"line":4,"column":2},"end":{"line":4,"column":3}},"loc":{"start":{"line":4,"column":63},"end":{"line":4,"column":65}},"line":4},"1":{"name":"(anonymous_1)","decl":{"start":{"line":6,"column":2},"end":{"line":6,"column":3}},"loc":{"start":{"line":6,"column":62},"end":{"line":9,"column":3}},"line":6}},"branchMap":{},"s":{"0":1,"1":1},"f":{"0":6,"1":1},"b":{},"_coverageSchema":"1a1c01bbd47fc00a2c39e90264f33305004495a9","hash":"71cd35273d33ea33cee09da285d13bd19d6f2187"}
,"/home/alvin/interfaceqrhunters/src/core/domain/use-cases/FinishJourneyUseCase.ts": {"path":"/home/alvin/interfaceqrhunters/src/core/domain/use-cases/FinishJourneyUseCase.ts","statementMap":{"0":{"start":{"line":8,"column":26},"end":{"line":8,"column":32}},"1":{"start":{"line":9,"column":4},"end":{"line":9,"column":59}}},"fnMap":{"0":{"name":"(anonymous_0)","decl":{"start":{"line":5,"column":2},"end":{"line":5,"column":3}},"loc":{"start":{"line":5,"column":69},"end":{"line":5,"column":71}},"line":5},"1":{"name":"(anonymous_1)","decl":{"start":{"line":7,"column":2},"end":{"line":7,"column":3}},"loc":{"start":{"line":7,"column":65},"end":{"line":10,"column":3}},"line":7}},"branchMap":{},"s":{"0":1,"1":1},"f":{"0":5,"1":1},"b":{},"_coverageSchema":"1a1c01bbd47fc00a2c39e90264f33305004495a9","hash":"e3ed56f7a5144ecf2cc837e494cdb99ea0b72f1e"}
,"/home/alvin/interfaceqrhunters/src/core/domain/use-cases/GetAllJourneysUseCase.ts": {"path":"/home/alvin/interfaceqrhunters/src/core/domain/use-cases/GetAllJourneysUseCase.ts","statementMap":{"0":{"start":{"line":8,"column":4},"end":{"line":8,"column":51}}},"fnMap":{"0":{"name":"(anonymous_0)","decl":{"start":{"line":5,"column":2},"end":{"line":5,"column":3}},"loc":{"start":{"line":5,"column":69},"end":{"line":5,"column":71}},"line":5},"1":{"name":"(anonymous_1)","decl":{"start":{"line":7,"column":2},"end":{"line":7,"column":3}},"loc":{"start":{"line":7,"column":38},"end":{"line":9,"column":3}},"line":7}},"branchMap":{},"s":{"0":1},"f":{"0":5,"1":1},"b":{},"_coverageSchema":"1a1c01bbd47fc00a2c39e90264f33305004495a9","hash":"f4b97b0b672697f56b91873ec8788d0613ddd5f9"}
,"/home/alvin/interfaceqrhunters/src/core/domain/use-cases/GetJourneyUseCase.ts": {"path":"/home/alvin/interfaceqrhunters/src/core/domain/use-cases/GetJourneyUseCase.ts","statementMap":{"0":{"start":{"line":8,"column":26},"end":{"line":8,"column":32}},"1":{"start":{"line":9,"column":4},"end":{"line":9,"column":56}}},"fnMap":{"0":{"name":"(anonymous_0)","decl":{"start":{"line":5,"column":2},"end":{"line":5,"column":3}},"loc":{"start":{"line":5,"column":69},"end":{"line":5,"column":71}},"line":5},"1":{"name":"(anonymous_1)","decl":{"start":{"line":7,"column":2},"end":{"line":7,"column":3}},"loc":{"start":{"line":7,"column":77},"end":{"line":10,"column":3}},"line":7}},"branchMap":{},"s":{"0":1,"1":1},"f":{"0":5,"1":1},"b":{},"_coverageSchema":"1a1c01bbd47fc00a2c39e90264f33305004495a9","hash":"6cef278e4af27fa9657b7ab2f2f2a3a010ae1cc9"}
,"/home/alvin/interfaceqrhunters/src/core/domain/use-cases/GetQRCodeDetailsUseCase.ts": {"path":"/home/alvin/interfaceqrhunters/src/core/domain/use-cases/GetQRCodeDetailsUseCase.ts","statementMap":{"0":{"start":{"line":8,"column":19},"end":{"line":8,"column":25}},"1":{"start":{"line":9,"column":4},"end":{"line":9,"column":54}}},"fnMap":{"0":{"name":"(anonymous_0)","decl":{"start":{"line":5,"column":2},"end":{"line":5,"column":3}},"loc":{"start":{"line":5,"column":67},"end":{"line":5,"column":69}},"line":5},"1":{"name":"(anonymous_1)","decl":{"start":{"line":7,"column":2},"end":{"line":7,"column":3}},"loc":{"start":{"line":7,"column":69},"end":{"line":10,"column":3}},"line":7}},"branchMap":{},"s":{"0":2,"1":2},"f":{"0":4,"1":2},"b":{},"_coverageSchema":"1a1c01bbd47fc00a2c39e90264f33305004495a9","hash":"e54aa33162ca5fa63472c0f75016a92e67e0a411"}
,"/home/alvin/interfaceqrhunters/src/core/domain/use-cases/GetUserProgressUseCase.ts": {"path":"/home/alvin/interfaceqrhunters/src/core/domain/use-cases/GetUserProgressUseCase.ts","statementMap":{"0":{"start":{"line":8,"column":23},"end":{"line":8,"column":29}},"1":{"start":{"line":9,"column":4},"end":{"line":9,"column":59}}},"fnMap":{"0":{"name":"(anonymous_0)","decl":{"start":{"line":5,"column":2},"end":{"line":5,"column":3}},"loc":{"start":{"line":5,"column":71},"end":{"line":5,"column":73}},"line":5},"1":{"name":"(anonymous_1)","decl":{"start":{"line":7,"column":2},"end":{"line":7,"column":3}},"loc":{"start":{"line":7,"column":63},"end":{"line":10,"column":3}},"line":7}},"branchMap":{},"s":{"0":2,"1":2},"f":{"0":2,"1":2},"b":{},"_coverageSchema":"1a1c01bbd47fc00a2c39e90264f33305004495a9","hash":"7ba1dafb6c3c5f487c88656a3adf37d18a7dcda1"}
,"/home/alvin/interfaceqrhunters/src/core/domain/use-cases/LoginUseCase.ts": {"path":"/home/alvin/interfaceqrhunters/src/core/domain/use-cases/LoginUseCase.ts","statementMap":{"0":{"start":{"line":13,"column":31},"end":{"line":13,"column":37}},"1":{"start":{"line":15,"column":19},"end":{"line":15,"column":36}},"2":{"start":{"line":16,"column":23},"end":{"line":16,"column":48}},"3":{"start":{"line":18,"column":4},"end":{"line":18,"column":57}}},"fnMap":{"0":{"name":"(anonymous_0)","decl":{"start":{"line":7,"column":2},"end":{"line":7,"column":3}},"loc":{"start":{"line":7,"column":63},"end":{"line":7,"column":65}},"line":7},"1":{"name":"(anonymous_1)","decl":{"start":{"line":9,"column":2},"end":{"line":9,"column":3}},"loc":{"start":{"line":12,"column":20},"end":{"line":19,"column":3}},"line":12}},"branchMap":{},"s":{"0":2,"1":2,"2":2,"3":2},"f":{"0":6,"1":2},"b":{},"_coverageSchema":"1a1c01bbd47fc00a2c39e90264f33305004495a9","hash":"03e4aeaa9434f17895cdb5033a28d4836dd7ef9e"}
,"/home/alvin/interfaceqrhunters/src/core/domain/use-cases/RegisterUseCase.ts": {"path":"/home/alvin/interfaceqrhunters/src/core/domain/use-cases/RegisterUseCase.ts","statementMap":{"0":{"start":{"line":11,"column":4},"end":{"line":11,"column":63}}},"fnMap":{"0":{"name":"(anonymous_0)","decl":{"start":{"line":8,"column":2},"end":{"line":8,"column":3}},"loc":{"start":{"line":8,"column":54},"end":{"line":8,"column":56}},"line":8},"1":{"name":"(anonymous_1)","decl":{"start":{"line":10,"column":2},"end":{"line":10,"column":3}},"loc":{"start":{"line":10,"column":77},"end":{"line":12,"column":3}},"line":10}},"branchMap":{},"s":{"0":7},"f":{"0":6,"1":7},"b":{},"_coverageSchema":"1a1c01bbd47fc00a2c39e90264f33305004495a9","hash":"27962e812086a0b0d4a0b948ba741504005f526d"}
,"/home/alvin/interfaceqrhunters/src/core/domain/use-cases/ScanQRCodeUseCase.ts": {"path":"/home/alvin/interfaceqrhunters/src/core/domain/use-cases/ScanQRCodeUseCase.ts","statementMap":{"0":{"start":{"line":13,"column":31},"end":{"line":13,"column":37}},"1":{"start":{"line":15,"column":19},"end":{"line":15,"column":36}},"2":{"start":{"line":16,"column":23},"end":{"line":16,"column":48}},"3":{"start":{"line":18,"column":4},"end":{"line":18,"column":64}}},"fnMap":{"0":{"name":"(anonymous_0)","decl":{"start":{"line":7,"column":2},"end":{"line":7,"column":3}},"loc":{"start":{"line":7,"column":67},"end":{"line":7,"column":69}},"line":7},"1":{"name":"(anonymous_1)","decl":{"start":{"line":9,"column":2},"end":{"line":9,"column":3}},"loc":{"start":{"line":12,"column":22},"end":{"line":19,"column":3}},"line":12}},"branchMap":{},"s":{"0":2,"1":2,"2":2,"3":2},"f":{"0":4,"1":2},"b":{},"_coverageSchema":"1a1c01bbd47fc00a2c39e90264f33305004495a9","hash":"136b6ccedab13e6ca19b443cec7f29a993411025"}
,"/home/alvin/interfaceqrhunters/src/core/domain/use-cases/StartJourneyUseCase.ts": {"path":"/home/alvin/interfaceqrhunters/src/core/domain/use-cases/StartJourneyUseCase.ts","statementMap":{"0":{"start":{"line":8,"column":26},"end":{"line":8,"column":32}},"1":{"start":{"line":9,"column":4},"end":{"line":9,"column":58}}},"fnMap":{"0":{"name":"(anonymous_0)","decl":{"start":{"line":5,"column":2},"end":{"line":5,"column":3}},"loc":{"start":{"line":5,"column":69},"end":{"line":5,"column":71}},"line":5},"1":{"name":"(anonymous_1)","decl":{"start":{"line":7,"column":2},"end":{"line":7,"column":3}},"loc":{"start":{"line":7,"column":65},"end":{"line":10,"column":3}},"line":7}},"branchMap":{},"s":{"0":2,"1":2},"f":{"0":5,"1":2},"b":{},"_coverageSchema":"1a1c01bbd47fc00a2c39e90264f33305004495a9","hash":"7e4d25f571ae6b3a7b0d6b8c31312d1c604f5846"}
,"/home/alvin/interfaceqrhunters/src/core/domain/use-cases/UpdateProfileUseCase.ts": {"path":"/home/alvin/interfaceqrhunters/src/core/domain/use-cases/UpdateProfileUseCase.ts","statementMap":{"0":{"start":{"line":14,"column":36},"end":{"line":14,"column":42}},"1":{"start":{"line":16,"column":19},"end":{"line":16,"column":36}},"2":{"start":{"line":17,"column":20},"end":{"line":17,"column":39}},"3":{"start":{"line":19,"column":4},"end":{"line":19,"column":70}}},"fnMap":{"0":{"name":"(anonymous_0)","decl":{"start":{"line":7,"column":2},"end":{"line":7,"column":3}},"loc":{"start":{"line":7,"column":63},"end":{"line":7,"column":65}},"line":7},"1":{"name":"(anonymous_1)","decl":{"start":{"line":9,"column":2},"end":{"line":9,"column":3}},"loc":{"start":{"line":13,"column":20},"end":{"line":20,"column":3}},"line":13}},"branchMap":{},"s":{"0":1,"1":1,"2":1,"3":1},"f":{"0":6,"1":1},"b":{},"_coverageSchema":"1a1c01bbd47fc00a2c39e90264f33305004495a9","hash":"cf9674d33d36a398801184b08325387f18f19b86"}
,"/home/alvin/interfaceqrhunters/src/core/domain/value-objects/Code.ts": {"path":"/home/alvin/interfaceqrhunters/src/core/domain/value-objects/Code.ts","statementMap":{"0":{"start":{"line":3,"column":8},"end":{"line":5,"column":9}},"1":{"start":{"line":4,"column":12},"end":{"line":4,"column":78}},"2":{"start":{"line":9,"column":8},"end":{"line":9,"column":30}},"3":{"start":{"line":13,"column":8},"end":{"line":13,"column":38}},"4":{"start":{"line":17,"column":8},"end":{"line":17,"column":42}}},"fnMap":{"0":{"name":"(anonymous_0)","decl":{"start":{"line":2,"column":4},"end":{"line":2,"column":5}},"loc":{"start":{"line":2,"column":48},"end":{"line":6,"column":5}},"line":2},"1":{"name":"(anonymous_1)","decl":{"start":{"line":8,"column":4},"end":{"line":8,"column":5}},"loc":{"start":{"line":8,"column":38},"end":{"line":10,"column":5}},"line":8},"2":{"name":"(anonymous_2)","decl":{"start":{"line":12,"column":4},"end":{"line":12,"column":5}},"loc":{"start":{"line":12,"column":42},"end":{"line":14,"column":5}},"line":12},"3":{"name":"(anonymous_3)","decl":{"start":{"line":16,"column":4},"end":{"line":16,"column":5}},"loc":{"start":{"line":16,"column":33},"end":{"line":18,"column":5}},"line":16}},"branchMap":{"0":{"loc":{"start":{"line":3,"column":8},"end":{"line":5,"column":9}},"type":"if","locations":[{"start":{"line":3,"column":8},"end":{"line":5,"column":9}},{"start":{},"end":{}}],"line":3}},"s":{"0":14,"1":2,"2":14,"3":14,"4":5},"f":{"0":14,"1":14,"2":14,"3":5},"b":{"0":[2,12]},"_coverageSchema":"1a1c01bbd47fc00a2c39e90264f33305004495a9","hash":"89ea5e6add9edef0de8f70050e73bf59a5a1a888"}
,"/home/alvin/interfaceqrhunters/src/core/domain/value-objects/Email.ts": {"path":"/home/alvin/interfaceqrhunters/src/core/domain/value-objects/Email.ts","statementMap":{"0":{"start":{"line":3,"column":8},"end":{"line":5,"column":9}},"1":{"start":{"line":4,"column":12},"end":{"line":4,"column":53}},"2":{"start":{"line":9,"column":8},"end":{"line":9,"column":32}},"3":{"start":{"line":13,"column":27},"end":{"line":13,"column":60}},"4":{"start":{"line":14,"column":8},"end":{"line":14,"column":38}},"5":{"start":{"line":18,"column":8},"end":{"line":18,"column":42}}},"fnMap":{"0":{"name":"(anonymous_0)","decl":{"start":{"line":2,"column":4},"end":{"line":2,"column":5}},"loc":{"start":{"line":2,"column":48},"end":{"line":6,"column":5}},"line":2},"1":{"name":"(anonymous_1)","decl":{"start":{"line":8,"column":4},"end":{"line":8,"column":5}},"loc":{"start":{"line":8,"column":40},"end":{"line":10,"column":5}},"line":8},"2":{"name":"(anonymous_2)","decl":{"start":{"line":12,"column":4},"end":{"line":12,"column":5}},"loc":{"start":{"line":12,"column":43},"end":{"line":15,"column":5}},"line":12},"3":{"name":"(anonymous_3)","decl":{"start":{"line":17,"column":4},"end":{"line":17,"column":5}},"loc":{"start":{"line":17,"column":34},"end":{"line":19,"column":5}},"line":17}},"branchMap":{"0":{"loc":{"start":{"line":3,"column":8},"end":{"line":5,"column":9}},"type":"if","locations":[{"start":{"line":3,"column":8},"end":{"line":5,"column":9}},{"start":{},"end":{}}],"line":3}},"s":{"0":13,"1":3,"2":13,"3":13,"4":13,"5":2},"f":{"0":13,"1":13,"2":13,"3":2},"b":{"0":[3,10]},"_coverageSchema":"1a1c01bbd47fc00a2c39e90264f33305004495a9","hash":"9f835256359778b1de1146c0e2fd494941d32765"}
,"/home/alvin/interfaceqrhunters/src/core/domain/value-objects/Latitude.ts": {"path":"/home/alvin/interfaceqrhunters/src/core/domain/value-objects/Latitude.ts","statementMap":{"0":{"start":{"line":3,"column":8},"end":{"line":5,"column":9}},"1":{"start":{"line":4,"column":12},"end":{"line":4,"column":86}},"2":{"start":{"line":9,"column":8},"end":{"line":9,"column":38}},"3":{"start":{"line":13,"column":8},"end":{"line":13,"column":49}},"4":{"start":{"line":17,"column":8},"end":{"line":17,"column":42}}},"fnMap":{"0":{"name":"(anonymous_0)","decl":{"start":{"line":2,"column":4},"end":{"line":2,"column":5}},"loc":{"start":{"line":2,"column":48},"end":{"line":6,"column":5}},"line":2},"1":{"name":"(anonymous_1)","decl":{"start":{"line":8,"column":4},"end":{"line":8,"column":5}},"loc":{"start":{"line":8,"column":46},"end":{"line":10,"column":5}},"line":8},"2":{"name":"(anonymous_2)","decl":{"start":{"line":12,"column":4},"end":{"line":12,"column":5}},"loc":{"start":{"line":12,"column":46},"end":{"line":14,"column":5}},"line":12},"3":{"name":"(anonymous_3)","decl":{"start":{"line":16,"column":4},"end":{"line":16,"column":5}},"loc":{"start":{"line":16,"column":37},"end":{"line":18,"column":5}},"line":16}},"branchMap":{"0":{"loc":{"start":{"line":3,"column":8},"end":{"line":5,"column":9}},"type":"if","locations":[{"start":{"line":3,"column":8},"end":{"line":5,"column":9}},{"start":{},"end":{}}],"line":3},"1":{"loc":{"start":{"line":13,"column":15},"end":{"line":13,"column":48}},"type":"binary-expr","locations":[{"start":{"line":13,"column":15},"end":{"line":13,"column":30}},{"start":{"line":13,"column":34},"end":{"line":13,"column":48}}],"line":13}},"s":{"0":17,"1":2,"2":17,"3":17,"4":2},"f":{"0":17,"1":17,"2":17,"3":2},"b":{"0":[2,15],"1":[17,16]},"_coverageSchema":"1a1c01bbd47fc00a2c39e90264f33305004495a9","hash":"4019f28402d9d344e080d66b6b0934f7fe1b8635"}
,"/home/alvin/interfaceqrhunters/src/core/domain/value-objects/Location.ts": {"path":"/home/alvin/interfaceqrhunters/src/core/domain/value-objects/Location.ts","statementMap":{"0":{"start":{"line":3,"column":8},"end":{"line":5,"column":9}},"1":{"start":{"line":4,"column":12},"end":{"line":4,"column":86}},"2":{"start":{"line":9,"column":8},"end":{"line":9,"column":38}},"3":{"start":{"line":13,"column":8},"end":{"line":13,"column":42}},"4":{"start":{"line":17,"column":8},"end":{"line":17,"column":42}}},"fnMap":{"0":{"name":"(anonymous_0)","decl":{"start":{"line":2,"column":4},"end":{"line":2,"column":5}},"loc":{"start":{"line":2,"column":48},"end":{"line":6,"column":5}},"line":2},"1":{"name":"(anonymous_1)","decl":{"start":{"line":8,"column":4},"end":{"line":8,"column":5}},"loc":{"start":{"line":8,"column":46},"end":{"line":10,"column":5}},"line":8},"2":{"name":"(anonymous_2)","decl":{"start":{"line":12,"column":4},"end":{"line":12,"column":5}},"loc":{"start":{"line":12,"column":46},"end":{"line":14,"column":5}},"line":12},"3":{"name":"(anonymous_3)","decl":{"start":{"line":16,"column":4},"end":{"line":16,"column":5}},"loc":{"start":{"line":16,"column":37},"end":{"line":18,"column":5}},"line":16}},"branchMap":{"0":{"loc":{"start":{"line":3,"column":8},"end":{"line":5,"column":9}},"type":"if","locations":[{"start":{"line":3,"column":8},"end":{"line":5,"column":9}},{"start":{},"end":{}}],"line":3}},"s":{"0":14,"1":2,"2":14,"3":14,"4":2},"f":{"0":14,"1":14,"2":14,"3":2},"b":{"0":[2,12]},"_coverageSchema":"1a1c01bbd47fc00a2c39e90264f33305004495a9","hash":"42ccb961def7c6ef1c53e9af8fecc64a48b99cbe"}
,"/home/alvin/interfaceqrhunters/src/core/domain/value-objects/Longitude.ts": {"path":"/home/alvin/interfaceqrhunters/src/core/domain/value-objects/Longitude.ts","statementMap":{"0":{"start":{"line":3,"column":8},"end":{"line":5,"column":9}},"1":{"start":{"line":4,"column":12},"end":{"line":4,"column":90}},"2":{"start":{"line":9,"column":8},"end":{"line":9,"column":40}},"3":{"start":{"line":13,"column":8},"end":{"line":13,"column":53}},"4":{"start":{"line":17,"column":8},"end":{"line":17,"column":42}}},"fnMap":{"0":{"name":"(anonymous_0)","decl":{"start":{"line":2,"column":4},"end":{"line":2,"column":5}},"loc":{"start":{"line":2,"column":48},"end":{"line":6,"column":5}},"line":2},"1":{"name":"(anonymous_1)","decl":{"start":{"line":8,"column":4},"end":{"line":8,"column":5}},"loc":{"start":{"line":8,"column":48},"end":{"line":10,"column":5}},"line":8},"2":{"name":"(anonymous_2)","decl":{"start":{"line":12,"column":4},"end":{"line":12,"column":5}},"loc":{"start":{"line":12,"column":47},"end":{"line":14,"column":5}},"line":12},"3":{"name":"(anonymous_3)","decl":{"start":{"line":16,"column":4},"end":{"line":16,"column":5}},"loc":{"start":{"line":16,"column":38},"end":{"line":18,"column":5}},"line":16}},"branchMap":{"0":{"loc":{"start":{"line":3,"column":8},"end":{"line":5,"column":9}},"type":"if","locations":[{"start":{"line":3,"column":8},"end":{"line":5,"column":9}},{"start":{},"end":{}}],"line":3},"1":{"loc":{"start":{"line":13,"column":15},"end":{"line":13,"column":52}},"type":"binary-expr","locations":[{"start":{"line":13,"column":15},"end":{"line":13,"column":32}},{"start":{"line":13,"column":36},"end":{"line":13,"column":52}}],"line":13}},"s":{"0":17,"1":2,"2":17,"3":17,"4":2},"f":{"0":17,"1":17,"2":17,"3":2},"b":{"0":[2,15],"1":[17,16]},"_coverageSchema":"1a1c01bbd47fc00a2c39e90264f33305004495a9","hash":"666ef470bd5b02f76d07e1678d7885bd2fa7386e"}
,"/home/alvin/interfaceqrhunters/src/core/domain/value-objects/Name.ts": {"path":"/home/alvin/interfaceqrhunters/src/core/domain/value-objects/Name.ts","statementMap":{"0":{"start":{"line":3,"column":8},"end":{"line":5,"column":9}},"1":{"start":{"line":4,"column":12},"end":{"line":4,"column":123}},"2":{"start":{"line":9,"column":8},"end":{"line":9,"column":30}},"3":{"start":{"line":13,"column":26},"end":{"line":13,"column":46}},"4":{"start":{"line":14,"column":8},"end":{"line":14,"column":36}},"5":{"start":{"line":18,"column":8},"end":{"line":18,"column":42}}},"fnMap":{"0":{"name":"(anonymous_0)","decl":{"start":{"line":2,"column":4},"end":{"line":2,"column":5}},"loc":{"start":{"line":2,"column":48},"end":{"line":6,"column":5}},"line":2},"1":{"name":"(anonymous_1)","decl":{"start":{"line":8,"column":4},"end":{"line":8,"column":5}},"loc":{"start":{"line":8,"column":38},"end":{"line":10,"column":5}},"line":8},"2":{"name":"(anonymous_2)","decl":{"start":{"line":12,"column":4},"end":{"line":12,"column":5}},"loc":{"start":{"line":12,"column":42},"end":{"line":15,"column":5}},"line":12},"3":{"name":"(anonymous_3)","decl":{"start":{"line":17,"column":4},"end":{"line":17,"column":5}},"loc":{"start":{"line":17,"column":33},"end":{"line":19,"column":5}},"line":17}},"branchMap":{"0":{"loc":{"start":{"line":3,"column":8},"end":{"line":5,"column":9}},"type":"if","locations":[{"start":{"line":3,"column":8},"end":{"line":5,"column":9}},{"start":{},"end":{}}],"line":3}},"s":{"0":15,"1":3,"2":15,"3":15,"4":15,"5":2},"f":{"0":15,"1":15,"2":15,"3":2},"b":{"0":[3,12]},"_coverageSchema":"1a1c01bbd47fc00a2c39e90264f33305004495a9","hash":"71d1cd8a4b0765ad2ed860b05c863b0e3feef14b"}
,"/home/alvin/interfaceqrhunters/src/core/domain/value-objects/Password.ts": {"path":"/home/alvin/interfaceqrhunters/src/core/domain/value-objects/Password.ts","statementMap":{"0":{"start":{"line":3,"column":8},"end":{"line":5,"column":9}},"1":{"start":{"line":4,"column":12},"end":{"line":4,"column":197}},"2":{"start":{"line":9,"column":8},"end":{"line":9,"column":38}},"3":{"start":{"line":14,"column":30},"end":{"line":14,"column":111}},"4":{"start":{"line":15,"column":8},"end":{"line":15,"column":44}},"5":{"start":{"line":19,"column":8},"end":{"line":19,"column":42}}},"fnMap":{"0":{"name":"(anonymous_0)","decl":{"start":{"line":2,"column":4},"end":{"line":2,"column":5}},"loc":{"start":{"line":2,"column":48},"end":{"line":6,"column":5}},"line":2},"1":{"name":"(anonymous_1)","decl":{"start":{"line":8,"column":4},"end":{"line":8,"column":5}},"loc":{"start":{"line":8,"column":46},"end":{"line":10,"column":5}},"line":8},"2":{"name":"(anonymous_2)","decl":{"start":{"line":12,"column":4},"end":{"line":12,"column":5}},"loc":{"start":{"line":12,"column":46},"end":{"line":16,"column":5}},"line":12},"3":{"name":"(anonymous_3)","decl":{"start":{"line":18,"column":4},"end":{"line":18,"column":5}},"loc":{"start":{"line":18,"column":37},"end":{"line":20,"column":5}},"line":18}},"branchMap":{"0":{"loc":{"start":{"line":3,"column":8},"end":{"line":5,"column":9}},"type":"if","locations":[{"start":{"line":3,"column":8},"end":{"line":5,"column":9}},{"start":{},"end":{}}],"line":3}},"s":{"0":18,"1":5,"2":18,"3":18,"4":18,"5":2},"f":{"0":18,"1":18,"2":18,"3":2},"b":{"0":[5,13]},"_coverageSchema":"1a1c01bbd47fc00a2c39e90264f33305004495a9","hash":"29f7a9f6743e11a8690f1005a2173a8a47d57781"}
,"/home/alvin/interfaceqrhunters/src/core/factories/AuthFactory.ts": {"path":"/home/alvin/interfaceqrhunters/src/core/factories/AuthFactory.ts","statementMap":{"0":{"start":{"line":10,"column":41},"end":{"line":10,"column":73}},"1":{"start":{"line":12,"column":32},"end":{"line":12,"column":73}},"2":{"start":{"line":13,"column":31},"end":{"line":13,"column":71}},"3":{"start":{"line":14,"column":23},"end":{"line":14,"column":55}},"4":{"start":{"line":15,"column":26},"end":{"line":15,"column":61}},"5":{"start":{"line":16,"column":31},"end":{"line":16,"column":71}},"6":{"start":{"line":18,"column":2},"end":{"line":24,"column":4}}},"fnMap":{"0":{"name":"makeAuthUseCases","decl":{"start":{"line":9,"column":16},"end":{"line":9,"column":32}},"loc":{"start":{"line":9,"column":35},"end":{"line":25,"column":1}},"line":9}},"branchMap":{},"s":{"0":6,"1":6,"2":6,"3":6,"4":6,"5":6,"6":6},"f":{"0":6},"b":{},"_coverageSchema":"1a1c01bbd47fc00a2c39e90264f33305004495a9","hash":"9cc99d4222e1010e80e5aca460d3d7c28e4eba42"}
,"/home/alvin/interfaceqrhunters/src/core/factories/JourneyFactory.ts": {"path":"/home/alvin/interfaceqrhunters/src/core/factories/JourneyFactory.ts","statementMap":{"0":{"start":{"line":10,"column":47},"end":{"line":10,"column":82}},"1":{"start":{"line":12,"column":38},"end":{"line":12,"column":88}},"2":{"start":{"line":13,"column":31},"end":{"line":13,"column":74}},"3":{"start":{"line":14,"column":32},"end":{"line":14,"column":76}},"4":{"start":{"line":15,"column":28},"end":{"line":15,"column":68}},"5":{"start":{"line":16,"column":30},"end":{"line":16,"column":72}},"6":{"start":{"line":18,"column":2},"end":{"line":24,"column":4}}},"fnMap":{"0":{"name":"makeJourneyUseCases","decl":{"start":{"line":9,"column":16},"end":{"line":9,"column":35}},"loc":{"start":{"line":9,"column":38},"end":{"line":25,"column":1}},"line":9}},"branchMap":{},"s":{"0":5,"1":5,"2":5,"3":5,"4":5,"5":5,"6":5},"f":{"0":5},"b":{},"_coverageSchema":"1a1c01bbd47fc00a2c39e90264f33305004495a9","hash":"1ef09aee7ea5c821a87485d4e8c4d694f40bb5a2"}
,"/home/alvin/interfaceqrhunters/src/core/factories/ProgressFactory.ts": {"path":"/home/alvin/interfaceqrhunters/src/core/factories/ProgressFactory.ts","statementMap":{"0":{"start":{"line":6,"column":49},"end":{"line":6,"column":85}},"1":{"start":{"line":8,"column":33},"end":{"line":8,"column":79}},"2":{"start":{"line":10,"column":2},"end":{"line":12,"column":4}}},"fnMap":{"0":{"name":"makeProgressUseCases","decl":{"start":{"line":5,"column":16},"end":{"line":5,"column":36}},"loc":{"start":{"line":5,"column":39},"end":{"line":13,"column":1}},"line":5}},"branchMap":{},"s":{"0":2,"1":2,"2":2},"f":{"0":2},"b":{},"_coverageSchema":"1a1c01bbd47fc00a2c39e90264f33305004495a9","hash":"428b6d4c60dcee8c82013d17ba02a20af274b319"}
,"/home/alvin/interfaceqrhunters/src/core/factories/QRCodeFactory.ts": {"path":"/home/alvin/interfaceqrhunters/src/core/factories/QRCodeFactory.ts","statementMap":{"0":{"start":{"line":7,"column":45},"end":{"line":7,"column":79}},"1":{"start":{"line":9,"column":34},"end":{"line":9,"column":79}},"2":{"start":{"line":10,"column":28},"end":{"line":10,"column":67}},"3":{"start":{"line":12,"column":2},"end":{"line":15,"column":4}}},"fnMap":{"0":{"name":"makeQRCodeUseCases","decl":{"start":{"line":6,"column":16},"end":{"line":6,"column":34}},"loc":{"start":{"line":6,"column":37},"end":{"line":16,"column":1}},"line":6}},"branchMap":{},"s":{"0":4,"1":4,"2":4,"3":4},"f":{"0":4},"b":{},"_coverageSchema":"1a1c01bbd47fc00a2c39e90264f33305004495a9","hash":"58b5db73053203d1ed14688f05099f990fc02c17"}
,"/home/alvin/interfaceqrhunters/src/core/infra/repositories/AuthRepositoryMock.ts": {"path":"/home/alvin/interfaceqrhunters/src/core/infra/repositories/AuthRepositoryMock.ts","statementMap":{"0":{"start":{"line":9,"column":25},"end":{"line":9,"column":27}},"1":{"start":{"line":14,"column":4},"end":{"line":16,"column":5}},"2":{"start":{"line":15,"column":6},"end":{"line":15,"column":61}},"3":{"start":{"line":17,"column":4},"end":{"line":17,"column":39}},"4":{"start":{"line":21,"column":17},"end":{"line":21,"column":93}},"5":{"start":{"line":21,"column":38},"end":{"line":21,"column":92}},"6":{"start":{"line":22,"column":4},"end":{"line":24,"column":5}},"7":{"start":{"line":23,"column":6},"end":{"line":23,"column":18}},"8":{"start":{"line":25,"column":4},"end":{"line":25,"column":43}},"9":{"start":{"line":29,"column":23},"end":{"line":29,"column":66}},"10":{"start":{"line":29,"column":44},"end":{"line":29,"column":65}},"11":{"start":{"line":30,"column":4},"end":{"line":32,"column":5}},"12":{"start":{"line":31,"column":6},"end":{"line":31,"column":45}},"13":{"start":{"line":33,"column":20},"end":{"line":33,"column":89}},"14":{"start":{"line":34,"column":4},"end":{"line":34,"column":29}},"15":{"start":{"line":35,"column":4},"end":{"line":35,"column":19}},"16":{"start":{"line":39,"column":22},"end":{"line":39,"column":64}},"17":{"start":{"line":39,"column":48},"end":{"line":39,"column":63}},"18":{"start":{"line":40,"column":4},"end":{"line":45,"column":5}},"19":{"start":{"line":41,"column":22},"end":{"line":41,"column":43}},"20":{"start":{"line":42,"column":26},"end":{"line":42,"column":80}},"21":{"start":{"line":43,"column":6},"end":{"line":43,"column":42}},"22":{"start":{"line":44,"column":6},"end":{"line":44,"column":25}},"23":{"start":{"line":46,"column":4},"end":{"line":46,"column":38}},"24":{"start":{"line":50,"column":17},"end":{"line":50,"column":54}},"25":{"start":{"line":50,"column":38},"end":{"line":50,"column":53}},"26":{"start":{"line":51,"column":4},"end":{"line":56,"column":5}},"27":{"start":{"line":52,"column":24},"end":{"line":52,"column":66}},"28":{"start":{"line":52,"column":50},"end":{"line":52,"column":65}},"29":{"start":{"line":53,"column":26},"end":{"line":53,"column":81}},"30":{"start":{"line":54,"column":6},"end":{"line":54,"column":42}},"31":{"start":{"line":55,"column":6},"end":{"line":55,"column":18}},"32":{"start":{"line":57,"column":4},"end":{"line":57,"column":62}},"33":{"start":{"line":61,"column":22},"end":{"line":61,"column":64}},"34":{"start":{"line":61,"column":48},"end":{"line":61,"column":63}},"35":{"start":{"line":62,"column":4},"end":{"line":65,"column":5}},"36":{"start":{"line":63,"column":6},"end":{"line":63,"column":38}},"37":{"start":{"line":64,"column":6},"end":{"line":64,"column":18}},"38":{"start":{"line":66,"column":4},"end":{"line":66,"column":17}},"39":{"start":{"line":70,"column":4},"end":{"line":70,"column":72}},"40":{"start":{"line":70,"column":48},"end":{"line":70,"column":69}},"41":{"start":{"line":74,"column":4},"end":{"line":74,"column":20}}},"fnMap":{"0":{"name":"(anonymous_0)","decl":{"start":{"line":11,"column":2},"end":{"line":11,"column":3}},"loc":{"start":{"line":11,"column":24},"end":{"line":11,"column":26}},"line":11},"1":{"name":"(anonymous_1)","decl":{"start":{"line":13,"column":2},"end":{"line":13,"column":3}},"loc":{"start":{"line":13,"column":50},"end":{"line":18,"column":3}},"line":13},"2":{"name":"(anonymous_2)","decl":{"start":{"line":20,"column":2},"end":{"line":20,"column":3}},"loc":{"start":{"line":20,"column":65},"end":{"line":26,"column":3}},"line":20},"3":{"name":"(anonymous_3)","decl":{"start":{"line":21,"column":33},"end":{"line":21,"column":34}},"loc":{"start":{"line":21,"column":38},"end":{"line":21,"column":92}},"line":21},"4":{"name":"(anonymous_4)","decl":{"start":{"line":28,"column":2},"end":{"line":28,"column":3}},"loc":{"start":{"line":28,"column":82},"end":{"line":36,"column":3}},"line":28},"5":{"name":"(anonymous_5)","decl":{"start":{"line":29,"column":39},"end":{"line":29,"column":40}},"loc":{"start":{"line":29,"column":44},"end":{"line":29,"column":65}},"line":29},"6":{"name":"(anonymous_6)","decl":{"start":{"line":38,"column":2},"end":{"line":38,"column":3}},"loc":{"start":{"line":38,"column":83},"end":{"line":47,"column":3}},"line":38},"7":{"name":"(anonymous_7)","decl":{"start":{"line":39,"column":43},"end":{"line":39,"column":44}},"loc":{"start":{"line":39,"column":48},"end":{"line":39,"column":63}},"line":39},"8":{"name":"(anonymous_8)","decl":{"start":{"line":49,"column":2},"end":{"line":49,"column":3}},"loc":{"start":{"line":49,"column":103},"end":{"line":58,"column":3}},"line":49},"9":{"name":"(anonymous_9)","decl":{"start":{"line":50,"column":33},"end":{"line":50,"column":34}},"loc":{"start":{"line":50,"column":38},"end":{"line":50,"column":53}},"line":50},"10":{"name":"(anonymous_10)","decl":{"start":{"line":52,"column":45},"end":{"line":52,"column":46}},"loc":{"start":{"line":52,"column":50},"end":{"line":52,"column":65}},"line":52},"11":{"name":"(anonymous_11)","decl":{"start":{"line":60,"column":2},"end":{"line":60,"column":3}},"loc":{"start":{"line":60,"column":56},"end":{"line":67,"column":3}},"line":60},"12":{"name":"(anonymous_12)","decl":{"start":{"line":61,"column":43},"end":{"line":61,"column":44}},"loc":{"start":{"line":61,"column":48},"end":{"line":61,"column":63}},"line":61},"13":{"name":"(anonymous_13)","decl":{"start":{"line":69,"column":2},"end":{"line":69,"column":3}},"loc":{"start":{"line":69,"column":62},"end":{"line":71,"column":3}},"line":69},"14":{"name":"(anonymous_14)","decl":{"start":{"line":70,"column":43},"end":{"line":70,"column":44}},"loc":{"start":{"line":70,"column":48},"end":{"line":70,"column":69}},"line":70},"15":{"name":"(anonymous_15)","decl":{"start":{"line":73,"column":2},"end":{"line":73,"column":3}},"loc":{"start":{"line":73,"column":23},"end":{"line":75,"column":3}},"line":73}},"branchMap":{"0":{"loc":{"start":{"line":14,"column":4},"end":{"line":16,"column":5}},"type":"if","locations":[{"start":{"line":14,"column":4},"end":{"line":16,"column":5}},{"start":{},"end":{}}],"line":14},"1":{"loc":{"start":{"line":21,"column":38},"end":{"line":21,"column":92}},"type":"binary-expr","locations":[{"start":{"line":21,"column":38},"end":{"line":21,"column":61}},{"start":{"line":21,"column":65},"end":{"line":21,"column":92}}],"line":21},"2":{"loc":{"start":{"line":22,"column":4},"end":{"line":24,"column":5}},"type":"if","locations":[{"start":{"line":22,"column":4},"end":{"line":24,"column":5}},{"start":{},"end":{}}],"line":22},"3":{"loc":{"start":{"line":30,"column":4},"end":{"line":32,"column":5}},"type":"if","locations":[{"start":{"line":30,"column":4},"end":{"line":32,"column":5}},{"start":{},"end":{}}],"line":30},"4":{"loc":{"start":{"line":40,"column":4},"end":{"line":45,"column":5}},"type":"if","locations":[{"start":{"line":40,"column":4},"end":{"line":45,"column":5}},{"start":{},"end":{}}],"line":40},"5":{"loc":{"start":{"line":51,"column":4},"end":{"line":56,"column":5}},"type":"if","locations":[{"start":{"line":51,"column":4},"end":{"line":56,"column":5}},{"start":{},"end":{}}],"line":51},"6":{"loc":{"start":{"line":51,"column":8},"end":{"line":51,"column":49}},"type":"binary-expr","locations":[{"start":{"line":51,"column":8},"end":{"line":51,"column":12}},{"start":{"line":51,"column":16},"end":{"line":51,"column":49}}],"line":51},"7":{"loc":{"start":{"line":62,"column":4},"end":{"line":65,"column":5}},"type":"if","locations":[{"start":{"line":62,"column":4},"end":{"line":65,"column":5}},{"start":{},"end":{}}],"line":62}},"s":{"0":1,"1":12,"2":1,"3":12,"4":2,"5":1,"6":1,"7":0,"8":1,"9":7,"10":1,"11":6,"12":0,"13":6,"14":6,"15":6,"16":1,"17":1,"18":1,"19":1,"20":1,"21":1,"22":1,"23":0,"24":1,"25":1,"26":1,"27":0,"28":0,"29":0,"30":0,"31":0,"32":0,"33":1,"34":1,"35":1,"36":1,"37":1,"38":0,"39":0,"40":0,"41":6},"f":{"0":1,"1":12,"2":2,"3":1,"4":7,"5":1,"6":1,"7":1,"8":1,"9":1,"10":0,"11":1,"12":1,"13":0,"14":0,"15":6},"b":{"0":[1,11],"1":[1,0],"2":[0,1],"3":[0,6],"4":[1,0],"5":[0,0],"6":[1,1],"7":[1,0]},"_coverageSchema":"1a1c01bbd47fc00a2c39e90264f33305004495a9","hash":"41d412fcc99de4d9f658fbb8a9a854eebdbf5d7a"}
,"/home/alvin/interfaceqrhunters/src/core/infra/repositories/JourneyRepositoryMock.ts": {"path":"/home/alvin/interfaceqrhunters/src/core/infra/repositories/JourneyRepositoryMock.ts","statementMap":{"0":{"start":{"line":9,"column":32},"end":{"line":33,"column":3}},"1":{"start":{"line":38,"column":4},"end":{"line":40,"column":5}},"2":{"start":{"line":39,"column":6},"end":{"line":39,"column":67}},"3":{"start":{"line":41,"column":4},"end":{"line":41,"column":42}},"4":{"start":{"line":45,"column":4},"end":{"line":45,"column":55}},"5":{"start":{"line":45,"column":35},"end":{"line":45,"column":53}},"6":{"start":{"line":49,"column":4},"end":{"line":49,"column":25}},"7":{"start":{"line":53,"column":25},"end":{"line":53,"column":73}},"8":{"start":{"line":53,"column":54},"end":{"line":53,"column":72}},"9":{"start":{"line":54,"column":4},"end":{"line":56,"column":5}},"10":{"start":{"line":55,"column":6},"end":{"line":55,"column":43}},"11":{"start":{"line":57,"column":20},"end":{"line":57,"column":47}},"12":{"start":{"line":59,"column":27},"end":{"line":66,"column":5}},"13":{"start":{"line":62,"column":30},"end":{"line":62,"column":110}},"14":{"start":{"line":67,"column":4},"end":{"line":67,"column":49}},"15":{"start":{"line":68,"column":4},"end":{"line":68,"column":26}},"16":{"start":{"line":72,"column":25},"end":{"line":72,"column":73}},"17":{"start":{"line":72,"column":54},"end":{"line":72,"column":72}},"18":{"start":{"line":73,"column":4},"end":{"line":75,"column":5}},"19":{"start":{"line":74,"column":6},"end":{"line":74,"column":43}},"20":{"start":{"line":76,"column":18},"end":{"line":76,"column":45}},"21":{"start":{"line":78,"column":23},"end":{"line":78,"column":70}},"22":{"start":{"line":78,"column":53},"end":{"line":78,"column":69}},"23":{"start":{"line":79,"column":4},"end":{"line":81,"column":5}},"24":{"start":{"line":80,"column":6},"end":{"line":80,"column":49}},"25":{"start":{"line":83,"column":26},"end":{"line":88,"column":6}},"26":{"start":{"line":84,"column":6},"end":{"line":86,"column":7}},"27":{"start":{"line":85,"column":8},"end":{"line":85,"column":115}},"28":{"start":{"line":87,"column":6},"end":{"line":87,"column":19}},"29":{"start":{"line":90,"column":31},"end":{"line":90,"column":56}},"30":{"start":{"line":91,"column":4},"end":{"line":93,"column":5}},"31":{"start":{"line":92,"column":6},"end":{"line":92,"column":29}},"32":{"start":{"line":95,"column":31},"end":{"line":95,"column":70}},"33":{"start":{"line":95,"column":56},"end":{"line":95,"column":69}},"34":{"start":{"line":97,"column":27},"end":{"line":104,"column":5}},"35":{"start":{"line":106,"column":4},"end":{"line":106,"column":49}},"36":{"start":{"line":107,"column":4},"end":{"line":107,"column":26}},"37":{"start":{"line":111,"column":25},"end":{"line":111,"column":73}},"38":{"start":{"line":111,"column":54},"end":{"line":111,"column":72}},"39":{"start":{"line":112,"column":4},"end":{"line":114,"column":5}},"40":{"start":{"line":113,"column":6},"end":{"line":113,"column":43}},"41":{"start":{"line":115,"column":20},"end":{"line":115,"column":47}},"42":{"start":{"line":117,"column":26},"end":{"line":117,"column":130}},"43":{"start":{"line":117,"column":50},"end":{"line":117,"column":129}},"44":{"start":{"line":119,"column":27},"end":{"line":126,"column":5}},"45":{"start":{"line":128,"column":4},"end":{"line":128,"column":49}},"46":{"start":{"line":129,"column":4},"end":{"line":129,"column":26}}},"fnMap":{"0":{"name":"(anonymous_0)","decl":{"start":{"line":35,"column":2},"end":{"line":35,"column":3}},"loc":{"start":{"line":35,"column":24},"end":{"line":35,"column":26}},"line":35},"1":{"name":"(anonymous_1)","decl":{"start":{"line":37,"column":2},"end":{"line":37,"column":3}},"loc":{"start":{"line":37,"column":53},"end":{"line":42,"column":3}},"line":37},"2":{"name":"(anonymous_2)","decl":{"start":{"line":44,"column":2},"end":{"line":44,"column":3}},"loc":{"start":{"line":44,"column":68},"end":{"line":46,"column":3}},"line":44},"3":{"name":"(anonymous_3)","decl":{"start":{"line":45,"column":30},"end":{"line":45,"column":31}},"loc":{"start":{"line":45,"column":35},"end":{"line":45,"column":53}},"line":45},"4":{"name":"(anonymous_4)","decl":{"start":{"line":48,"column":2},"end":{"line":48,"column":3}},"loc":{"start":{"line":48,"column":45},"end":{"line":50,"column":3}},"line":48},"5":{"name":"(anonymous_5)","decl":{"start":{"line":52,"column":2},"end":{"line":52,"column":3}},"loc":{"start":{"line":52,"column":58},"end":{"line":69,"column":3}},"line":52},"6":{"name":"(anonymous_6)","decl":{"start":{"line":53,"column":49},"end":{"line":53,"column":50}},"loc":{"start":{"line":53,"column":54},"end":{"line":53,"column":72}},"line":53},"7":{"name":"(anonymous_7)","decl":{"start":{"line":62,"column":25},"end":{"line":62,"column":26}},"loc":{"start":{"line":62,"column":30},"end":{"line":62,"column":110}},"line":62},"8":{"name":"(anonymous_8)","decl":{"start":{"line":71,"column":2},"end":{"line":71,"column":3}},"loc":{"start":{"line":71,"column":83},"end":{"line":108,"column":3}},"line":71},"9":{"name":"(anonymous_9)","decl":{"start":{"line":72,"column":49},"end":{"line":72,"column":50}},"loc":{"start":{"line":72,"column":54},"end":{"line":72,"column":72}},"line":72},"10":{"name":"(anonymous_10)","decl":{"start":{"line":78,"column":48},"end":{"line":78,"column":49}},"loc":{"start":{"line":78,"column":53},"end":{"line":78,"column":69}},"line":78},"11":{"name":"(anonymous_11)","decl":{"start":{"line":83,"column":45},"end":{"line":83,"column":46}},"loc":{"start":{"line":83,"column":56},"end":{"line":88,"column":5}},"line":83},"12":{"name":"(anonymous_12)","decl":{"start":{"line":95,"column":51},"end":{"line":95,"column":52}},"loc":{"start":{"line":95,"column":56},"end":{"line":95,"column":69}},"line":95},"13":{"name":"(anonymous_13)","decl":{"start":{"line":110,"column":2},"end":{"line":110,"column":3}},"loc":{"start":{"line":110,"column":59},"end":{"line":130,"column":3}},"line":110},"14":{"name":"(anonymous_14)","decl":{"start":{"line":111,"column":49},"end":{"line":111,"column":50}},"loc":{"start":{"line":111,"column":54},"end":{"line":111,"column":72}},"line":111},"15":{"name":"(anonymous_15)","decl":{"start":{"line":117,"column":45},"end":{"line":117,"column":46}},"loc":{"start":{"line":117,"column":50},"end":{"line":117,"column":129}},"line":117}},"branchMap":{"0":{"loc":{"start":{"line":38,"column":4},"end":{"line":40,"column":5}},"type":"if","locations":[{"start":{"line":38,"column":4},"end":{"line":40,"column":5}},{"start":{},"end":{}}],"line":38},"1":{"loc":{"start":{"line":54,"column":4},"end":{"line":56,"column":5}},"type":"if","locations":[{"start":{"line":54,"column":4},"end":{"line":56,"column":5}},{"start":{},"end":{}}],"line":54},"2":{"loc":{"start":{"line":73,"column":4},"end":{"line":75,"column":5}},"type":"if","locations":[{"start":{"line":73,"column":4},"end":{"line":75,"column":5}},{"start":{},"end":{}}],"line":73},"3":{"loc":{"start":{"line":79,"column":4},"end":{"line":81,"column":5}},"type":"if","locations":[{"start":{"line":79,"column":4},"end":{"line":81,"column":5}},{"start":{},"end":{}}],"line":79},"4":{"loc":{"start":{"line":84,"column":6},"end":{"line":86,"column":7}},"type":"if","locations":[{"start":{"line":84,"column":6},"end":{"line":86,"column":7}},{"start":{},"end":{}}],"line":84},"5":{"loc":{"start":{"line":91,"column":4},"end":{"line":93,"column":5}},"type":"if","locations":[{"start":{"line":91,"column":4},"end":{"line":93,"column":5}},{"start":{},"end":{}}],"line":91},"6":{"loc":{"start":{"line":112,"column":4},"end":{"line":114,"column":5}},"type":"if","locations":[{"start":{"line":112,"column":4},"end":{"line":114,"column":5}},{"start":{},"end":{}}],"line":112}},"s":{"0":1,"1":5,"2":1,"3":5,"4":1,"5":1,"6":1,"7":2,"8":2,"9":2,"10":0,"11":2,"12":2,"13":6,"14":2,"15":2,"16":1,"17":1,"18":1,"19":0,"20":1,"21":1,"22":1,"23":1,"24":0,"25":1,"26":3,"27":1,"28":2,"29":1,"30":1,"31":1,"32":1,"33":2,"34":1,"35":1,"36":1,"37":1,"38":1,"39":1,"40":0,"41":1,"42":1,"43":3,"44":1,"45":1,"46":1},"f":{"0":1,"1":5,"2":1,"3":1,"4":1,"5":2,"6":2,"7":6,"8":1,"9":1,"10":1,"11":3,"12":2,"13":1,"14":1,"15":3},"b":{"0":[1,4],"1":[0,2],"2":[0,1],"3":[0,1],"4":[1,2],"5":[1,0],"6":[0,1]},"_coverageSchema":"1a1c01bbd47fc00a2c39e90264f33305004495a9","hash":"aaf070fbeff8fd407828b21fe944380e24bbfd56"}
,"/home/alvin/interfaceqrhunters/src/core/infra/repositories/ProgressRepositoryMock.ts": {"path":"/home/alvin/interfaceqrhunters/src/core/infra/repositories/ProgressRepositoryMock.ts","statementMap":{"0":{"start":{"line":13,"column":30},"end":{"line":38,"column":3}},"1":{"start":{"line":40,"column":41},"end":{"line":44,"column":3}},"2":{"start":{"line":49,"column":4},"end":{"line":51,"column":5}},"3":{"start":{"line":50,"column":6},"end":{"line":50,"column":69}},"4":{"start":{"line":52,"column":4},"end":{"line":52,"column":43}},"5":{"start":{"line":56,"column":27},"end":{"line":58,"column":29}},"6":{"start":{"line":57,"column":20},"end":{"line":57,"column":40}},"7":{"start":{"line":58,"column":17},"end":{"line":58,"column":28}},"8":{"start":{"line":60,"column":4},"end":{"line":60,"column":69}},"9":{"start":{"line":60,"column":37},"end":{"line":60,"column":67}}},"fnMap":{"0":{"name":"(anonymous_0)","decl":{"start":{"line":46,"column":2},"end":{"line":46,"column":3}},"loc":{"start":{"line":46,"column":24},"end":{"line":46,"column":26}},"line":46},"1":{"name":"(anonymous_1)","decl":{"start":{"line":48,"column":2},"end":{"line":48,"column":3}},"loc":{"start":{"line":48,"column":54},"end":{"line":53,"column":3}},"line":48},"2":{"name":"(anonymous_2)","decl":{"start":{"line":55,"column":2},"end":{"line":55,"column":3}},"loc":{"start":{"line":55,"column":59},"end":{"line":61,"column":3}},"line":55},"3":{"name":"(anonymous_3)","decl":{"start":{"line":57,"column":14},"end":{"line":57,"column":15}},"loc":{"start":{"line":57,"column":20},"end":{"line":57,"column":40}},"line":57},"4":{"name":"(anonymous_4)","decl":{"start":{"line":58,"column":11},"end":{"line":58,"column":12}},"loc":{"start":{"line":58,"column":17},"end":{"line":58,"column":28}},"line":58},"5":{"name":"(anonymous_5)","decl":{"start":{"line":60,"column":31},"end":{"line":60,"column":32}},"loc":{"start":{"line":60,"column":37},"end":{"line":60,"column":67}},"line":60}},"branchMap":{"0":{"loc":{"start":{"line":49,"column":4},"end":{"line":51,"column":5}},"type":"if","locations":[{"start":{"line":49,"column":4},"end":{"line":51,"column":5}},{"start":{},"end":{}}],"line":49}},"s":{"0":1,"1":1,"2":2,"3":1,"4":2,"5":2,"6":6,"7":2,"8":2,"9":6},"f":{"0":1,"1":2,"2":2,"3":6,"4":2,"5":6},"b":{"0":[1,1]},"_coverageSchema":"1a1c01bbd47fc00a2c39e90264f33305004495a9","hash":"d7224c87f294311ee1bd118290d778fcfb41d367"}
,"/home/alvin/interfaceqrhunters/src/core/infra/repositories/QRCodeRepositoryMock.ts": {"path":"/home/alvin/interfaceqrhunters/src/core/infra/repositories/QRCodeRepositoryMock.ts","statementMap":{"0":{"start":{"line":8,"column":30},"end":{"line":25,"column":3}},"1":{"start":{"line":30,"column":4},"end":{"line":32,"column":5}},"2":{"start":{"line":31,"column":6},"end":{"line":31,"column":65}},"3":{"start":{"line":33,"column":4},"end":{"line":33,"column":41}},"4":{"start":{"line":37,"column":27},"end":{"line":37,"column":72}},"5":{"start":{"line":37,"column":51},"end":{"line":37,"column":71}},"6":{"start":{"line":39,"column":4},"end":{"line":49,"column":5}},"7":{"start":{"line":40,"column":28},"end":{"line":47,"column":7}},"8":{"start":{"line":48,"column":6},"end":{"line":48,"column":27}},"9":{"start":{"line":51,"column":22},"end":{"line":58,"column":5}},"10":{"start":{"line":59,"column":4},"end":{"line":59,"column":33}},"11":{"start":{"line":60,"column":4},"end":{"line":60,"column":21}},"12":{"start":{"line":64,"column":4},"end":{"line":64,"column":49}},"13":{"start":{"line":64,"column":35},"end":{"line":64,"column":47}}},"fnMap":{"0":{"name":"(anonymous_0)","decl":{"start":{"line":27,"column":2},"end":{"line":27,"column":3}},"loc":{"start":{"line":27,"column":24},"end":{"line":27,"column":26}},"line":27},"1":{"name":"(anonymous_1)","decl":{"start":{"line":29,"column":2},"end":{"line":29,"column":3}},"loc":{"start":{"line":29,"column":52},"end":{"line":34,"column":3}},"line":29},"2":{"name":"(anonymous_2)","decl":{"start":{"line":36,"column":2},"end":{"line":36,"column":3}},"loc":{"start":{"line":36,"column":68},"end":{"line":61,"column":3}},"line":36},"3":{"name":"(anonymous_3)","decl":{"start":{"line":37,"column":45},"end":{"line":37,"column":46}},"loc":{"start":{"line":37,"column":51},"end":{"line":37,"column":71}},"line":37},"4":{"name":"(anonymous_4)","decl":{"start":{"line":63,"column":2},"end":{"line":63,"column":3}},"loc":{"start":{"line":63,"column":66},"end":{"line":65,"column":3}},"line":63},"5":{"name":"(anonymous_5)","decl":{"start":{"line":64,"column":29},"end":{"line":64,"column":30}},"loc":{"start":{"line":64,"column":35},"end":{"line":64,"column":47}},"line":64}},"branchMap":{"0":{"loc":{"start":{"line":30,"column":4},"end":{"line":32,"column":5}},"type":"if","locations":[{"start":{"line":30,"column":4},"end":{"line":32,"column":5}},{"start":{},"end":{}}],"line":30},"1":{"loc":{"start":{"line":39,"column":4},"end":{"line":49,"column":5}},"type":"if","locations":[{"start":{"line":39,"column":4},"end":{"line":49,"column":5}},{"start":{},"end":{}}],"line":39}},"s":{"0":1,"1":4,"2":1,"3":4,"4":2,"5":3,"6":2,"7":1,"8":1,"9":1,"10":1,"11":1,"12":2,"13":4},"f":{"0":1,"1":4,"2":2,"3":3,"4":2,"5":4},"b":{"0":[1,3],"1":[1,1]},"_coverageSchema":"1a1c01bbd47fc00a2c39e90264f33305004495a9","hash":"47fa5730cc68b59617bae79aa1d0dcb95322ac49"}
}
