{"C:\\Users\\Alvaro\\OneDrive\\Área de Trabalho\\QrHunters\\src\\assets\\logo.png": {"path":"C:\\Users\\Alvaro\\OneDrive\\Área de Trabalho\\QrHunters\\src\\assets\\logo.png","statementMap":{"0":{"start":{"line":1,"column":0},"end":{"line":4,"column":6}}},"fnMap":{},"branchMap":{},"s":{"0":3},"f":{},"b":{},"_coverageSchema":"1a1c01bbd47fc00a2c39e90264f33305004495a9","hash":"6582ace4df35bb837934d5e10a8d4b2e34150bd2"}
,"C:\\Users\\Alvaro\\OneDrive\\Área de Trabalho\\QrHunters\\src\\components\\BaseScreen.tsx": {"path":"C:\\Users\\Alvaro\\OneDrive\\Área de Trabalho\\QrHunters\\src\\components\\BaseScreen.tsx","statementMap":{"0":{"start":{"line":29,"column":46},"end":{"line":77,"column":1}},"1":{"start":{"line":43,"column":21},"end":{"line":43,"column":77}},"2":{"start":{"line":45,"column":26},"end":{"line":51,"column":3}},"3":{"start":{"line":46,"column":4},"end":{"line":50,"column":5}},"4":{"start":{"line":47,"column":6},"end":{"line":47,"column":20}},"5":{"start":{"line":49,"column":6},"end":{"line":49,"column":26}},"6":{"start":{"line":53,"column":2},"end":{"line":76,"column":4}},"7":{"start":{"line":79,"column":15},"end":{"line":97,"column":2}}},"fnMap":{"0":{"name":"(anonymous_0)","decl":{"start":{"line":29,"column":46},"end":{"line":29,"column":47}},"loc":{"start":{"line":42,"column":6},"end":{"line":77,"column":1}},"line":42},"1":{"name":"(anonymous_1)","decl":{"start":{"line":45,"column":26},"end":{"line":45,"column":27}},"loc":{"start":{"line":45,"column":32},"end":{"line":51,"column":3}},"line":45}},"branchMap":{"0":{"loc":{"start":{"line":31,"column":2},"end":{"line":31,"column":43}},"type":"default-arg","locations":[{"start":{"line":31,"column":20},"end":{"line":31,"column":43}}],"line":31},"1":{"loc":{"start":{"line":32,"column":2},"end":{"line":32,"column":29}},"type":"default-arg","locations":[{"start":{"line":32,"column":25},"end":{"line":32,"column":29}}],"line":32},"2":{"loc":{"start":{"line":33,"column":2},"end":{"line":33,"column":24}},"type":"default-arg","locations":[{"start":{"line":33,"column":19},"end":{"line":33,"column":24}}],"line":33},"3":{"loc":{"start":{"line":35,"column":2},"end":{"line":40,"column":3}},"type":"default-arg","locations":[{"start":{"line":35,"column":26},"end":{"line":40,"column":3}}],"line":35},"4":{"loc":{"start":{"line":41,"column":2},"end":{"line":41,"column":12}},"type":"default-arg","locations":[{"start":{"line":41,"column":10},"end":{"line":41,"column":12}}],"line":41},"5":{"loc":{"start":{"line":46,"column":4},"end":{"line":50,"column":5}},"type":"if","locations":[{"start":{"line":46,"column":4},"end":{"line":50,"column":5}},{"start":{"line":48,"column":11},"end":{"line":50,"column":5}}],"line":46},"6":{"loc":{"start":{"line":57,"column":7},"end":{"line":61,"column":7}},"type":"binary-expr","locations":[{"start":{"line":57,"column":7},"end":{"line":57,"column":21}},{"start":{"line":58,"column":8},"end":{"line":60,"column":27}}],"line":57},"7":{"loc":{"start":{"line":67,"column":7},"end":{"line":74,"column":7}},"type":"binary-expr","locations":[{"start":{"line":67,"column":7},"end":{"line":67,"column":27}},{"start":{"line":68,"column":8},"end":{"line":73,"column":10}}],"line":67}},"s":{"0":3,"1":28,"2":28,"3":1,"4":1,"5":0,"6":28,"7":3},"f":{"0":28,"1":1},"b":{"0":[28],"1":[26],"2":[22],"3":[28],"4":[27],"5":[1,0],"6":[28,6],"7":[28,27]},"_coverageSchema":"1a1c01bbd47fc00a2c39e90264f33305004495a9","hash":"67dfec76c1bfe117ebd5f669c0df2be0b5f90e1c"}
,"C:\\Users\\Alvaro\\OneDrive\\Área de Trabalho\\QrHunters\\src\\components\\CurvedBackground.tsx": {"path":"C:\\Users\\Alvaro\\OneDrive\\Área de Trabalho\\QrHunters\\src\\components\\CurvedBackground.tsx","statementMap":{"0":{"start":{"line":16,"column":58},"end":{"line":41,"column":1}},"1":{"start":{"line":23,"column":26},"end":{"line":38,"column":3}},"2":{"start":{"line":40,"column":2},"end":{"line":40,"column":70}},"3":{"start":{"line":43,"column":15},"end":{"line":50,"column":2}}},"fnMap":{"0":{"name":"(anonymous_0)","decl":{"start":{"line":16,"column":58},"end":{"line":16,"column":59}},"loc":{"start":{"line":22,"column":6},"end":{"line":41,"column":1}},"line":22}},"branchMap":{"0":{"loc":{"start":{"line":17,"column":2},"end":{"line":17,"column":19}},"type":"default-arg","locations":[{"start":{"line":17,"column":10},"end":{"line":17,"column":19}}],"line":17},"1":{"loc":{"start":{"line":18,"column":2},"end":{"line":18,"column":16}},"type":"default-arg","locations":[{"start":{"line":18,"column":11},"end":{"line":18,"column":16}}],"line":18},"2":{"loc":{"start":{"line":19,"column":2},"end":{"line":19,"column":20}},"type":"default-arg","locations":[{"start":{"line":19,"column":17},"end":{"line":19,"column":20}}],"line":19},"3":{"loc":{"start":{"line":20,"column":2},"end":{"line":20,"column":21}},"type":"default-arg","locations":[{"start":{"line":20,"column":13},"end":{"line":20,"column":21}}],"line":20},"4":{"loc":{"start":{"line":21,"column":2},"end":{"line":21,"column":12}},"type":"default-arg","locations":[{"start":{"line":21,"column":10},"end":{"line":21,"column":12}}],"line":21},"5":{"loc":{"start":{"line":26,"column":8},"end":{"line":36,"column":9}},"type":"cond-expr","locations":[{"start":{"line":27,"column":8},"end":{"line":31,"column":9}},{"start":{"line":32,"column":8},"end":{"line":36,"column":9}}],"line":26}},"s":{"0":4,"1":30,"2":30,"3":4},"f":{"0":30},"b":{"0":[2],"1":[2],"2":[2],"3":[1],"4":[30],"5":[29,1]},"_coverageSchema":"1a1c01bbd47fc00a2c39e90264f33305004495a9","hash":"c4b7784b2760355990ed7f0a40d23410fd6c933b"}
,"C:\\Users\\Alvaro\\OneDrive\\Área de Trabalho\\QrHunters\\src\\components\\DrawerContent.tsx": {"path":"C:\\Users\\Alvaro\\OneDrive\\Área de Trabalho\\QrHunters\\src\\components\\DrawerContent.tsx","statementMap":{"0":{"start":{"line":9,"column":22},"end":{"line":108,"column":1}},"1":{"start":{"line":10,"column":21},"end":{"line":10,"column":36}},"2":{"start":{"line":11,"column":21},"end":{"line":11,"column":30}},"3":{"start":{"line":13,"column":23},"end":{"line":19,"column":3}},"4":{"start":{"line":14,"column":4},"end":{"line":14,"column":13}},"5":{"start":{"line":15,"column":4},"end":{"line":18,"column":7}},"6":{"start":{"line":22,"column":19},"end":{"line":31,"column":4}},"7":{"start":{"line":23,"column":20},"end":{"line":23,"column":64}},"8":{"start":{"line":23,"column":43},"end":{"line":23,"column":63}},"9":{"start":{"line":24,"column":4},"end":{"line":24,"column":45}},"10":{"start":{"line":24,"column":36},"end":{"line":24,"column":45}},"11":{"start":{"line":26,"column":4},"end":{"line":26,"column":70}},"12":{"start":{"line":26,"column":43},"end":{"line":26,"column":70}},"13":{"start":{"line":27,"column":4},"end":{"line":29,"column":5}},"14":{"start":{"line":28,"column":6},"end":{"line":28,"column":85}},"15":{"start":{"line":28,"column":56},"end":{"line":28,"column":83}},"16":{"start":{"line":30,"column":4},"end":{"line":30,"column":13}},"17":{"start":{"line":32,"column":19},"end":{"line":32,"column":51}},"18":{"start":{"line":33,"column":20},"end":{"line":33,"column":51}},"19":{"start":{"line":35,"column":2},"end":{"line":107,"column":4}},"20":{"start":{"line":45,"column":12},"end":{"line":48,"column":15}},"21":{"start":{"line":49,"column":12},"end":{"line":49,"column":75}},"22":{"start":{"line":58,"column":12},"end":{"line":61,"column":15}},"23":{"start":{"line":62,"column":12},"end":{"line":62,"column":75}},"24":{"start":{"line":71,"column":12},"end":{"line":74,"column":15}},"25":{"start":{"line":75,"column":12},"end":{"line":75,"column":75}},"26":{"start":{"line":84,"column":12},"end":{"line":87,"column":15}},"27":{"start":{"line":88,"column":12},"end":{"line":88,"column":75}},"28":{"start":{"line":110,"column":15},"end":{"line":153,"column":2}}},"fnMap":{"0":{"name":"(anonymous_0)","decl":{"start":{"line":9,"column":22},"end":{"line":9,"column":23}},"loc":{"start":{"line":9,"column":38},"end":{"line":108,"column":1}},"line":9},"1":{"name":"(anonymous_1)","decl":{"start":{"line":13,"column":23},"end":{"line":13,"column":24}},"loc":{"start":{"line":13,"column":29},"end":{"line":19,"column":3}},"line":13},"2":{"name":"(anonymous_2)","decl":{"start":{"line":22,"column":38},"end":{"line":22,"column":39}},"loc":{"start":{"line":22,"column":47},"end":{"line":31,"column":3}},"line":22},"3":{"name":"(anonymous_3)","decl":{"start":{"line":23,"column":38},"end":{"line":23,"column":39}},"loc":{"start":{"line":23,"column":43},"end":{"line":23,"column":63}},"line":23},"4":{"name":"(anonymous_4)","decl":{"start":{"line":28,"column":44},"end":{"line":28,"column":45}},"loc":{"start":{"line":28,"column":56},"end":{"line":28,"column":83}},"line":28},"5":{"name":"(anonymous_5)","decl":{"start":{"line":44,"column":19},"end":{"line":44,"column":20}},"loc":{"start":{"line":44,"column":25},"end":{"line":50,"column":11}},"line":44},"6":{"name":"(anonymous_6)","decl":{"start":{"line":57,"column":19},"end":{"line":57,"column":20}},"loc":{"start":{"line":57,"column":25},"end":{"line":63,"column":11}},"line":57},"7":{"name":"(anonymous_7)","decl":{"start":{"line":70,"column":19},"end":{"line":70,"column":20}},"loc":{"start":{"line":70,"column":25},"end":{"line":76,"column":11}},"line":70},"8":{"name":"(anonymous_8)","decl":{"start":{"line":83,"column":19},"end":{"line":83,"column":20}},"loc":{"start":{"line":83,"column":25},"end":{"line":89,"column":11}},"line":83}},"branchMap":{"0":{"loc":{"start":{"line":24,"column":4},"end":{"line":24,"column":45}},"type":"if","locations":[{"start":{"line":24,"column":4},"end":{"line":24,"column":45}},{"start":{},"end":{}}],"line":24},"1":{"loc":{"start":{"line":24,"column":8},"end":{"line":24,"column":34}},"type":"binary-expr","locations":[{"start":{"line":24,"column":8},"end":{"line":24,"column":16}},{"start":{"line":24,"column":20},"end":{"line":24,"column":34}}],"line":24},"2":{"loc":{"start":{"line":26,"column":4},"end":{"line":26,"column":70}},"type":"if","locations":[{"start":{"line":26,"column":4},"end":{"line":26,"column":70}},{"start":{},"end":{}}],"line":26},"3":{"loc":{"start":{"line":27,"column":4},"end":{"line":29,"column":5}},"type":"if","locations":[{"start":{"line":27,"column":4},"end":{"line":29,"column":5}},{"start":{},"end":{}}],"line":27},"4":{"loc":{"start":{"line":27,"column":8},"end":{"line":27,"column":63}},"type":"binary-expr","locations":[{"start":{"line":27,"column":8},"end":{"line":27,"column":28}},{"start":{"line":27,"column":32},"end":{"line":27,"column":63}}],"line":27},"5":{"loc":{"start":{"line":28,"column":56},"end":{"line":28,"column":83}},"type":"binary-expr","locations":[{"start":{"line":28,"column":56},"end":{"line":28,"column":63}},{"start":{"line":28,"column":67},"end":{"line":28,"column":83}}],"line":28},"6":{"loc":{"start":{"line":33,"column":20},"end":{"line":33,"column":51}},"type":"binary-expr","locations":[{"start":{"line":33,"column":20},"end":{"line":33,"column":38}},{"start":{"line":33,"column":42},"end":{"line":33,"column":51}}],"line":33},"7":{"loc":{"start":{"line":49,"column":12},"end":{"line":49,"column":74}},"type":"binary-expr","locations":[{"start":{"line":49,"column":12},"end":{"line":49,"column":40}},{"start":{"line":49,"column":44},"end":{"line":49,"column":74}}],"line":49},"8":{"loc":{"start":{"line":62,"column":12},"end":{"line":62,"column":74}},"type":"binary-expr","locations":[{"start":{"line":62,"column":12},"end":{"line":62,"column":40}},{"start":{"line":62,"column":44},"end":{"line":62,"column":74}}],"line":62},"9":{"loc":{"start":{"line":75,"column":12},"end":{"line":75,"column":74}},"type":"binary-expr","locations":[{"start":{"line":75,"column":12},"end":{"line":75,"column":40}},{"start":{"line":75,"column":44},"end":{"line":75,"column":74}}],"line":75},"10":{"loc":{"start":{"line":88,"column":12},"end":{"line":88,"column":74}},"type":"binary-expr","locations":[{"start":{"line":88,"column":12},"end":{"line":88,"column":40}},{"start":{"line":88,"column":44},"end":{"line":88,"column":74}}],"line":88}},"s":{"0":1,"1":12,"2":12,"3":12,"4":0,"5":0,"6":12,"7":12,"8":12,"9":12,"10":0,"11":12,"12":12,"13":0,"14":0,"15":0,"16":0,"17":12,"18":12,"19":12,"20":0,"21":0,"22":0,"23":0,"24":0,"25":0,"26":0,"27":0,"28":1},"f":{"0":12,"1":0,"2":12,"3":12,"4":0,"5":0,"6":0,"7":0,"8":0},"b":{"0":[0,12],"1":[12,12],"2":[12,0],"3":[0,0],"4":[0,0],"5":[0,0],"6":[12,0],"7":[0,0],"8":[0,0],"9":[0,0],"10":[0,0]},"_coverageSchema":"1a1c01bbd47fc00a2c39e90264f33305004495a9","hash":"a7aab8e68abe2b040dfff7bba040284798e32fba"}
,"C:\\Users\\Alvaro\\OneDrive\\Área de Trabalho\\QrHunters\\src\\context\\AuthContext.tsx": {"path":"C:\\Users\\Alvaro\\OneDrive\\Área de Trabalho\\QrHunters\\src\\context\\AuthContext.tsx","statementMap":{"0":{"start":{"line":15,"column":20},"end":{"line":15,"column":73}},"1":{"start":{"line":17,"column":88},"end":{"line":41,"column":1}},"2":{"start":{"line":18,"column":26},"end":{"line":18,"column":60}},"3":{"start":{"line":19,"column":44},"end":{"line":19,"column":62}},"4":{"start":{"line":21,"column":16},"end":{"line":25,"column":3}},"5":{"start":{"line":22,"column":23},"end":{"line":22,"column":70}},"6":{"start":{"line":23,"column":4},"end":{"line":23,"column":24}},"7":{"start":{"line":24,"column":4},"end":{"line":24,"column":22}},"8":{"start":{"line":27,"column":19},"end":{"line":30,"column":3}},"9":{"start":{"line":28,"column":20},"end":{"line":28,"column":76}},"10":{"start":{"line":29,"column":4},"end":{"line":29,"column":19}},"11":{"start":{"line":32,"column":17},"end":{"line":34,"column":3}},"12":{"start":{"line":33,"column":4},"end":{"line":33,"column":18}},"13":{"start":{"line":36,"column":2},"end":{"line":40,"column":4}},"14":{"start":{"line":43,"column":23},"end":{"line":45,"column":1}},"15":{"start":{"line":44,"column":2},"end":{"line":44,"column":33}}},"fnMap":{"0":{"name":"(anonymous_0)","decl":{"start":{"line":17,"column":88},"end":{"line":17,"column":89}},"loc":{"start":{"line":17,"column":126},"end":{"line":41,"column":1}},"line":17},"1":{"name":"(anonymous_1)","decl":{"start":{"line":21,"column":16},"end":{"line":21,"column":17}},"loc":{"start":{"line":21,"column":59},"end":{"line":25,"column":3}},"line":21},"2":{"name":"(anonymous_2)","decl":{"start":{"line":27,"column":19},"end":{"line":27,"column":20}},"loc":{"start":{"line":27,"column":76},"end":{"line":30,"column":3}},"line":27},"3":{"name":"(anonymous_3)","decl":{"start":{"line":32,"column":17},"end":{"line":32,"column":18}},"loc":{"start":{"line":32,"column":23},"end":{"line":34,"column":3}},"line":32},"4":{"name":"(anonymous_4)","decl":{"start":{"line":43,"column":23},"end":{"line":43,"column":24}},"loc":{"start":{"line":43,"column":29},"end":{"line":45,"column":1}},"line":43}},"branchMap":{"0":{"loc":{"start":{"line":17,"column":101},"end":{"line":17,"column":119}},"type":"default-arg","locations":[{"start":{"line":17,"column":115},"end":{"line":17,"column":119}}],"line":17}},"s":{"0":10,"1":10,"2":35,"3":35,"4":35,"5":4,"6":1,"7":1,"8":35,"9":1,"10":1,"11":35,"12":0,"13":35,"14":10,"15":23},"f":{"0":35,"1":4,"2":1,"3":0,"4":23},"b":{"0":[35]},"_coverageSchema":"1a1c01bbd47fc00a2c39e90264f33305004495a9","hash":"4e60c7bb7e875d74a3a8585a8b6d184af442d3d4"}
,"C:\\Users\\Alvaro\\OneDrive\\Área de Trabalho\\QrHunters\\src\\core\\domain\\entities\\Journey.ts": {"path":"C:\\Users\\Alvaro\\OneDrive\\Área de Trabalho\\QrHunters\\src\\core\\domain\\entities\\Journey.ts","statementMap":{"0":{"start":{"line":21,"column":4},"end":{"line":21,"column":86}},"1":{"start":{"line":25,"column":4},"end":{"line":25,"column":102}},"2":{"start":{"line":29,"column":4},"end":{"line":29,"column":104}},"3":{"start":{"line":33,"column":4},"end":{"line":33,"column":118}}},"fnMap":{"0":{"name":"(anonymous_0)","decl":{"start":{"line":4,"column":2},"end":{"line":4,"column":3}},"loc":{"start":{"line":11,"column":4},"end":{"line":11,"column":7}},"line":11},"1":{"name":"(anonymous_1)","decl":{"start":{"line":13,"column":2},"end":{"line":13,"column":3}},"loc":{"start":{"line":20,"column":13},"end":{"line":22,"column":3}},"line":20},"2":{"name":"(anonymous_2)","decl":{"start":{"line":24,"column":2},"end":{"line":24,"column":3}},"loc":{"start":{"line":24,"column":53},"end":{"line":26,"column":3}},"line":24},"3":{"name":"(anonymous_3)","decl":{"start":{"line":28,"column":2},"end":{"line":28,"column":3}},"loc":{"start":{"line":28,"column":29},"end":{"line":30,"column":3}},"line":28},"4":{"name":"(anonymous_4)","decl":{"start":{"line":32,"column":2},"end":{"line":32,"column":3}},"loc":{"start":{"line":32,"column":55},"end":{"line":34,"column":3}},"line":32}},"branchMap":{},"s":{"0":16,"1":1,"2":1,"3":1},"f":{"0":19,"1":16,"2":1,"3":1,"4":1},"b":{},"_coverageSchema":"1a1c01bbd47fc00a2c39e90264f33305004495a9","hash":"1dafea1d4129bf909981c46edda8076d38648696"}
,"C:\\Users\\Alvaro\\OneDrive\\Área de Trabalho\\QrHunters\\src\\core\\domain\\entities\\JourneyPoint.ts": {"path":"C:\\Users\\Alvaro\\OneDrive\\Área de Trabalho\\QrHunters\\src\\core\\domain\\entities\\JourneyPoint.ts","statementMap":{"0":{"start":{"line":22,"column":4},"end":{"line":22,"column":85}}},"fnMap":{"0":{"name":"(anonymous_0)","decl":{"start":{"line":5,"column":2},"end":{"line":5,"column":3}},"loc":{"start":{"line":12,"column":4},"end":{"line":12,"column":7}},"line":12},"1":{"name":"(anonymous_1)","decl":{"start":{"line":14,"column":2},"end":{"line":14,"column":3}},"loc":{"start":{"line":21,"column":18},"end":{"line":23,"column":3}},"line":21}},"branchMap":{},"s":{"0":40},"f":{"0":40,"1":40},"b":{},"_coverageSchema":"1a1c01bbd47fc00a2c39e90264f33305004495a9","hash":"21900c458f890727ca8fcb0968cbdc96b5b468c7"}
,"C:\\Users\\Alvaro\\OneDrive\\Área de Trabalho\\QrHunters\\src\\core\\domain\\entities\\QRCode.ts": {"path":"C:\\Users\\Alvaro\\OneDrive\\Área de Trabalho\\QrHunters\\src\\core\\domain\\entities\\QRCode.ts","statementMap":{"0":{"start":{"line":22,"column":4},"end":{"line":22,"column":74}}},"fnMap":{"0":{"name":"(anonymous_0)","decl":{"start":{"line":5,"column":2},"end":{"line":5,"column":3}},"loc":{"start":{"line":12,"column":4},"end":{"line":12,"column":7}},"line":12},"1":{"name":"(anonymous_1)","decl":{"start":{"line":14,"column":2},"end":{"line":14,"column":3}},"loc":{"start":{"line":21,"column":12},"end":{"line":23,"column":3}},"line":21}},"branchMap":{},"s":{"0":11},"f":{"0":11,"1":11},"b":{},"_coverageSchema":"1a1c01bbd47fc00a2c39e90264f33305004495a9","hash":"be4538563465242adc338cd25b96b4c167d4c5b0"}
,"C:\\Users\\Alvaro\\OneDrive\\Área de Trabalho\\QrHunters\\src\\core\\domain\\entities\\User.ts": {"path":"C:\\Users\\Alvaro\\OneDrive\\Área de Trabalho\\QrHunters\\src\\core\\domain\\entities\\User.ts","statementMap":{"0":{"start":{"line":19,"column":8},"end":{"line":19,"column":51}},"1":{"start":{"line":24,"column":8},"end":{"line":24,"column":69}},"2":{"start":{"line":29,"column":8},"end":{"line":29,"column":69}},"3":{"start":{"line":34,"column":8},"end":{"line":34,"column":69}}},"fnMap":{"0":{"name":"(anonymous_0)","decl":{"start":{"line":6,"column":4},"end":{"line":6,"column":5}},"loc":{"start":{"line":11,"column":6},"end":{"line":11,"column":9}},"line":11},"1":{"name":"(anonymous_1)","decl":{"start":{"line":13,"column":4},"end":{"line":13,"column":5}},"loc":{"start":{"line":18,"column":12},"end":{"line":20,"column":5}},"line":18},"2":{"name":"(anonymous_2)","decl":{"start":{"line":23,"column":4},"end":{"line":23,"column":5}},"loc":{"start":{"line":23,"column":36},"end":{"line":25,"column":5}},"line":23},"3":{"name":"(anonymous_3)","decl":{"start":{"line":28,"column":4},"end":{"line":28,"column":5}},"loc":{"start":{"line":28,"column":39},"end":{"line":30,"column":5}},"line":28},"4":{"name":"(anonymous_4)","decl":{"start":{"line":33,"column":4},"end":{"line":33,"column":5}},"loc":{"start":{"line":33,"column":48},"end":{"line":35,"column":5}},"line":33}},"branchMap":{},"s":{"0":14,"1":1,"2":1,"3":1},"f":{"0":17,"1":14,"2":1,"3":1,"4":1},"b":{},"_coverageSchema":"1a1c01bbd47fc00a2c39e90264f33305004495a9","hash":"30eeee228d3874943fbfdc9c8abaa7b8dcc70e55"}
,"C:\\Users\\Alvaro\\OneDrive\\Área de Trabalho\\QrHunters\\src\\core\\domain\\use-cases\\ChangePasswordUseCase.ts": {"path":"C:\\Users\\Alvaro\\OneDrive\\Área de Trabalho\\QrHunters\\src\\core\\domain\\use-cases\\ChangePasswordUseCase.ts","statementMap":{"0":{"start":{"line":12,"column":49},"end":{"line":12,"column":55}},"1":{"start":{"line":14,"column":26},"end":{"line":14,"column":54}},"2":{"start":{"line":15,"column":26},"end":{"line":15,"column":54}},"3":{"start":{"line":17,"column":4},"end":{"line":21,"column":6}}},"fnMap":{"0":{"name":"(anonymous_0)","decl":{"start":{"line":5,"column":2},"end":{"line":5,"column":3}},"loc":{"start":{"line":5,"column":63},"end":{"line":5,"column":65}},"line":5},"1":{"name":"(anonymous_1)","decl":{"start":{"line":7,"column":2},"end":{"line":7,"column":3}},"loc":{"start":{"line":11,"column":23},"end":{"line":22,"column":3}},"line":11}},"branchMap":{},"s":{"0":1,"1":1,"2":1,"3":1},"f":{"0":57,"1":1},"b":{},"_coverageSchema":"1a1c01bbd47fc00a2c39e90264f33305004495a9","hash":"8d46abfac5780af0be67e402529995699b7c6198"}
,"C:\\Users\\Alvaro\\OneDrive\\Área de Trabalho\\QrHunters\\src\\core\\domain\\use-cases\\CompleteJourneyPointUseCase.ts": {"path":"C:\\Users\\Alvaro\\OneDrive\\Área de Trabalho\\QrHunters\\src\\core\\domain\\use-cases\\CompleteJourneyPointUseCase.ts","statementMap":{"0":{"start":{"line":11,"column":35},"end":{"line":11,"column":41}},"1":{"start":{"line":12,"column":4},"end":{"line":12,"column":75}}},"fnMap":{"0":{"name":"(anonymous_0)","decl":{"start":{"line":5,"column":2},"end":{"line":5,"column":3}},"loc":{"start":{"line":5,"column":69},"end":{"line":5,"column":71}},"line":5},"1":{"name":"(anonymous_1)","decl":{"start":{"line":7,"column":2},"end":{"line":7,"column":3}},"loc":{"start":{"line":10,"column":23},"end":{"line":13,"column":3}},"line":10}},"branchMap":{},"s":{"0":1,"1":1},"f":{"0":9,"1":1},"b":{},"_coverageSchema":"1a1c01bbd47fc00a2c39e90264f33305004495a9","hash":"453076a9d238b2677e4209e15edcd582f6b2a33d"}
,"C:\\Users\\Alvaro\\OneDrive\\Área de Trabalho\\QrHunters\\src\\core\\domain\\use-cases\\DeleteAccountUseCase.ts": {"path":"C:\\Users\\Alvaro\\OneDrive\\Área de Trabalho\\QrHunters\\src\\core\\domain\\use-cases\\DeleteAccountUseCase.ts","statementMap":{"0":{"start":{"line":7,"column":23},"end":{"line":7,"column":29}},"1":{"start":{"line":8,"column":4},"end":{"line":8,"column":53}}},"fnMap":{"0":{"name":"(anonymous_0)","decl":{"start":{"line":4,"column":2},"end":{"line":4,"column":3}},"loc":{"start":{"line":4,"column":63},"end":{"line":4,"column":65}},"line":4},"1":{"name":"(anonymous_1)","decl":{"start":{"line":6,"column":2},"end":{"line":6,"column":3}},"loc":{"start":{"line":6,"column":62},"end":{"line":9,"column":3}},"line":6}},"branchMap":{},"s":{"0":1,"1":1},"f":{"0":57,"1":1},"b":{},"_coverageSchema":"1a1c01bbd47fc00a2c39e90264f33305004495a9","hash":"404888e5c19f58465db4a23b260b12733b895c5e"}
,"C:\\Users\\Alvaro\\OneDrive\\Área de Trabalho\\QrHunters\\src\\core\\domain\\use-cases\\FinishJourneyUseCase.ts": {"path":"C:\\Users\\Alvaro\\OneDrive\\Área de Trabalho\\QrHunters\\src\\core\\domain\\use-cases\\FinishJourneyUseCase.ts","statementMap":{"0":{"start":{"line":8,"column":26},"end":{"line":8,"column":32}},"1":{"start":{"line":9,"column":4},"end":{"line":9,"column":59}}},"fnMap":{"0":{"name":"(anonymous_0)","decl":{"start":{"line":5,"column":2},"end":{"line":5,"column":3}},"loc":{"start":{"line":5,"column":69},"end":{"line":5,"column":71}},"line":5},"1":{"name":"(anonymous_1)","decl":{"start":{"line":7,"column":2},"end":{"line":7,"column":3}},"loc":{"start":{"line":7,"column":65},"end":{"line":10,"column":3}},"line":7}},"branchMap":{},"s":{"0":1,"1":1},"f":{"0":9,"1":1},"b":{},"_coverageSchema":"1a1c01bbd47fc00a2c39e90264f33305004495a9","hash":"9fc8e61070aedf57d32384c15bd7f6f2509bcc52"}
,"C:\\Users\\Alvaro\\OneDrive\\Área de Trabalho\\QrHunters\\src\\core\\domain\\use-cases\\GetAllJourneysUseCase.ts": {"path":"C:\\Users\\Alvaro\\OneDrive\\Área de Trabalho\\QrHunters\\src\\core\\domain\\use-cases\\GetAllJourneysUseCase.ts","statementMap":{"0":{"start":{"line":8,"column":4},"end":{"line":8,"column":51}}},"fnMap":{"0":{"name":"(anonymous_0)","decl":{"start":{"line":5,"column":2},"end":{"line":5,"column":3}},"loc":{"start":{"line":5,"column":69},"end":{"line":5,"column":71}},"line":5},"1":{"name":"(anonymous_1)","decl":{"start":{"line":7,"column":2},"end":{"line":7,"column":3}},"loc":{"start":{"line":7,"column":38},"end":{"line":9,"column":3}},"line":7}},"branchMap":{},"s":{"0":4},"f":{"0":9,"1":4},"b":{},"_coverageSchema":"1a1c01bbd47fc00a2c39e90264f33305004495a9","hash":"a1c91689528c6b81f822ec822edde6a1d469e36f"}
,"C:\\Users\\Alvaro\\OneDrive\\Área de Trabalho\\QrHunters\\src\\core\\domain\\use-cases\\GetJourneyUseCase.ts": {"path":"C:\\Users\\Alvaro\\OneDrive\\Área de Trabalho\\QrHunters\\src\\core\\domain\\use-cases\\GetJourneyUseCase.ts","statementMap":{"0":{"start":{"line":8,"column":26},"end":{"line":8,"column":32}},"1":{"start":{"line":9,"column":4},"end":{"line":9,"column":56}}},"fnMap":{"0":{"name":"(anonymous_0)","decl":{"start":{"line":5,"column":2},"end":{"line":5,"column":3}},"loc":{"start":{"line":5,"column":69},"end":{"line":5,"column":71}},"line":5},"1":{"name":"(anonymous_1)","decl":{"start":{"line":7,"column":2},"end":{"line":7,"column":3}},"loc":{"start":{"line":7,"column":77},"end":{"line":10,"column":3}},"line":7}},"branchMap":{},"s":{"0":2,"1":2},"f":{"0":9,"1":2},"b":{},"_coverageSchema":"1a1c01bbd47fc00a2c39e90264f33305004495a9","hash":"57ba6bc6f62d857102fb59f8ce80407472f1206b"}
,"C:\\Users\\Alvaro\\OneDrive\\Área de Trabalho\\QrHunters\\src\\core\\domain\\use-cases\\GetQRCodeDetailsUseCase.ts": {"path":"C:\\Users\\Alvaro\\OneDrive\\Área de Trabalho\\QrHunters\\src\\core\\domain\\use-cases\\GetQRCodeDetailsUseCase.ts","statementMap":{"0":{"start":{"line":8,"column":19},"end":{"line":8,"column":25}},"1":{"start":{"line":9,"column":4},"end":{"line":9,"column":54}}},"fnMap":{"0":{"name":"(anonymous_0)","decl":{"start":{"line":5,"column":2},"end":{"line":5,"column":3}},"loc":{"start":{"line":5,"column":67},"end":{"line":5,"column":69}},"line":5},"1":{"name":"(anonymous_1)","decl":{"start":{"line":7,"column":2},"end":{"line":7,"column":3}},"loc":{"start":{"line":7,"column":69},"end":{"line":10,"column":3}},"line":7}},"branchMap":{},"s":{"0":2,"1":2},"f":{"0":4,"1":2},"b":{},"_coverageSchema":"1a1c01bbd47fc00a2c39e90264f33305004495a9","hash":"cdf42f5f83956814489c7977296b32b8a6d4e3a0"}
,"C:\\Users\\Alvaro\\OneDrive\\Área de Trabalho\\QrHunters\\src\\core\\domain\\use-cases\\GetUserProgressUseCase.ts": {"path":"C:\\Users\\Alvaro\\OneDrive\\Área de Trabalho\\QrHunters\\src\\core\\domain\\use-cases\\GetUserProgressUseCase.ts","statementMap":{"0":{"start":{"line":8,"column":23},"end":{"line":8,"column":29}},"1":{"start":{"line":9,"column":4},"end":{"line":9,"column":59}}},"fnMap":{"0":{"name":"(anonymous_0)","decl":{"start":{"line":5,"column":2},"end":{"line":5,"column":3}},"loc":{"start":{"line":5,"column":71},"end":{"line":5,"column":73}},"line":5},"1":{"name":"(anonymous_1)","decl":{"start":{"line":7,"column":2},"end":{"line":7,"column":3}},"loc":{"start":{"line":7,"column":63},"end":{"line":10,"column":3}},"line":7}},"branchMap":{},"s":{"0":3,"1":3},"f":{"0":3,"1":3},"b":{},"_coverageSchema":"1a1c01bbd47fc00a2c39e90264f33305004495a9","hash":"9d955a30e99f1a6777dbaeb1109114f5e941a874"}
,"C:\\Users\\Alvaro\\OneDrive\\Área de Trabalho\\QrHunters\\src\\core\\domain\\use-cases\\LoginUseCase.ts": {"path":"C:\\Users\\Alvaro\\OneDrive\\Área de Trabalho\\QrHunters\\src\\core\\domain\\use-cases\\LoginUseCase.ts","statementMap":{"0":{"start":{"line":13,"column":32},"end":{"line":13,"column":38}},"1":{"start":{"line":15,"column":20},"end":{"line":15,"column":39}},"2":{"start":{"line":16,"column":23},"end":{"line":16,"column":48}},"3":{"start":{"line":18,"column":4},"end":{"line":18,"column":58}}},"fnMap":{"0":{"name":"(anonymous_0)","decl":{"start":{"line":7,"column":2},"end":{"line":7,"column":3}},"loc":{"start":{"line":7,"column":63},"end":{"line":7,"column":65}},"line":7},"1":{"name":"(anonymous_1)","decl":{"start":{"line":9,"column":2},"end":{"line":9,"column":3}},"loc":{"start":{"line":12,"column":20},"end":{"line":19,"column":3}},"line":12}},"branchMap":{},"s":{"0":6,"1":6,"2":5,"3":4},"f":{"0":57,"1":6},"b":{},"_coverageSchema":"1a1c01bbd47fc00a2c39e90264f33305004495a9","hash":"b10c7697c3a9dc6eb049bb2c7c7abde22fcc1088"}
,"C:\\Users\\Alvaro\\OneDrive\\Área de Trabalho\\QrHunters\\src\\core\\domain\\use-cases\\RegisterUseCase.ts": {"path":"C:\\Users\\Alvaro\\OneDrive\\Área de Trabalho\\QrHunters\\src\\core\\domain\\use-cases\\RegisterUseCase.ts","statementMap":{"0":{"start":{"line":17,"column":17},"end":{"line":17,"column":41}},"1":{"start":{"line":18,"column":18},"end":{"line":18,"column":44}},"2":{"start":{"line":19,"column":21},"end":{"line":19,"column":53}},"3":{"start":{"line":20,"column":4},"end":{"line":20,"column":63}}},"fnMap":{"0":{"name":"(anonymous_0)","decl":{"start":{"line":14,"column":2},"end":{"line":14,"column":3}},"loc":{"start":{"line":14,"column":54},"end":{"line":14,"column":56}},"line":14},"1":{"name":"(anonymous_1)","decl":{"start":{"line":16,"column":2},"end":{"line":16,"column":3}},"loc":{"start":{"line":16,"column":55},"end":{"line":21,"column":3}},"line":16}},"branchMap":{},"s":{"0":8,"1":8,"2":8,"3":8},"f":{"0":57,"1":8},"b":{},"_coverageSchema":"1a1c01bbd47fc00a2c39e90264f33305004495a9","hash":"d7147bc90ccb82200c6ad22d2e91b0bfa9fbb642"}
,"C:\\Users\\Alvaro\\OneDrive\\Área de Trabalho\\QrHunters\\src\\core\\domain\\use-cases\\ScanQRCodeUseCase.ts": {"path":"C:\\Users\\Alvaro\\OneDrive\\Área de Trabalho\\QrHunters\\src\\core\\domain\\use-cases\\ScanQRCodeUseCase.ts","statementMap":{"0":{"start":{"line":13,"column":31},"end":{"line":13,"column":37}},"1":{"start":{"line":15,"column":19},"end":{"line":15,"column":36}},"2":{"start":{"line":16,"column":23},"end":{"line":16,"column":48}},"3":{"start":{"line":18,"column":4},"end":{"line":18,"column":64}}},"fnMap":{"0":{"name":"(anonymous_0)","decl":{"start":{"line":7,"column":2},"end":{"line":7,"column":3}},"loc":{"start":{"line":7,"column":67},"end":{"line":7,"column":69}},"line":7},"1":{"name":"(anonymous_1)","decl":{"start":{"line":9,"column":2},"end":{"line":9,"column":3}},"loc":{"start":{"line":12,"column":22},"end":{"line":19,"column":3}},"line":12}},"branchMap":{},"s":{"0":2,"1":2,"2":2,"3":2},"f":{"0":4,"1":2},"b":{},"_coverageSchema":"1a1c01bbd47fc00a2c39e90264f33305004495a9","hash":"b320de1f2faeb03e4559edb9473757b5cbcaab62"}
,"C:\\Users\\Alvaro\\OneDrive\\Área de Trabalho\\QrHunters\\src\\core\\domain\\use-cases\\StartJourneyUseCase.ts": {"path":"C:\\Users\\Alvaro\\OneDrive\\Área de Trabalho\\QrHunters\\src\\core\\domain\\use-cases\\StartJourneyUseCase.ts","statementMap":{"0":{"start":{"line":8,"column":26},"end":{"line":8,"column":32}},"1":{"start":{"line":9,"column":4},"end":{"line":9,"column":58}}},"fnMap":{"0":{"name":"(anonymous_0)","decl":{"start":{"line":5,"column":2},"end":{"line":5,"column":3}},"loc":{"start":{"line":5,"column":69},"end":{"line":5,"column":71}},"line":5},"1":{"name":"(anonymous_1)","decl":{"start":{"line":7,"column":2},"end":{"line":7,"column":3}},"loc":{"start":{"line":7,"column":65},"end":{"line":10,"column":3}},"line":7}},"branchMap":{},"s":{"0":2,"1":2},"f":{"0":9,"1":2},"b":{},"_coverageSchema":"1a1c01bbd47fc00a2c39e90264f33305004495a9","hash":"14a012cbcb312638f760e96c2c6e843d64e51393"}
,"C:\\Users\\Alvaro\\OneDrive\\Área de Trabalho\\QrHunters\\src\\core\\domain\\use-cases\\UpdateProfileUseCase.ts": {"path":"C:\\Users\\Alvaro\\OneDrive\\Área de Trabalho\\QrHunters\\src\\core\\domain\\use-cases\\UpdateProfileUseCase.ts","statementMap":{"0":{"start":{"line":14,"column":36},"end":{"line":14,"column":42}},"1":{"start":{"line":16,"column":19},"end":{"line":16,"column":36}},"2":{"start":{"line":17,"column":20},"end":{"line":17,"column":39}},"3":{"start":{"line":19,"column":4},"end":{"line":19,"column":70}}},"fnMap":{"0":{"name":"(anonymous_0)","decl":{"start":{"line":7,"column":2},"end":{"line":7,"column":3}},"loc":{"start":{"line":7,"column":63},"end":{"line":7,"column":65}},"line":7},"1":{"name":"(anonymous_1)","decl":{"start":{"line":9,"column":2},"end":{"line":9,"column":3}},"loc":{"start":{"line":13,"column":20},"end":{"line":20,"column":3}},"line":13}},"branchMap":{},"s":{"0":1,"1":1,"2":1,"3":1},"f":{"0":57,"1":1},"b":{},"_coverageSchema":"1a1c01bbd47fc00a2c39e90264f33305004495a9","hash":"7ebe164074ee536dda92f5bee8a946a134387cd3"}
,"C:\\Users\\Alvaro\\OneDrive\\Área de Trabalho\\QrHunters\\src\\core\\domain\\value-objects\\Code.ts": {"path":"C:\\Users\\Alvaro\\OneDrive\\Área de Trabalho\\QrHunters\\src\\core\\domain\\value-objects\\Code.ts","statementMap":{"0":{"start":{"line":3,"column":8},"end":{"line":5,"column":9}},"1":{"start":{"line":4,"column":12},"end":{"line":4,"column":78}},"2":{"start":{"line":9,"column":8},"end":{"line":9,"column":30}},"3":{"start":{"line":13,"column":8},"end":{"line":13,"column":38}},"4":{"start":{"line":17,"column":8},"end":{"line":17,"column":42}}},"fnMap":{"0":{"name":"(anonymous_0)","decl":{"start":{"line":2,"column":4},"end":{"line":2,"column":5}},"loc":{"start":{"line":2,"column":48},"end":{"line":6,"column":5}},"line":2},"1":{"name":"(anonymous_1)","decl":{"start":{"line":8,"column":4},"end":{"line":8,"column":5}},"loc":{"start":{"line":8,"column":38},"end":{"line":10,"column":5}},"line":8},"2":{"name":"(anonymous_2)","decl":{"start":{"line":12,"column":4},"end":{"line":12,"column":5}},"loc":{"start":{"line":12,"column":42},"end":{"line":14,"column":5}},"line":12},"3":{"name":"(anonymous_3)","decl":{"start":{"line":16,"column":4},"end":{"line":16,"column":5}},"loc":{"start":{"line":16,"column":33},"end":{"line":18,"column":5}},"line":16}},"branchMap":{"0":{"loc":{"start":{"line":3,"column":8},"end":{"line":5,"column":9}},"type":"if","locations":[{"start":{"line":3,"column":8},"end":{"line":5,"column":9}},{"start":{},"end":{}}],"line":3}},"s":{"0":17,"1":2,"2":17,"3":17,"4":5},"f":{"0":17,"1":17,"2":17,"3":5},"b":{"0":[2,15]},"_coverageSchema":"1a1c01bbd47fc00a2c39e90264f33305004495a9","hash":"f1bba5a3a07dc42601676b8b89e1466e5a1f3e89"}
,"C:\\Users\\Alvaro\\OneDrive\\Área de Trabalho\\QrHunters\\src\\core\\domain\\value-objects\\Email.ts": {"path":"C:\\Users\\Alvaro\\OneDrive\\Área de Trabalho\\QrHunters\\src\\core\\domain\\value-objects\\Email.ts","statementMap":{"0":{"start":{"line":3,"column":8},"end":{"line":5,"column":9}},"1":{"start":{"line":4,"column":12},"end":{"line":4,"column":53}},"2":{"start":{"line":9,"column":8},"end":{"line":9,"column":32}},"3":{"start":{"line":14,"column":27},"end":{"line":14,"column":41}},"4":{"start":{"line":15,"column":8},"end":{"line":15,"column":38}},"5":{"start":{"line":19,"column":8},"end":{"line":19,"column":42}}},"fnMap":{"0":{"name":"(anonymous_0)","decl":{"start":{"line":2,"column":4},"end":{"line":2,"column":5}},"loc":{"start":{"line":2,"column":48},"end":{"line":6,"column":5}},"line":2},"1":{"name":"(anonymous_1)","decl":{"start":{"line":8,"column":4},"end":{"line":8,"column":5}},"loc":{"start":{"line":8,"column":40},"end":{"line":10,"column":5}},"line":8},"2":{"name":"(anonymous_2)","decl":{"start":{"line":12,"column":4},"end":{"line":12,"column":5}},"loc":{"start":{"line":12,"column":43},"end":{"line":16,"column":5}},"line":12},"3":{"name":"(anonymous_3)","decl":{"start":{"line":18,"column":4},"end":{"line":18,"column":5}},"loc":{"start":{"line":18,"column":34},"end":{"line":20,"column":5}},"line":18}},"branchMap":{"0":{"loc":{"start":{"line":3,"column":8},"end":{"line":5,"column":9}},"type":"if","locations":[{"start":{"line":3,"column":8},"end":{"line":5,"column":9}},{"start":{},"end":{}}],"line":3}},"s":{"0":30,"1":4,"2":30,"3":30,"4":30,"5":7},"f":{"0":30,"1":30,"2":30,"3":7},"b":{"0":[4,26]},"_coverageSchema":"1a1c01bbd47fc00a2c39e90264f33305004495a9","hash":"530be8e7bf3e256e2773e6bb66d2863f603fa96f"}
,"C:\\Users\\Alvaro\\OneDrive\\Área de Trabalho\\QrHunters\\src\\core\\domain\\value-objects\\Latitude.ts": {"path":"C:\\Users\\Alvaro\\OneDrive\\Área de Trabalho\\QrHunters\\src\\core\\domain\\value-objects\\Latitude.ts","statementMap":{"0":{"start":{"line":3,"column":8},"end":{"line":5,"column":9}},"1":{"start":{"line":4,"column":12},"end":{"line":4,"column":86}},"2":{"start":{"line":9,"column":8},"end":{"line":9,"column":38}},"3":{"start":{"line":13,"column":8},"end":{"line":13,"column":49}},"4":{"start":{"line":17,"column":8},"end":{"line":17,"column":42}}},"fnMap":{"0":{"name":"(anonymous_0)","decl":{"start":{"line":2,"column":4},"end":{"line":2,"column":5}},"loc":{"start":{"line":2,"column":48},"end":{"line":6,"column":5}},"line":2},"1":{"name":"(anonymous_1)","decl":{"start":{"line":8,"column":4},"end":{"line":8,"column":5}},"loc":{"start":{"line":8,"column":46},"end":{"line":10,"column":5}},"line":8},"2":{"name":"(anonymous_2)","decl":{"start":{"line":12,"column":4},"end":{"line":12,"column":5}},"loc":{"start":{"line":12,"column":46},"end":{"line":14,"column":5}},"line":12},"3":{"name":"(anonymous_3)","decl":{"start":{"line":16,"column":4},"end":{"line":16,"column":5}},"loc":{"start":{"line":16,"column":37},"end":{"line":18,"column":5}},"line":16}},"branchMap":{"0":{"loc":{"start":{"line":3,"column":8},"end":{"line":5,"column":9}},"type":"if","locations":[{"start":{"line":3,"column":8},"end":{"line":5,"column":9}},{"start":{},"end":{}}],"line":3},"1":{"loc":{"start":{"line":13,"column":15},"end":{"line":13,"column":48}},"type":"binary-expr","locations":[{"start":{"line":13,"column":15},"end":{"line":13,"column":30}},{"start":{"line":13,"column":34},"end":{"line":13,"column":48}}],"line":13}},"s":{"0":32,"1":2,"2":32,"3":32,"4":2},"f":{"0":32,"1":32,"2":32,"3":2},"b":{"0":[2,30],"1":[32,31]},"_coverageSchema":"1a1c01bbd47fc00a2c39e90264f33305004495a9","hash":"5890279233c42ebfff36175e14d11790b8d7cbc7"}
,"C:\\Users\\Alvaro\\OneDrive\\Área de Trabalho\\QrHunters\\src\\core\\domain\\value-objects\\Location.ts": {"path":"C:\\Users\\Alvaro\\OneDrive\\Área de Trabalho\\QrHunters\\src\\core\\domain\\value-objects\\Location.ts","statementMap":{"0":{"start":{"line":3,"column":8},"end":{"line":5,"column":9}},"1":{"start":{"line":4,"column":12},"end":{"line":4,"column":86}},"2":{"start":{"line":9,"column":8},"end":{"line":9,"column":38}},"3":{"start":{"line":13,"column":8},"end":{"line":13,"column":42}},"4":{"start":{"line":17,"column":8},"end":{"line":17,"column":42}}},"fnMap":{"0":{"name":"(anonymous_0)","decl":{"start":{"line":2,"column":4},"end":{"line":2,"column":5}},"loc":{"start":{"line":2,"column":48},"end":{"line":6,"column":5}},"line":2},"1":{"name":"(anonymous_1)","decl":{"start":{"line":8,"column":4},"end":{"line":8,"column":5}},"loc":{"start":{"line":8,"column":46},"end":{"line":10,"column":5}},"line":8},"2":{"name":"(anonymous_2)","decl":{"start":{"line":12,"column":4},"end":{"line":12,"column":5}},"loc":{"start":{"line":12,"column":46},"end":{"line":14,"column":5}},"line":12},"3":{"name":"(anonymous_3)","decl":{"start":{"line":16,"column":4},"end":{"line":16,"column":5}},"loc":{"start":{"line":16,"column":37},"end":{"line":18,"column":5}},"line":16}},"branchMap":{"0":{"loc":{"start":{"line":3,"column":8},"end":{"line":5,"column":9}},"type":"if","locations":[{"start":{"line":3,"column":8},"end":{"line":5,"column":9}},{"start":{},"end":{}}],"line":3}},"s":{"0":17,"1":2,"2":17,"3":17,"4":2},"f":{"0":17,"1":17,"2":17,"3":2},"b":{"0":[2,15]},"_coverageSchema":"1a1c01bbd47fc00a2c39e90264f33305004495a9","hash":"161af92afed274d372bf466296146648669485da"}
,"C:\\Users\\Alvaro\\OneDrive\\Área de Trabalho\\QrHunters\\src\\core\\domain\\value-objects\\Longitude.ts": {"path":"C:\\Users\\Alvaro\\OneDrive\\Área de Trabalho\\QrHunters\\src\\core\\domain\\value-objects\\Longitude.ts","statementMap":{"0":{"start":{"line":3,"column":8},"end":{"line":5,"column":9}},"1":{"start":{"line":4,"column":12},"end":{"line":4,"column":90}},"2":{"start":{"line":9,"column":8},"end":{"line":9,"column":40}},"3":{"start":{"line":13,"column":8},"end":{"line":13,"column":53}},"4":{"start":{"line":17,"column":8},"end":{"line":17,"column":42}}},"fnMap":{"0":{"name":"(anonymous_0)","decl":{"start":{"line":2,"column":4},"end":{"line":2,"column":5}},"loc":{"start":{"line":2,"column":48},"end":{"line":6,"column":5}},"line":2},"1":{"name":"(anonymous_1)","decl":{"start":{"line":8,"column":4},"end":{"line":8,"column":5}},"loc":{"start":{"line":8,"column":48},"end":{"line":10,"column":5}},"line":8},"2":{"name":"(anonymous_2)","decl":{"start":{"line":12,"column":4},"end":{"line":12,"column":5}},"loc":{"start":{"line":12,"column":47},"end":{"line":14,"column":5}},"line":12},"3":{"name":"(anonymous_3)","decl":{"start":{"line":16,"column":4},"end":{"line":16,"column":5}},"loc":{"start":{"line":16,"column":38},"end":{"line":18,"column":5}},"line":16}},"branchMap":{"0":{"loc":{"start":{"line":3,"column":8},"end":{"line":5,"column":9}},"type":"if","locations":[{"start":{"line":3,"column":8},"end":{"line":5,"column":9}},{"start":{},"end":{}}],"line":3},"1":{"loc":{"start":{"line":13,"column":15},"end":{"line":13,"column":52}},"type":"binary-expr","locations":[{"start":{"line":13,"column":15},"end":{"line":13,"column":32}},{"start":{"line":13,"column":36},"end":{"line":13,"column":52}}],"line":13}},"s":{"0":32,"1":2,"2":32,"3":32,"4":2},"f":{"0":32,"1":32,"2":32,"3":2},"b":{"0":[2,30],"1":[32,31]},"_coverageSchema":"1a1c01bbd47fc00a2c39e90264f33305004495a9","hash":"4b132d6f9742086a721f7080dfda9bcc33c3a313"}
,"C:\\Users\\Alvaro\\OneDrive\\Área de Trabalho\\QrHunters\\src\\core\\domain\\value-objects\\Name.ts": {"path":"C:\\Users\\Alvaro\\OneDrive\\Área de Trabalho\\QrHunters\\src\\core\\domain\\value-objects\\Name.ts","statementMap":{"0":{"start":{"line":3,"column":8},"end":{"line":5,"column":9}},"1":{"start":{"line":4,"column":12},"end":{"line":4,"column":123}},"2":{"start":{"line":9,"column":8},"end":{"line":9,"column":30}},"3":{"start":{"line":13,"column":26},"end":{"line":13,"column":46}},"4":{"start":{"line":14,"column":8},"end":{"line":14,"column":36}},"5":{"start":{"line":18,"column":8},"end":{"line":18,"column":42}}},"fnMap":{"0":{"name":"(anonymous_0)","decl":{"start":{"line":2,"column":4},"end":{"line":2,"column":5}},"loc":{"start":{"line":2,"column":48},"end":{"line":6,"column":5}},"line":2},"1":{"name":"(anonymous_1)","decl":{"start":{"line":8,"column":4},"end":{"line":8,"column":5}},"loc":{"start":{"line":8,"column":38},"end":{"line":10,"column":5}},"line":8},"2":{"name":"(anonymous_2)","decl":{"start":{"line":12,"column":4},"end":{"line":12,"column":5}},"loc":{"start":{"line":12,"column":42},"end":{"line":15,"column":5}},"line":12},"3":{"name":"(anonymous_3)","decl":{"start":{"line":17,"column":4},"end":{"line":17,"column":5}},"loc":{"start":{"line":17,"column":33},"end":{"line":19,"column":5}},"line":17}},"branchMap":{"0":{"loc":{"start":{"line":3,"column":8},"end":{"line":5,"column":9}},"type":"if","locations":[{"start":{"line":3,"column":8},"end":{"line":5,"column":9}},{"start":{},"end":{}}],"line":3}},"s":{"0":22,"1":3,"2":22,"3":22,"4":22,"5":2},"f":{"0":22,"1":22,"2":22,"3":2},"b":{"0":[3,19]},"_coverageSchema":"1a1c01bbd47fc00a2c39e90264f33305004495a9","hash":"9236a075738e41fff9123b9b57062920adf2915d"}
,"C:\\Users\\Alvaro\\OneDrive\\Área de Trabalho\\QrHunters\\src\\core\\domain\\value-objects\\Password.ts": {"path":"C:\\Users\\Alvaro\\OneDrive\\Área de Trabalho\\QrHunters\\src\\core\\domain\\value-objects\\Password.ts","statementMap":{"0":{"start":{"line":3,"column":8},"end":{"line":5,"column":9}},"1":{"start":{"line":4,"column":12},"end":{"line":4,"column":197}},"2":{"start":{"line":9,"column":8},"end":{"line":9,"column":38}},"3":{"start":{"line":14,"column":30},"end":{"line":14,"column":111}},"4":{"start":{"line":15,"column":8},"end":{"line":15,"column":44}},"5":{"start":{"line":19,"column":8},"end":{"line":19,"column":42}}},"fnMap":{"0":{"name":"(anonymous_0)","decl":{"start":{"line":2,"column":4},"end":{"line":2,"column":5}},"loc":{"start":{"line":2,"column":48},"end":{"line":6,"column":5}},"line":2},"1":{"name":"(anonymous_1)","decl":{"start":{"line":8,"column":4},"end":{"line":8,"column":5}},"loc":{"start":{"line":8,"column":46},"end":{"line":10,"column":5}},"line":8},"2":{"name":"(anonymous_2)","decl":{"start":{"line":12,"column":4},"end":{"line":12,"column":5}},"loc":{"start":{"line":12,"column":46},"end":{"line":16,"column":5}},"line":12},"3":{"name":"(anonymous_3)","decl":{"start":{"line":18,"column":4},"end":{"line":18,"column":5}},"loc":{"start":{"line":18,"column":37},"end":{"line":20,"column":5}},"line":18}},"branchMap":{"0":{"loc":{"start":{"line":3,"column":8},"end":{"line":5,"column":9}},"type":"if","locations":[{"start":{"line":3,"column":8},"end":{"line":5,"column":9}},{"start":{},"end":{}}],"line":3}},"s":{"0":30,"1":6,"2":30,"3":30,"4":30,"5":5},"f":{"0":30,"1":30,"2":30,"3":5},"b":{"0":[6,24]},"_coverageSchema":"1a1c01bbd47fc00a2c39e90264f33305004495a9","hash":"eadf62449ab274160bf1ae23e1dca42b4b0f83fa"}
,"C:\\Users\\Alvaro\\OneDrive\\Área de Trabalho\\QrHunters\\src\\core\\factories\\AuthFactory.ts": {"path":"C:\\Users\\Alvaro\\OneDrive\\Área de Trabalho\\QrHunters\\src\\core\\factories\\AuthFactory.ts","statementMap":{"0":{"start":{"line":10,"column":41},"end":{"line":10,"column":73}},"1":{"start":{"line":12,"column":32},"end":{"line":12,"column":73}},"2":{"start":{"line":13,"column":31},"end":{"line":13,"column":71}},"3":{"start":{"line":14,"column":23},"end":{"line":14,"column":55}},"4":{"start":{"line":15,"column":26},"end":{"line":15,"column":61}},"5":{"start":{"line":16,"column":31},"end":{"line":16,"column":71}},"6":{"start":{"line":18,"column":2},"end":{"line":24,"column":4}}},"fnMap":{"0":{"name":"makeAuthUseCases","decl":{"start":{"line":9,"column":16},"end":{"line":9,"column":32}},"loc":{"start":{"line":9,"column":35},"end":{"line":25,"column":1}},"line":9}},"branchMap":{},"s":{"0":57,"1":57,"2":57,"3":57,"4":57,"5":57,"6":57},"f":{"0":57},"b":{},"_coverageSchema":"1a1c01bbd47fc00a2c39e90264f33305004495a9","hash":"78e48d17beb22a25206d286481c85c7596855741"}
,"C:\\Users\\Alvaro\\OneDrive\\Área de Trabalho\\QrHunters\\src\\core\\factories\\JourneyFactory.ts": {"path":"C:\\Users\\Alvaro\\OneDrive\\Área de Trabalho\\QrHunters\\src\\core\\factories\\JourneyFactory.ts","statementMap":{"0":{"start":{"line":10,"column":47},"end":{"line":10,"column":82}},"1":{"start":{"line":12,"column":38},"end":{"line":12,"column":88}},"2":{"start":{"line":13,"column":31},"end":{"line":13,"column":74}},"3":{"start":{"line":14,"column":32},"end":{"line":14,"column":76}},"4":{"start":{"line":15,"column":28},"end":{"line":15,"column":68}},"5":{"start":{"line":16,"column":30},"end":{"line":16,"column":72}},"6":{"start":{"line":18,"column":2},"end":{"line":24,"column":4}}},"fnMap":{"0":{"name":"makeJourneyUseCases","decl":{"start":{"line":9,"column":16},"end":{"line":9,"column":35}},"loc":{"start":{"line":9,"column":38},"end":{"line":25,"column":1}},"line":9}},"branchMap":{},"s":{"0":9,"1":9,"2":9,"3":9,"4":9,"5":9,"6":9},"f":{"0":9},"b":{},"_coverageSchema":"1a1c01bbd47fc00a2c39e90264f33305004495a9","hash":"60bfbd715da3072078141a003952800f65c725a3"}
,"C:\\Users\\Alvaro\\OneDrive\\Área de Trabalho\\QrHunters\\src\\core\\factories\\ProgressFactory.ts": {"path":"C:\\Users\\Alvaro\\OneDrive\\Área de Trabalho\\QrHunters\\src\\core\\factories\\ProgressFactory.ts","statementMap":{"0":{"start":{"line":6,"column":49},"end":{"line":6,"column":85}},"1":{"start":{"line":8,"column":33},"end":{"line":8,"column":79}},"2":{"start":{"line":10,"column":2},"end":{"line":12,"column":4}}},"fnMap":{"0":{"name":"makeProgressUseCases","decl":{"start":{"line":5,"column":16},"end":{"line":5,"column":36}},"loc":{"start":{"line":5,"column":39},"end":{"line":13,"column":1}},"line":5}},"branchMap":{},"s":{"0":3,"1":3,"2":3},"f":{"0":3},"b":{},"_coverageSchema":"1a1c01bbd47fc00a2c39e90264f33305004495a9","hash":"e626ee5c8e22f5daa60984023643ef489d8a4371"}
,"C:\\Users\\Alvaro\\OneDrive\\Área de Trabalho\\QrHunters\\src\\core\\factories\\QRCodeFactory.ts": {"path":"C:\\Users\\Alvaro\\OneDrive\\Área de Trabalho\\QrHunters\\src\\core\\factories\\QRCodeFactory.ts","statementMap":{"0":{"start":{"line":7,"column":45},"end":{"line":7,"column":79}},"1":{"start":{"line":9,"column":34},"end":{"line":9,"column":79}},"2":{"start":{"line":10,"column":28},"end":{"line":10,"column":67}},"3":{"start":{"line":12,"column":2},"end":{"line":15,"column":4}}},"fnMap":{"0":{"name":"makeQRCodeUseCases","decl":{"start":{"line":6,"column":16},"end":{"line":6,"column":34}},"loc":{"start":{"line":6,"column":37},"end":{"line":16,"column":1}},"line":6}},"branchMap":{},"s":{"0":4,"1":4,"2":4,"3":4},"f":{"0":4},"b":{},"_coverageSchema":"1a1c01bbd47fc00a2c39e90264f33305004495a9","hash":"e2e38231ce022b46a8188c62b66cc4265ff73bef"}
,"C:\\Users\\Alvaro\\OneDrive\\Área de Trabalho\\QrHunters\\src\\core\\factories\\index.ts": {"path":"C:\\Users\\Alvaro\\OneDrive\\Área de Trabalho\\QrHunters\\src\\core\\factories\\index.ts","statementMap":{},"fnMap":{},"branchMap":{},"s":{},"f":{},"b":{},"_coverageSchema":"1a1c01bbd47fc00a2c39e90264f33305004495a9","hash":"d7375254f113bb173ae3b5344455b5b666fde44d"}
,"C:\\Users\\Alvaro\\OneDrive\\Área de Trabalho\\QrHunters\\src\\core\\infra\\repositories\\AuthRepositoryMock.ts": {"path":"C:\\Users\\Alvaro\\OneDrive\\Área de Trabalho\\QrHunters\\src\\core\\infra\\repositories\\AuthRepositoryMock.ts","statementMap":{"0":{"start":{"line":9,"column":25},"end":{"line":9,"column":27}},"1":{"start":{"line":14,"column":4},"end":{"line":16,"column":5}},"2":{"start":{"line":15,"column":6},"end":{"line":15,"column":61}},"3":{"start":{"line":17,"column":4},"end":{"line":17,"column":39}},"4":{"start":{"line":21,"column":17},"end":{"line":21,"column":91}},"5":{"start":{"line":21,"column":38},"end":{"line":21,"column":90}},"6":{"start":{"line":22,"column":4},"end":{"line":24,"column":5}},"7":{"start":{"line":23,"column":6},"end":{"line":23,"column":18}},"8":{"start":{"line":25,"column":4},"end":{"line":25,"column":43}},"9":{"start":{"line":29,"column":23},"end":{"line":29,"column":66}},"10":{"start":{"line":29,"column":44},"end":{"line":29,"column":65}},"11":{"start":{"line":30,"column":4},"end":{"line":32,"column":5}},"12":{"start":{"line":31,"column":6},"end":{"line":31,"column":45}},"13":{"start":{"line":33,"column":20},"end":{"line":33,"column":89}},"14":{"start":{"line":34,"column":4},"end":{"line":34,"column":29}},"15":{"start":{"line":35,"column":4},"end":{"line":35,"column":19}},"16":{"start":{"line":39,"column":22},"end":{"line":39,"column":64}},"17":{"start":{"line":39,"column":48},"end":{"line":39,"column":63}},"18":{"start":{"line":40,"column":4},"end":{"line":45,"column":5}},"19":{"start":{"line":41,"column":22},"end":{"line":41,"column":43}},"20":{"start":{"line":42,"column":26},"end":{"line":42,"column":80}},"21":{"start":{"line":43,"column":6},"end":{"line":43,"column":42}},"22":{"start":{"line":44,"column":6},"end":{"line":44,"column":25}},"23":{"start":{"line":46,"column":4},"end":{"line":46,"column":38}},"24":{"start":{"line":50,"column":17},"end":{"line":50,"column":54}},"25":{"start":{"line":50,"column":38},"end":{"line":50,"column":53}},"26":{"start":{"line":51,"column":4},"end":{"line":56,"column":5}},"27":{"start":{"line":52,"column":24},"end":{"line":52,"column":66}},"28":{"start":{"line":52,"column":50},"end":{"line":52,"column":65}},"29":{"start":{"line":53,"column":26},"end":{"line":53,"column":81}},"30":{"start":{"line":54,"column":6},"end":{"line":54,"column":42}},"31":{"start":{"line":55,"column":6},"end":{"line":55,"column":18}},"32":{"start":{"line":57,"column":4},"end":{"line":57,"column":62}},"33":{"start":{"line":61,"column":22},"end":{"line":61,"column":64}},"34":{"start":{"line":61,"column":48},"end":{"line":61,"column":63}},"35":{"start":{"line":62,"column":4},"end":{"line":65,"column":5}},"36":{"start":{"line":63,"column":6},"end":{"line":63,"column":38}},"37":{"start":{"line":64,"column":6},"end":{"line":64,"column":18}},"38":{"start":{"line":66,"column":4},"end":{"line":66,"column":17}},"39":{"start":{"line":70,"column":4},"end":{"line":70,"column":72}},"40":{"start":{"line":70,"column":48},"end":{"line":70,"column":69}},"41":{"start":{"line":74,"column":4},"end":{"line":74,"column":20}}},"fnMap":{"0":{"name":"(anonymous_0)","decl":{"start":{"line":11,"column":2},"end":{"line":11,"column":3}},"loc":{"start":{"line":11,"column":24},"end":{"line":11,"column":26}},"line":11},"1":{"name":"(anonymous_1)","decl":{"start":{"line":13,"column":2},"end":{"line":13,"column":3}},"loc":{"start":{"line":13,"column":50},"end":{"line":18,"column":3}},"line":13},"2":{"name":"(anonymous_2)","decl":{"start":{"line":20,"column":2},"end":{"line":20,"column":3}},"loc":{"start":{"line":20,"column":63},"end":{"line":26,"column":3}},"line":20},"3":{"name":"(anonymous_3)","decl":{"start":{"line":21,"column":33},"end":{"line":21,"column":34}},"loc":{"start":{"line":21,"column":38},"end":{"line":21,"column":90}},"line":21},"4":{"name":"(anonymous_4)","decl":{"start":{"line":28,"column":2},"end":{"line":28,"column":3}},"loc":{"start":{"line":28,"column":82},"end":{"line":36,"column":3}},"line":28},"5":{"name":"(anonymous_5)","decl":{"start":{"line":29,"column":39},"end":{"line":29,"column":40}},"loc":{"start":{"line":29,"column":44},"end":{"line":29,"column":65}},"line":29},"6":{"name":"(anonymous_6)","decl":{"start":{"line":38,"column":2},"end":{"line":38,"column":3}},"loc":{"start":{"line":38,"column":83},"end":{"line":47,"column":3}},"line":38},"7":{"name":"(anonymous_7)","decl":{"start":{"line":39,"column":43},"end":{"line":39,"column":44}},"loc":{"start":{"line":39,"column":48},"end":{"line":39,"column":63}},"line":39},"8":{"name":"(anonymous_8)","decl":{"start":{"line":49,"column":2},"end":{"line":49,"column":3}},"loc":{"start":{"line":49,"column":103},"end":{"line":58,"column":3}},"line":49},"9":{"name":"(anonymous_9)","decl":{"start":{"line":50,"column":33},"end":{"line":50,"column":34}},"loc":{"start":{"line":50,"column":38},"end":{"line":50,"column":53}},"line":50},"10":{"name":"(anonymous_10)","decl":{"start":{"line":52,"column":45},"end":{"line":52,"column":46}},"loc":{"start":{"line":52,"column":50},"end":{"line":52,"column":65}},"line":52},"11":{"name":"(anonymous_11)","decl":{"start":{"line":60,"column":2},"end":{"line":60,"column":3}},"loc":{"start":{"line":60,"column":56},"end":{"line":67,"column":3}},"line":60},"12":{"name":"(anonymous_12)","decl":{"start":{"line":61,"column":43},"end":{"line":61,"column":44}},"loc":{"start":{"line":61,"column":48},"end":{"line":61,"column":63}},"line":61},"13":{"name":"(anonymous_13)","decl":{"start":{"line":69,"column":2},"end":{"line":69,"column":3}},"loc":{"start":{"line":69,"column":62},"end":{"line":71,"column":3}},"line":69},"14":{"name":"(anonymous_14)","decl":{"start":{"line":70,"column":43},"end":{"line":70,"column":44}},"loc":{"start":{"line":70,"column":48},"end":{"line":70,"column":69}},"line":70},"15":{"name":"(anonymous_15)","decl":{"start":{"line":73,"column":2},"end":{"line":73,"column":3}},"loc":{"start":{"line":73,"column":23},"end":{"line":75,"column":3}},"line":73}},"branchMap":{"0":{"loc":{"start":{"line":14,"column":4},"end":{"line":16,"column":5}},"type":"if","locations":[{"start":{"line":14,"column":4},"end":{"line":16,"column":5}},{"start":{},"end":{}}],"line":14},"1":{"loc":{"start":{"line":21,"column":38},"end":{"line":21,"column":90}},"type":"binary-expr","locations":[{"start":{"line":21,"column":38},"end":{"line":21,"column":59}},{"start":{"line":21,"column":63},"end":{"line":21,"column":90}}],"line":21},"2":{"loc":{"start":{"line":22,"column":4},"end":{"line":24,"column":5}},"type":"if","locations":[{"start":{"line":22,"column":4},"end":{"line":24,"column":5}},{"start":{},"end":{}}],"line":22},"3":{"loc":{"start":{"line":30,"column":4},"end":{"line":32,"column":5}},"type":"if","locations":[{"start":{"line":30,"column":4},"end":{"line":32,"column":5}},{"start":{},"end":{}}],"line":30},"4":{"loc":{"start":{"line":40,"column":4},"end":{"line":45,"column":5}},"type":"if","locations":[{"start":{"line":40,"column":4},"end":{"line":45,"column":5}},{"start":{},"end":{}}],"line":40},"5":{"loc":{"start":{"line":51,"column":4},"end":{"line":56,"column":5}},"type":"if","locations":[{"start":{"line":51,"column":4},"end":{"line":56,"column":5}},{"start":{},"end":{}}],"line":51},"6":{"loc":{"start":{"line":51,"column":8},"end":{"line":51,"column":49}},"type":"binary-expr","locations":[{"start":{"line":51,"column":8},"end":{"line":51,"column":12}},{"start":{"line":51,"column":16},"end":{"line":51,"column":49}}],"line":51},"7":{"loc":{"start":{"line":62,"column":4},"end":{"line":65,"column":5}},"type":"if","locations":[{"start":{"line":62,"column":4},"end":{"line":65,"column":5}},{"start":{},"end":{}}],"line":62}},"s":{"0":10,"1":73,"2":10,"3":73,"4":4,"5":2,"6":4,"7":2,"8":2,"9":9,"10":1,"11":9,"12":1,"13":8,"14":8,"15":8,"16":1,"17":1,"18":1,"19":1,"20":1,"21":1,"22":1,"23":0,"24":1,"25":1,"26":1,"27":1,"28":1,"29":1,"30":1,"31":1,"32":0,"33":1,"34":1,"35":1,"36":1,"37":1,"38":0,"39":2,"40":2,"41":13},"f":{"0":10,"1":73,"2":4,"3":2,"4":9,"5":1,"6":1,"7":1,"8":1,"9":1,"10":1,"11":1,"12":1,"13":2,"14":2,"15":13},"b":{"0":[10,63],"1":[2,2],"2":[2,2],"3":[1,8],"4":[1,0],"5":[1,0],"6":[1,1],"7":[1,0]},"_coverageSchema":"1a1c01bbd47fc00a2c39e90264f33305004495a9","hash":"9e38f71d4a6a61a5054dd2603430078e905c55c8"}
,"C:\\Users\\Alvaro\\OneDrive\\Área de Trabalho\\QrHunters\\src\\core\\infra\\repositories\\JourneyRepositoryMock.ts": {"path":"C:\\Users\\Alvaro\\OneDrive\\Área de Trabalho\\QrHunters\\src\\core\\infra\\repositories\\JourneyRepositoryMock.ts","statementMap":{"0":{"start":{"line":9,"column":32},"end":{"line":33,"column":3}},"1":{"start":{"line":38,"column":4},"end":{"line":40,"column":5}},"2":{"start":{"line":39,"column":6},"end":{"line":39,"column":67}},"3":{"start":{"line":41,"column":4},"end":{"line":41,"column":42}},"4":{"start":{"line":45,"column":4},"end":{"line":45,"column":55}},"5":{"start":{"line":45,"column":35},"end":{"line":45,"column":53}},"6":{"start":{"line":49,"column":4},"end":{"line":49,"column":25}},"7":{"start":{"line":53,"column":25},"end":{"line":53,"column":73}},"8":{"start":{"line":53,"column":54},"end":{"line":53,"column":72}},"9":{"start":{"line":54,"column":4},"end":{"line":56,"column":5}},"10":{"start":{"line":55,"column":6},"end":{"line":55,"column":43}},"11":{"start":{"line":57,"column":20},"end":{"line":57,"column":47}},"12":{"start":{"line":59,"column":27},"end":{"line":66,"column":5}},"13":{"start":{"line":62,"column":30},"end":{"line":62,"column":110}},"14":{"start":{"line":67,"column":4},"end":{"line":67,"column":49}},"15":{"start":{"line":68,"column":4},"end":{"line":68,"column":26}},"16":{"start":{"line":72,"column":25},"end":{"line":72,"column":73}},"17":{"start":{"line":72,"column":54},"end":{"line":72,"column":72}},"18":{"start":{"line":73,"column":4},"end":{"line":75,"column":5}},"19":{"start":{"line":74,"column":6},"end":{"line":74,"column":43}},"20":{"start":{"line":76,"column":18},"end":{"line":76,"column":45}},"21":{"start":{"line":78,"column":23},"end":{"line":78,"column":70}},"22":{"start":{"line":78,"column":53},"end":{"line":78,"column":69}},"23":{"start":{"line":79,"column":4},"end":{"line":81,"column":5}},"24":{"start":{"line":80,"column":6},"end":{"line":80,"column":49}},"25":{"start":{"line":83,"column":26},"end":{"line":88,"column":6}},"26":{"start":{"line":84,"column":6},"end":{"line":86,"column":7}},"27":{"start":{"line":85,"column":8},"end":{"line":85,"column":115}},"28":{"start":{"line":87,"column":6},"end":{"line":87,"column":19}},"29":{"start":{"line":90,"column":31},"end":{"line":90,"column":56}},"30":{"start":{"line":91,"column":4},"end":{"line":93,"column":5}},"31":{"start":{"line":92,"column":6},"end":{"line":92,"column":29}},"32":{"start":{"line":95,"column":31},"end":{"line":95,"column":70}},"33":{"start":{"line":95,"column":56},"end":{"line":95,"column":69}},"34":{"start":{"line":97,"column":27},"end":{"line":104,"column":5}},"35":{"start":{"line":106,"column":4},"end":{"line":106,"column":49}},"36":{"start":{"line":107,"column":4},"end":{"line":107,"column":26}},"37":{"start":{"line":111,"column":25},"end":{"line":111,"column":73}},"38":{"start":{"line":111,"column":54},"end":{"line":111,"column":72}},"39":{"start":{"line":112,"column":4},"end":{"line":114,"column":5}},"40":{"start":{"line":113,"column":6},"end":{"line":113,"column":43}},"41":{"start":{"line":115,"column":20},"end":{"line":115,"column":47}},"42":{"start":{"line":117,"column":26},"end":{"line":117,"column":130}},"43":{"start":{"line":117,"column":50},"end":{"line":117,"column":129}},"44":{"start":{"line":119,"column":27},"end":{"line":126,"column":5}},"45":{"start":{"line":128,"column":4},"end":{"line":128,"column":49}},"46":{"start":{"line":129,"column":4},"end":{"line":129,"column":26}}},"fnMap":{"0":{"name":"(anonymous_0)","decl":{"start":{"line":35,"column":2},"end":{"line":35,"column":3}},"loc":{"start":{"line":35,"column":24},"end":{"line":35,"column":26}},"line":35},"1":{"name":"(anonymous_1)","decl":{"start":{"line":37,"column":2},"end":{"line":37,"column":3}},"loc":{"start":{"line":37,"column":53},"end":{"line":42,"column":3}},"line":37},"2":{"name":"(anonymous_2)","decl":{"start":{"line":44,"column":2},"end":{"line":44,"column":3}},"loc":{"start":{"line":44,"column":68},"end":{"line":46,"column":3}},"line":44},"3":{"name":"(anonymous_3)","decl":{"start":{"line":45,"column":30},"end":{"line":45,"column":31}},"loc":{"start":{"line":45,"column":35},"end":{"line":45,"column":53}},"line":45},"4":{"name":"(anonymous_4)","decl":{"start":{"line":48,"column":2},"end":{"line":48,"column":3}},"loc":{"start":{"line":48,"column":45},"end":{"line":50,"column":3}},"line":48},"5":{"name":"(anonymous_5)","decl":{"start":{"line":52,"column":2},"end":{"line":52,"column":3}},"loc":{"start":{"line":52,"column":58},"end":{"line":69,"column":3}},"line":52},"6":{"name":"(anonymous_6)","decl":{"start":{"line":53,"column":49},"end":{"line":53,"column":50}},"loc":{"start":{"line":53,"column":54},"end":{"line":53,"column":72}},"line":53},"7":{"name":"(anonymous_7)","decl":{"start":{"line":62,"column":25},"end":{"line":62,"column":26}},"loc":{"start":{"line":62,"column":30},"end":{"line":62,"column":110}},"line":62},"8":{"name":"(anonymous_8)","decl":{"start":{"line":71,"column":2},"end":{"line":71,"column":3}},"loc":{"start":{"line":71,"column":83},"end":{"line":108,"column":3}},"line":71},"9":{"name":"(anonymous_9)","decl":{"start":{"line":72,"column":49},"end":{"line":72,"column":50}},"loc":{"start":{"line":72,"column":54},"end":{"line":72,"column":72}},"line":72},"10":{"name":"(anonymous_10)","decl":{"start":{"line":78,"column":48},"end":{"line":78,"column":49}},"loc":{"start":{"line":78,"column":53},"end":{"line":78,"column":69}},"line":78},"11":{"name":"(anonymous_11)","decl":{"start":{"line":83,"column":45},"end":{"line":83,"column":46}},"loc":{"start":{"line":83,"column":56},"end":{"line":88,"column":5}},"line":83},"12":{"name":"(anonymous_12)","decl":{"start":{"line":95,"column":51},"end":{"line":95,"column":52}},"loc":{"start":{"line":95,"column":56},"end":{"line":95,"column":69}},"line":95},"13":{"name":"(anonymous_13)","decl":{"start":{"line":110,"column":2},"end":{"line":110,"column":3}},"loc":{"start":{"line":110,"column":59},"end":{"line":130,"column":3}},"line":110},"14":{"name":"(anonymous_14)","decl":{"start":{"line":111,"column":49},"end":{"line":111,"column":50}},"loc":{"start":{"line":111,"column":54},"end":{"line":111,"column":72}},"line":111},"15":{"name":"(anonymous_15)","decl":{"start":{"line":117,"column":45},"end":{"line":117,"column":46}},"loc":{"start":{"line":117,"column":50},"end":{"line":117,"column":129}},"line":117}},"branchMap":{"0":{"loc":{"start":{"line":38,"column":4},"end":{"line":40,"column":5}},"type":"if","locations":[{"start":{"line":38,"column":4},"end":{"line":40,"column":5}},{"start":{},"end":{}}],"line":38},"1":{"loc":{"start":{"line":54,"column":4},"end":{"line":56,"column":5}},"type":"if","locations":[{"start":{"line":54,"column":4},"end":{"line":56,"column":5}},{"start":{},"end":{}}],"line":54},"2":{"loc":{"start":{"line":73,"column":4},"end":{"line":75,"column":5}},"type":"if","locations":[{"start":{"line":73,"column":4},"end":{"line":75,"column":5}},{"start":{},"end":{}}],"line":73},"3":{"loc":{"start":{"line":79,"column":4},"end":{"line":81,"column":5}},"type":"if","locations":[{"start":{"line":79,"column":4},"end":{"line":81,"column":5}},{"start":{},"end":{}}],"line":79},"4":{"loc":{"start":{"line":84,"column":6},"end":{"line":86,"column":7}},"type":"if","locations":[{"start":{"line":84,"column":6},"end":{"line":86,"column":7}},{"start":{},"end":{}}],"line":84},"5":{"loc":{"start":{"line":91,"column":4},"end":{"line":93,"column":5}},"type":"if","locations":[{"start":{"line":91,"column":4},"end":{"line":93,"column":5}},{"start":{},"end":{}}],"line":91},"6":{"loc":{"start":{"line":112,"column":4},"end":{"line":114,"column":5}},"type":"if","locations":[{"start":{"line":112,"column":4},"end":{"line":114,"column":5}},{"start":{},"end":{}}],"line":112}},"s":{"0":4,"1":9,"2":4,"3":9,"4":2,"5":3,"6":4,"7":2,"8":2,"9":2,"10":0,"11":2,"12":2,"13":6,"14":2,"15":2,"16":1,"17":1,"18":1,"19":0,"20":1,"21":1,"22":1,"23":1,"24":0,"25":1,"26":3,"27":1,"28":2,"29":1,"30":1,"31":1,"32":1,"33":2,"34":1,"35":1,"36":1,"37":1,"38":1,"39":1,"40":0,"41":1,"42":1,"43":3,"44":1,"45":1,"46":1},"f":{"0":4,"1":9,"2":2,"3":3,"4":4,"5":2,"6":2,"7":6,"8":1,"9":1,"10":1,"11":3,"12":2,"13":1,"14":1,"15":3},"b":{"0":[4,5],"1":[0,2],"2":[0,1],"3":[0,1],"4":[1,2],"5":[1,0],"6":[0,1]},"_coverageSchema":"1a1c01bbd47fc00a2c39e90264f33305004495a9","hash":"d6420adfd1665fb496dae55ec8fee1fb879e6f5d"}
,"C:\\Users\\Alvaro\\OneDrive\\Área de Trabalho\\QrHunters\\src\\core\\infra\\repositories\\ProgressRepositoryMock.ts": {"path":"C:\\Users\\Alvaro\\OneDrive\\Área de Trabalho\\QrHunters\\src\\core\\infra\\repositories\\ProgressRepositoryMock.ts","statementMap":{"0":{"start":{"line":13,"column":30},"end":{"line":38,"column":3}},"1":{"start":{"line":40,"column":41},"end":{"line":44,"column":3}},"2":{"start":{"line":49,"column":4},"end":{"line":51,"column":5}},"3":{"start":{"line":50,"column":6},"end":{"line":50,"column":69}},"4":{"start":{"line":52,"column":4},"end":{"line":52,"column":43}},"5":{"start":{"line":56,"column":27},"end":{"line":58,"column":29}},"6":{"start":{"line":57,"column":20},"end":{"line":57,"column":40}},"7":{"start":{"line":58,"column":17},"end":{"line":58,"column":28}},"8":{"start":{"line":60,"column":4},"end":{"line":60,"column":69}},"9":{"start":{"line":60,"column":37},"end":{"line":60,"column":67}}},"fnMap":{"0":{"name":"(anonymous_0)","decl":{"start":{"line":46,"column":2},"end":{"line":46,"column":3}},"loc":{"start":{"line":46,"column":24},"end":{"line":46,"column":26}},"line":46},"1":{"name":"(anonymous_1)","decl":{"start":{"line":48,"column":2},"end":{"line":48,"column":3}},"loc":{"start":{"line":48,"column":54},"end":{"line":53,"column":3}},"line":48},"2":{"name":"(anonymous_2)","decl":{"start":{"line":55,"column":2},"end":{"line":55,"column":3}},"loc":{"start":{"line":55,"column":59},"end":{"line":61,"column":3}},"line":55},"3":{"name":"(anonymous_3)","decl":{"start":{"line":57,"column":14},"end":{"line":57,"column":15}},"loc":{"start":{"line":57,"column":20},"end":{"line":57,"column":40}},"line":57},"4":{"name":"(anonymous_4)","decl":{"start":{"line":58,"column":11},"end":{"line":58,"column":12}},"loc":{"start":{"line":58,"column":17},"end":{"line":58,"column":28}},"line":58},"5":{"name":"(anonymous_5)","decl":{"start":{"line":60,"column":31},"end":{"line":60,"column":32}},"loc":{"start":{"line":60,"column":37},"end":{"line":60,"column":67}},"line":60}},"branchMap":{"0":{"loc":{"start":{"line":49,"column":4},"end":{"line":51,"column":5}},"type":"if","locations":[{"start":{"line":49,"column":4},"end":{"line":51,"column":5}},{"start":{},"end":{}}],"line":49}},"s":{"0":2,"1":2,"2":3,"3":2,"4":3,"5":3,"6":9,"7":4,"8":3,"9":9},"f":{"0":2,"1":3,"2":3,"3":9,"4":4,"5":9},"b":{"0":[2,1]},"_coverageSchema":"1a1c01bbd47fc00a2c39e90264f33305004495a9","hash":"56a591d3203f34bf5f4e2b82638b3fb21978bc53"}
,"C:\\Users\\Alvaro\\OneDrive\\Área de Trabalho\\QrHunters\\src\\core\\infra\\repositories\\QRCodeRepositoryMock.ts": {"path":"C:\\Users\\Alvaro\\OneDrive\\Área de Trabalho\\QrHunters\\src\\core\\infra\\repositories\\QRCodeRepositoryMock.ts","statementMap":{"0":{"start":{"line":8,"column":30},"end":{"line":25,"column":3}},"1":{"start":{"line":30,"column":4},"end":{"line":32,"column":5}},"2":{"start":{"line":31,"column":6},"end":{"line":31,"column":65}},"3":{"start":{"line":33,"column":4},"end":{"line":33,"column":41}},"4":{"start":{"line":37,"column":27},"end":{"line":37,"column":72}},"5":{"start":{"line":37,"column":51},"end":{"line":37,"column":71}},"6":{"start":{"line":39,"column":4},"end":{"line":49,"column":5}},"7":{"start":{"line":40,"column":28},"end":{"line":47,"column":7}},"8":{"start":{"line":48,"column":6},"end":{"line":48,"column":27}},"9":{"start":{"line":51,"column":22},"end":{"line":58,"column":5}},"10":{"start":{"line":59,"column":4},"end":{"line":59,"column":33}},"11":{"start":{"line":60,"column":4},"end":{"line":60,"column":21}},"12":{"start":{"line":64,"column":4},"end":{"line":64,"column":49}},"13":{"start":{"line":64,"column":35},"end":{"line":64,"column":47}}},"fnMap":{"0":{"name":"(anonymous_0)","decl":{"start":{"line":27,"column":2},"end":{"line":27,"column":3}},"loc":{"start":{"line":27,"column":24},"end":{"line":27,"column":26}},"line":27},"1":{"name":"(anonymous_1)","decl":{"start":{"line":29,"column":2},"end":{"line":29,"column":3}},"loc":{"start":{"line":29,"column":52},"end":{"line":34,"column":3}},"line":29},"2":{"name":"(anonymous_2)","decl":{"start":{"line":36,"column":2},"end":{"line":36,"column":3}},"loc":{"start":{"line":36,"column":68},"end":{"line":61,"column":3}},"line":36},"3":{"name":"(anonymous_3)","decl":{"start":{"line":37,"column":45},"end":{"line":37,"column":46}},"loc":{"start":{"line":37,"column":51},"end":{"line":37,"column":71}},"line":37},"4":{"name":"(anonymous_4)","decl":{"start":{"line":63,"column":2},"end":{"line":63,"column":3}},"loc":{"start":{"line":63,"column":66},"end":{"line":65,"column":3}},"line":63},"5":{"name":"(anonymous_5)","decl":{"start":{"line":64,"column":29},"end":{"line":64,"column":30}},"loc":{"start":{"line":64,"column":35},"end":{"line":64,"column":47}},"line":64}},"branchMap":{"0":{"loc":{"start":{"line":30,"column":4},"end":{"line":32,"column":5}},"type":"if","locations":[{"start":{"line":30,"column":4},"end":{"line":32,"column":5}},{"start":{},"end":{}}],"line":30},"1":{"loc":{"start":{"line":39,"column":4},"end":{"line":49,"column":5}},"type":"if","locations":[{"start":{"line":39,"column":4},"end":{"line":49,"column":5}},{"start":{},"end":{}}],"line":39}},"s":{"0":1,"1":4,"2":1,"3":4,"4":2,"5":3,"6":2,"7":1,"8":1,"9":1,"10":1,"11":1,"12":2,"13":4},"f":{"0":1,"1":4,"2":2,"3":3,"4":2,"5":4},"b":{"0":[1,3],"1":[1,1]},"_coverageSchema":"1a1c01bbd47fc00a2c39e90264f33305004495a9","hash":"629006217839edec133b108d4b57de92723fac7c"}
,"C:\\Users\\Alvaro\\OneDrive\\Área de Trabalho\\QrHunters\\src\\screens\\HistoryScreen.tsx": {"path":"C:\\Users\\Alvaro\\OneDrive\\Área de Trabalho\\QrHunters\\src\\screens\\HistoryScreen.tsx","statementMap":{"0":{"start":{"line":6,"column":22},"end":{"line":25,"column":1}},"1":{"start":{"line":7,"column":21},"end":{"line":7,"column":36}},"2":{"start":{"line":8,"column":21},"end":{"line":10,"column":3}},"3":{"start":{"line":9,"column":4},"end":{"line":9,"column":52}},"4":{"start":{"line":11,"column":2},"end":{"line":24,"column":4}},"5":{"start":{"line":27,"column":15},"end":{"line":53,"column":2}}},"fnMap":{"0":{"name":"(anonymous_0)","decl":{"start":{"line":6,"column":22},"end":{"line":6,"column":23}},"loc":{"start":{"line":6,"column":28},"end":{"line":25,"column":1}},"line":6},"1":{"name":"(anonymous_1)","decl":{"start":{"line":8,"column":21},"end":{"line":8,"column":22}},"loc":{"start":{"line":8,"column":27},"end":{"line":10,"column":3}},"line":8}},"branchMap":{},"s":{"0":1,"1":1,"2":1,"3":0,"4":1,"5":1},"f":{"0":1,"1":0},"b":{},"_coverageSchema":"1a1c01bbd47fc00a2c39e90264f33305004495a9","hash":"e89da265bc5ae5d3f579a3429f0faed3e0781aa9"}
,"C:\\Users\\Alvaro\\OneDrive\\Área de Trabalho\\QrHunters\\src\\screens\\HomeScreen.tsx": {"path":"C:\\Users\\Alvaro\\OneDrive\\Área de Trabalho\\QrHunters\\src\\screens\\HomeScreen.tsx","statementMap":{"0":{"start":{"line":11,"column":19},"end":{"line":70,"column":1}},"1":{"start":{"line":12,"column":21},"end":{"line":12,"column":77}},"2":{"start":{"line":13,"column":34},"end":{"line":13,"column":57}},"3":{"start":{"line":15,"column":2},"end":{"line":23,"column":9}},"4":{"start":{"line":16,"column":26},"end":{"line":20,"column":5}},"5":{"start":{"line":17,"column":40},"end":{"line":17,"column":61}},"6":{"start":{"line":18,"column":21},"end":{"line":18,"column":58}},"7":{"start":{"line":19,"column":6},"end":{"line":19,"column":26}},"8":{"start":{"line":22,"column":4},"end":{"line":22,"column":20}},"9":{"start":{"line":25,"column":29},"end":{"line":27,"column":3}},"10":{"start":{"line":26,"column":4},"end":{"line":26,"column":79}},"11":{"start":{"line":29,"column":21},"end":{"line":41,"column":3}},"12":{"start":{"line":30,"column":4},"end":{"line":40,"column":23}},"13":{"start":{"line":30,"column":57},"end":{"line":30,"column":84}},"14":{"start":{"line":43,"column":21},"end":{"line":45,"column":3}},"15":{"start":{"line":44,"column":4},"end":{"line":44,"column":52}},"16":{"start":{"line":47,"column":2},"end":{"line":69,"column":4}},"17":{"start":{"line":61,"column":32},"end":{"line":61,"column":39}},"18":{"start":{"line":65,"column":79},"end":{"line":65,"column":109}},"19":{"start":{"line":72,"column":15},"end":{"line":168,"column":2}}},"fnMap":{"0":{"name":"(anonymous_0)","decl":{"start":{"line":11,"column":19},"end":{"line":11,"column":20}},"loc":{"start":{"line":11,"column":25},"end":{"line":70,"column":1}},"line":11},"1":{"name":"(anonymous_1)","decl":{"start":{"line":15,"column":12},"end":{"line":15,"column":13}},"loc":{"start":{"line":15,"column":18},"end":{"line":23,"column":3}},"line":15},"2":{"name":"(anonymous_2)","decl":{"start":{"line":16,"column":26},"end":{"line":16,"column":27}},"loc":{"start":{"line":16,"column":38},"end":{"line":20,"column":5}},"line":16},"3":{"name":"(anonymous_3)","decl":{"start":{"line":25,"column":29},"end":{"line":25,"column":30}},"loc":{"start":{"line":25,"column":52},"end":{"line":27,"column":3}},"line":25},"4":{"name":"(anonymous_4)","decl":{"start":{"line":29,"column":21},"end":{"line":29,"column":22}},"loc":{"start":{"line":30,"column":4},"end":{"line":40,"column":23}},"line":30},"5":{"name":"(anonymous_5)","decl":{"start":{"line":30,"column":51},"end":{"line":30,"column":52}},"loc":{"start":{"line":30,"column":57},"end":{"line":30,"column":84}},"line":30},"6":{"name":"(anonymous_6)","decl":{"start":{"line":43,"column":21},"end":{"line":43,"column":22}},"loc":{"start":{"line":43,"column":27},"end":{"line":45,"column":3}},"line":43},"7":{"name":"(anonymous_7)","decl":{"start":{"line":61,"column":22},"end":{"line":61,"column":23}},"loc":{"start":{"line":61,"column":32},"end":{"line":61,"column":39}},"line":61},"8":{"name":"(anonymous_8)","decl":{"start":{"line":65,"column":73},"end":{"line":65,"column":74}},"loc":{"start":{"line":65,"column":79},"end":{"line":65,"column":109}},"line":65}},"branchMap":{},"s":{"0":2,"1":6,"2":6,"3":6,"4":3,"5":3,"6":3,"7":3,"8":3,"9":6,"10":1,"11":6,"12":6,"13":1,"14":6,"15":0,"16":6,"17":9,"18":0,"19":2},"f":{"0":6,"1":3,"2":3,"3":1,"4":6,"5":1,"6":0,"7":9,"8":0},"b":{},"_coverageSchema":"1a1c01bbd47fc00a2c39e90264f33305004495a9","hash":"6abb878bc13d15acce58729d47dec1e1739b6ae2"}
,"C:\\Users\\Alvaro\\OneDrive\\Área de Trabalho\\QrHunters\\src\\screens\\LoginScreen.tsx": {"path":"C:\\Users\\Alvaro\\OneDrive\\Área de Trabalho\\QrHunters\\src\\screens\\LoginScreen.tsx","statementMap":{"0":{"start":{"line":25,"column":20},"end":{"line":103,"column":1}},"1":{"start":{"line":26,"column":21},"end":{"line":26,"column":77}},"2":{"start":{"line":27,"column":20},"end":{"line":27,"column":29}},"3":{"start":{"line":28,"column":28},"end":{"line":28,"column":40}},"4":{"start":{"line":29,"column":34},"end":{"line":29,"column":46}},"5":{"start":{"line":31,"column":16},"end":{"line":31,"column":34}},"6":{"start":{"line":35,"column":22},"end":{"line":47,"column":3}},"7":{"start":{"line":36,"column":4},"end":{"line":39,"column":5}},"8":{"start":{"line":37,"column":6},"end":{"line":37,"column":65}},"9":{"start":{"line":38,"column":6},"end":{"line":38,"column":13}},"10":{"start":{"line":41,"column":4},"end":{"line":46,"column":5}},"11":{"start":{"line":42,"column":2},"end":{"line":42,"column":31}},"12":{"start":{"line":45,"column":6},"end":{"line":45,"column":41}},"13":{"start":{"line":49,"column":25},"end":{"line":51,"column":3}},"14":{"start":{"line":50,"column":4},"end":{"line":50,"column":36}},"15":{"start":{"line":53,"column":2},"end":{"line":102,"column":4}},"16":{"start":{"line":105,"column":15},"end":{"line":181,"column":2}}},"fnMap":{"0":{"name":"(anonymous_0)","decl":{"start":{"line":25,"column":20},"end":{"line":25,"column":21}},"loc":{"start":{"line":25,"column":26},"end":{"line":103,"column":1}},"line":25},"1":{"name":"(anonymous_1)","decl":{"start":{"line":35,"column":22},"end":{"line":35,"column":23}},"loc":{"start":{"line":35,"column":34},"end":{"line":47,"column":3}},"line":35},"2":{"name":"(anonymous_2)","decl":{"start":{"line":49,"column":25},"end":{"line":49,"column":26}},"loc":{"start":{"line":49,"column":31},"end":{"line":51,"column":3}},"line":49}},"branchMap":{"0":{"loc":{"start":{"line":36,"column":4},"end":{"line":39,"column":5}},"type":"if","locations":[{"start":{"line":36,"column":4},"end":{"line":39,"column":5}},{"start":{},"end":{}}],"line":36},"1":{"loc":{"start":{"line":36,"column":8},"end":{"line":36,"column":27}},"type":"binary-expr","locations":[{"start":{"line":36,"column":8},"end":{"line":36,"column":14}},{"start":{"line":36,"column":18},"end":{"line":36,"column":27}}],"line":36},"2":{"loc":{"start":{"line":57,"column":18},"end":{"line":57,"column":62}},"type":"cond-expr","locations":[{"start":{"line":57,"column":42},"end":{"line":57,"column":51}},{"start":{"line":57,"column":54},"end":{"line":57,"column":62}}],"line":57}},"s":{"0":2,"1":18,"2":18,"3":18,"4":18,"5":18,"6":18,"7":5,"8":1,"9":1,"10":4,"11":4,"12":3,"13":18,"14":1,"15":18,"16":2},"f":{"0":18,"1":5,"2":1},"b":{"0":[1,4],"1":[5,4],"2":[18,0]},"_coverageSchema":"1a1c01bbd47fc00a2c39e90264f33305004495a9","hash":"67922097478a08bcccd1392e20f891a1449a35e6"}
[...]
}},"fnMap":{"0":{"name":"(anonymous_0)","decl":{"start":{"line":22,"column":22},"end":{"line":22,"column":23}},"loc":{"start":{"line":22,"column":28},"end":{"line":143,"column":1}},"line":22},"1":{"name":"(anonymous_1)","decl":{"start":{"line":25,"column":30},"end":{"line":25,"column":31}},"loc":{"start":{"line":25,"column":42},"end":{"line":49,"column":3}},"line":25},"2":{"name":"(anonymous_2)","decl":{"start":{"line":35,"column":19},"end":{"line":35,"column":20}},"loc":{"start":{"line":35,"column":31},"end":{"line":45,"column":11}},"line":35},"3":{"name":"(anonymous_3)","decl":{"start":{"line":53,"column":21},"end":{"line":53,"column":22}},"loc":{"start":{"line":53,"column":27},"end":{"line":55,"column":3}},"line":53},"4":{"name":"(anonymous_4)","decl":{"start":{"line":57,"column":31},"end":{"line":57,"column":32}},"loc":{"start":{"line":57,"column":43},"end":{"line":75,"column":3}},"line":57}},"branchMap":{"0":{"loc":{"start":{"line":26,"column":4},"end":{"line":26,"column":22}},"type":"if","locations":[{"start":{"line":26,"column":4},"end":{"line":26,"column":22}},{"start":{},"end":{}}],"line":26},"1":{"loc":{"start":{"line":38,"column":12},"end":{"line":44,"column":13}},"type":"if","locations":[{"start":{"line":38,"column":12},"end":{"line":44,"column":13}},{"start":{"line":42,"column":19},"end":{"line":44,"column":13}}],"line":38},"2":{"loc":{"start":{"line":58,"column":4},"end":{"line":61,"column":5}},"type":"if","locations":[{"start":{"line":58,"column":4},"end":{"line":61,"column":5}},{"start":{},"end":{}}],"line":58},"3":{"loc":{"start":{"line":63,"column":4},"end":{"line":74,"column":5}},"type":"if","locations":[{"start":{"line":63,"column":4},"end":{"line":74,"column":5}},{"start":{},"end":{}}],"line":63},"4":{"loc":{"start":{"line":65,"column":26},"end":{"line":65,"column":97}},"type":"cond-expr","locations":[{"start":{"line":65,"column":62},"end":{"line":65,"column":75}},{"start":{"line":65,"column":78},"end":{"line":65,"column":97}}],"line":65},"5":{"loc":{"start":{"line":67,"column":6},"end":{"line":73,"column":7}},"type":"if","locations":[{"start":{"line":67,"column":6},"end":{"line":73,"column":7}},{"start":{"line":71,"column":13},"end":{"line":73,"column":7}}],"line":67},"6":{"loc":{"start":{"line":101,"column":39},"end":{"line":101,"column":81}},"type":"cond-expr","locations":[{"start":{"line":101,"column":46},"end":{"line":101,"column":61}},{"start":{"line":101,"column":64},"end":{"line":101,"column":81}}],"line":101}},"s":{"0":1,"1":13,"2":13,"3":13,"4":2,"5":0,"6":2,"7":0,"8":0,"9":0,"10":0,"11":0,"12":0,"13":0,"14":13,"15":13,"16":13,"17":1,"18":13,"19":3,"20":1,"21":1,"22":2,"23":2,"24":2,"25":2,"26":2,"27":1,"28":1,"29":1,"30":1,"31":13,"32":1},"f":{"0":13,"1":2,"2":0,"3":1,"4":3},"b":{"0":[0,2],"1":[0,0],"2":[1,2],"3":[2,0],"4":[2,0],"5":[1,1],"6":[13,0]},"_coverageSchema":"1a1c01bbd47fc00a2c39e90264f33305004495a9","hash":"b646e37ade1be1d5544f29fdb5822d3ec6859319"}
,"C:\\Users\\Alvaro\\OneDrive\\Área de Trabalho\\QrHunters\\src\\screens\\ProgressScreen.tsx": {"path":"C:\\Users\\Alvaro\\OneDrive\\Área de Trabalho\\QrHunters\\src\\screens\\ProgressScreen.tsx","statementMap":{"0":{"start":{"line":19,"column":23},"end":{"line":80,"column":1}},"1":{"start":{"line":20,"column":21},"end":{"line":20,"column":77}},"2":{"start":{"line":21,"column":40},"end":{"line":21,"column":62}},"3":{"start":{"line":23,"column":2},"end":{"line":31,"column":9}},"4":{"start":{"line":24,"column":26},"end":{"line":28,"column":5}},"5":{"start":{"line":25,"column":41},"end":{"line":25,"column":63}},"6":{"start":{"line":26,"column":23},"end":{"line":26,"column":76}},"7":{"start":{"line":27,"column":6},"end":{"line":27,"column":31}},"8":{"start":{"line":30,"column":4},"end":{"line":30,"column":20}},"9":{"start":{"line":33,"column":21},"end":{"line":35,"column":3}},"10":{"start":{"line":34,"column":4},"end":{"line":34,"column":52}},"11":{"start":{"line":37,"column":31},"end":{"line":60,"column":3}},"12":{"start":{"line":38,"column":4},"end":{"line":59,"column":6}},"13":{"start":{"line":62,"column":2},"end":{"line":79,"column":4}},"14":{"start":{"line":76,"column":33},"end":{"line":76,"column":59}},"15":{"start":{"line":82,"column":15},"end":{"line":162,"column":2}}},"fnMap":{"0":{"name":"(anonymous_0)","decl":{"start":{"line":19,"column":23},"end":{"line":19,"column":24}},"loc":{"start":{"line":19,"column":29},"end":{"line":80,"column":1}},"line":19},"1":{"name":"(anonymous_1)","decl":{"start":{"line":23,"column":12},"end":{"line":23,"column":13}},"loc":{"start":{"line":23,"column":18},"end":{"line":31,"column":3}},"line":23},"2":{"name":"(anonymous_2)","decl":{"start":{"line":24,"column":26},"end":{"line":24,"column":27}},"loc":{"start":{"line":24,"column":38},"end":{"line":28,"column":5}},"line":24},"3":{"name":"(anonymous_3)","decl":{"start":{"line":33,"column":21},"end":{"line":33,"column":22}},"loc":{"start":{"line":33,"column":27},"end":{"line":35,"column":3}},"line":33},"4":{"name":"(anonymous_4)","decl":{"start":{"line":37,"column":31},"end":{"line":37,"column":32}},"loc":{"start":{"line":37,"column":49},"end":{"line":60,"column":3}},"line":37},"5":{"name":"(anonymous_5)","decl":{"start":{"line":76,"column":25},"end":{"line":76,"column":26}},"loc":{"start":{"line":76,"column":33},"end":{"line":76,"column":59}},"line":76}},"branchMap":{"0":{"loc":{"start":{"line":47,"column":14},"end":{"line":47,"column":79}},"type":"cond-expr","locations":[{"start":{"line":47,"column":42},"end":{"line":47,"column":60}},{"start":{"line":47,"column":63},"end":{"line":47,"column":79}}],"line":47},"1":{"loc":{"start":{"line":50,"column":13},"end":{"line":50,"column":64}},"type":"cond-expr","locations":[{"start":{"line":50,"column":41},"end":{"line":50,"column":51}},{"start":{"line":50,"column":54},"end":{"line":50,"column":64}}],"line":50},"2":{"loc":{"start":{"line":56,"column":11},"end":{"line":56,"column":103}},"type":"binary-expr","locations":[{"start":{"line":56,"column":11},"end":{"line":56,"column":25}},{"start":{"line":56,"column":29},"end":{"line":56,"column":103}}],"line":56}},"s":{"0":1,"1":2,"2":2,"3":2,"4":1,"5":1,"6":1,"7":1,"8":1,"9":2,"10":0,"11":2,"12":2,"13":2,"14":2,"15":1},"f":{"0":2,"1":1,"2":1,"3":0,"4":2,"5":2},"b":{"0":[1,1],"1":[1,1],"2":[2,2]},"_coverageSchema":"1a1c01bbd47fc00a2c39e90264f33305004495a9","hash":"20c218ab72c06d672c27b8fd24906fe0b8c0a636"}
,"C:\\Users\\Alvaro\\OneDrive\\Área de Trabalho\\QrHunters\\src\\screens\\RegisterScreen.tsx": {"path":"C:\\Users\\Alvaro\\OneDrive\\Área de Trabalho\\QrHunters\\src\\screens\\RegisterScreen.tsx","statementMap":{"0":{"start":{"line":27,"column":23},"end":{"line":125,"column":1}},"1":{"start":{"line":28,"column":21},"end":{"line":28,"column":77}},"2":{"start":{"line":29,"column":23},"end":{"line":29,"column":32}},"3":{"start":{"line":30,"column":34},"end":{"line":30,"column":46}},"4":{"start":{"line":31,"column":28},"end":{"line":31,"column":40}},"5":{"start":{"line":32,"column":34},"end":{"line":32,"column":46}},"6":{"start":{"line":33,"column":48},"end":{"line":33,"column":60}},"7":{"start":{"line":34,"column":15},"end":{"line":34,"column":33}},"8":{"start":{"line":36,"column":25},"end":{"line":57,"column":3}},"9":{"start":{"line":37,"column":4},"end":{"line":40,"column":5}},"10":{"start":{"line":38,"column":6},"end":{"line":38,"column":65}},"11":{"start":{"line":39,"column":6},"end":{"line":39,"column":13}},"12":{"start":{"line":42,"column":4},"end":{"line":45,"column":5}},"13":{"start":{"line":43,"column":6},"end":{"line":43,"column":53}},"14":{"start":{"line":44,"column":6},"end":{"line":44,"column":13}},"15":{"start":{"line":47,"column":4},"end":{"line":56,"column":5}},"16":{"start":{"line":48,"column":6},"end":{"line":48,"column":48}},"17":{"start":{"line":49,"column":6},"end":{"line":53,"column":8}},"18":{"start":{"line":52,"column":38},"end":{"line":52,"column":97}},"19":{"start":{"line":55,"column":6},"end":{"line":55,"column":41}},"20":{"start":{"line":59,"column":2},"end":{"line":124,"column":4}},"21":{"start":{"line":118,"column":43},"end":{"line":118,"column":71}},"22":{"start":{"line":127,"column":15},"end":{"line":203,"column":2}}},"fnMap":{"0":{"name":"(anonymous_0)","decl":{"start":{"line":27,"column":23},"end":{"line":27,"column":24}},"loc":{"start":{"line":27,"column":29},"end":{"line":125,"column":1}},"line":27},"1":{"name":"(anonymous_1)","decl":{"start":{"line":36,"column":25},"end":{"line":36,"column":26}},"loc":{"start":{"line":36,"column":37},"end":{"line":57,"column":3}},"line":36},"2":{"name":"(anonymous_2)","decl":{"start":{"line":52,"column":32},"end":{"line":52,"column":33}},"loc":{"start":{"line":52,"column":38},"end":{"line":52,"column":97}},"line":52},"3":{"name":"(anonymous_3)","decl":{"start":{"line":118,"column":37},"end":{"line":118,"column":38}},"loc":{"start":{"line":118,"column":43},"end":{"line":118,"column":71}},"line":118}},"branchMap":{"0":{"loc":{"start":{"line":37,"column":4},"end":{"line":40,"column":5}},"type":"if","locations":[{"start":{"line":37,"column":4},"end":{"line":40,"column":5}},{"start":{},"end":{}}],"line":37},"1":{"loc":{"start":{"line":37,"column":8},"end":{"line":37,"column":60}},"type":"binary-expr","locations":[{"start":{"line":37,"column":8},"end":{"line":37,"column":17}},{"start":{"line":37,"column":21},"end":{"line":37,"column":27}},{"start":{"line":37,"column":31},"end":{"line":37,"column":40}},{"start":{"line":37,"column":44},"end":{"line":37,"column":60}}],"line":37},"2":{"loc":{"start":{"line":42,"column":4},"end":{"line":45,"column":5}},"type":"if","locations":[{"start":{"line":42,"column":4},"end":{"line":45,"column":5}},{"start":{},"end":{}}],"line":42},"3":{"loc":{"start":{"line":63,"column":18},"end":{"line":63,"column":62}},"type":"cond-expr","locations":[{"start":{"line":63,"column":42},"end":{"line":63,"column":51}},{"start":{"line":63,"column":54},"end":{"line":63,"column":62}}],"line":63}},"s":{"0":1,"1":5,"2":5,"3":5,"4":5,"5":5,"6":5,"7":5,"8":5,"9":1,"10":0,"11":0,"12":1,"13":0,"14":0,"15":1,"16":1,"17":1,"18":1,"19":0,"20":5,"21":0,"22":1},"f":{"0":5,"1":1,"2":1,"3":0},"b":{"0":[0,1],"1":[1,1,1,1],"2":[0,1],"3":[5,0]},"_coverageSchema":"1a1c01bbd47fc00a2c39e90264f33305004495a9","hash":"eeb9729d5253d45aa530d6204c8719e4df08f2b6"}
,"C:\\Users\\Alvaro\\OneDrive\\Área de Trabalho\\QrHunters\\src\\screens\\RewardsScreen.tsx": {"path":"C:\\Users\\Alvaro\\OneDrive\\Área de Trabalho\\QrHunters\\src\\screens\\RewardsScreen.tsx","statementMap":{"0":{"start":{"line":6,"column":22},"end":{"line":25,"column":1}},"1":{"start":{"line":7,"column":21},"end":{"line":7,"column":36}},"2":{"start":{"line":8,"column":21},"end":{"line":10,"column":3}},"3":{"start":{"line":9,"column":4},"end":{"line":9,"column":52}},"4":{"start":{"line":11,"column":2},"end":{"line":24,"column":4}},"5":{"start":{"line":27,"column":15},"end":{"line":53,"column":2}}},"fnMap":{"0":{"name":"(anonymous_0)","decl":{"start":{"line":6,"column":22},"end":{"line":6,"column":23}},"loc":{"start":{"line":6,"column":28},"end":{"line":25,"column":1}},"line":6},"1":{"name":"(anonymous_1)","decl":{"start":{"line":8,"column":21},"end":{"line":8,"column":22}},"loc":{"start":{"line":8,"column":27},"end":{"line":10,"column":3}},"line":8}},"branchMap":{},"s":{"0":1,"1":1,"2":1,"3":0,"4":1,"5":1},"f":{"0":1,"1":0},"b":{},"_coverageSchema":"1a1c01bbd47fc00a2c39e90264f33305004495a9","hash":"6fddcf9f4706db221c44efd9aadb5022104ff448"}
,"C:\\Users\\Alvaro\\OneDrive\\Área de Trabalho\\QrHunters\\src\\screens\\RouteScreen.tsx": {"path":"C:\\Users\\Alvaro\\OneDrive\\Área de Trabalho\\QrHunters\\src\\screens\\RouteScreen.tsx","statementMap":{"0":{"start":{"line":23,"column":20},"end":{"line":104,"column":1}},"1":{"start":{"line":24,"column":21},"end":{"line":24,"column":77}},"2":{"start":{"line":25,"column":16},"end":{"line":25,"column":48}},"3":{"start":{"line":26,"column":32},"end":{"line":26,"column":62}},"4":{"start":{"line":28,"column":20},"end":{"line":28,"column":43}},"5":{"start":{"line":30,"column":2},"end":{"line":41,"column":18}},"6":{"start":{"line":31,"column":25},"end":{"line":38,"column":5}},"7":{"start":{"line":32,"column":6},"end":{"line":32,"column":29}},"8":{"start":{"line":32,"column":22},"end":{"line":32,"column":29}},"9":{"start":{"line":33,"column":36},"end":{"line":33,"column":57}},"10":{"start":{"line":34,"column":26},"end":{"line":34,"column":72}},"11":{"start":{"line":35,"column":6},"end":{"line":37,"column":7}},"12":{"start":{"line":36,"column":8},"end":{"line":36,"column":32}},"13":{"start":{"line":40,"column":4},"end":{"line":40,"column":19}},"14":{"start":{"line":43,"column":21},"end":{"line":45,"column":3}},"15":{"start":{"line":44,"column":4},"end":{"line":44,"column":52}},"16":{"start":{"line":47,"column":28},"end":{"line":50,"column":3}},"17":{"start":{"line":49,"column":4},"end":{"line":49,"column":35}},"18":{"start":{"line":52,"column":2},"end":{"line":103,"column":4}},"19":{"start":{"line":70,"column":12},"end":{"line":70,"column":108}},"20":{"start":{"line":84,"column":96},"end":{"line":84,"column":109}},"21":{"start":{"line":106,"column":15},"end":{"line":221,"column":2}}},"fnMap":{"0":{"name":"(anonymous_0)","decl":{"start":{"line":23,"column":20},"end":{"line":23,"column":21}},"loc":{"start":{"line":23,"column":26},"end":{"line":104,"column":1}},"line":23},"1":{"name":"(anonymous_1)","decl":{"start":{"line":30,"column":12},"end":{"line":30,"column":13}},"loc":{"start":{"line":30,"column":18},"end":{"line":41,"column":3}},"line":30},"2":{"name":"(anonymous_2)","decl":{"start":{"line":31,"column":25},"end":{"line":31,"column":26}},"loc":{"start":{"line":31,"column":37},"end":{"line":38,"column":5}},"line":31},"3":{"name":"(anonymous_3)","decl":{"start":{"line":43,"column":21},"end":{"line":43,"column":22}},"loc":{"start":{"line":43,"column":27},"end":{"line":45,"column":3}},"line":43},"4":{"name":"(anonymous_4)","decl":{"start":{"line":47,"column":28},"end":{"line":47,"column":29}},"loc":{"start":{"line":47,"column":34},"end":{"line":50,"column":3}},"line":47},"5":{"name":"(anonymous_5)","decl":{"start":{"line":69,"column":41},"end":{"line":69,"column":42}},"loc":{"start":{"line":70,"column":12},"end":{"line":70,"column":108}},"line":70},"6":{"name":"(anonymous_6)","decl":{"start":{"line":84,"column":91},"end":{"line":84,"column":92}},"loc":{"start":{"line":84,"column":96},"end":{"line":84,"column":109}},"line":84}},"branchMap":{"0":{"loc":{"start":{"line":32,"column":6},"end":{"line":32,"column":29}},"type":"if","locations":[{"start":{"line":32,"column":6},"end":{"line":32,"column":29}},{"start":{},"end":{}}],"line":32},"1":{"loc":{"start":{"line":35,"column":6},"end":{"line":37,"column":7}},"type":"if","locations":[{"start":{"line":35,"column":6},"end":{"line":37,"column":7}},{"start":{},"end":{}}],"line":35},"2":{"loc":{"start":{"line":69,"column":11},"end":{"line":71,"column":12}},"type":"binary-expr","locations":[{"start":{"line":69,"column":11},"end":{"line":69,"column":18}},{"start":{"line":69,"column":22},"end":{"line":71,"column":12}}],"line":69},"3":{"loc":{"start":{"line":84,"column":11},"end":{"line":84,"column":149}},"type":"binary-expr","locations":[{"start":{"line":84,"column":11},"end":{"line":84,"column":18}},{"start":{"line":84,"column":22},"end":{"line":84,"column":149}}],"line":84}},"s":{"0":1,"1":1,"2":1,"3":1,"4":1,"5":1,"6":1,"7":1,"8":0,"9":1,"10":1,"11":1,"12":0,"13":1,"14":1,"15":0,"16":1,"17":0,"18":1,"19":0,"20":0,"21":1},"f":{"0":1,"1":1,"2":1,"3":0,"4":0,"5":0,"6":0},"b":{"0":[0,1],"1":[0,1],"2":[1,0],"3":[1,0]},"_coverageSchema":"1a1c01bbd47fc00a2c39e90264f33305004495a9","hash":"ce821a5e741b811cb1292c249fc27a312e9340bf"}
,"C:\\Users\\Alvaro\\OneDrive\\Área de Trabalho\\QrHunters\\src\\screens\\ScannerScreen.tsx": {"path":"C:\\Users\\Alvaro\\OneDrive\\Área de Trabalho\\QrHunters\\src\\screens\\ScannerScreen.tsx","statementMap":{"0":{"start":{"line":18,"column":18},"end":{"line":18,"column":42}},"1":{"start":{"line":19,"column":21},"end":{"line":19,"column":33}},"2":{"start":{"line":21,"column":22},"end":{"line":91,"column":1}},"3":{"start":{"line":22,"column":21},"end":{"line":22,"column":77}},"4":{"start":{"line":23,"column":48},"end":{"line":23,"column":77}},"5":{"start":{"line":25,"column":21},"end":{"line":27,"column":3}},"6":{"start":{"line":26,"column":4},"end":{"line":26,"column":52}},"7":{"start":{"line":29,"column":23},"end":{"line":39,"column":3}},"8":{"start":{"line":31,"column":23},"end":{"line":31,"column":55}},"9":{"start":{"line":32,"column":4},"end":{"line":32,"column":35}},"10":{"start":{"line":34,"column":4},"end":{"line":38,"column":6}},"11":{"start":{"line":41,"column":2},"end":{"line":90,"column":4}},"12":{"start":{"line":93,"column":15},"end":{"line":256,"column":2}}},"fnMap":{"0":{"name":"(anonymous_0)","decl":{"start":{"line":21,"column":22},"end":{"line":21,"column":23}},"loc":{"start":{"line":21,"column":28},"end":{"line":91,"column":1}},"line":21},"1":{"name":"(anonymous_1)","decl":{"start":{"line":25,"column":21},"end":{"line":25,"column":22}},"loc":{"start":{"line":25,"column":27},"end":{"line":27,"column":3}},"line":25},"2":{"name":"(anonymous_2)","decl":{"start":{"line":29,"column":23},"end":{"line":29,"column":24}},"loc":{"start":{"line":29,"column":29},"end":{"line":39,"column":3}},"line":29}},"branchMap":{},"s":{"0":1,"1":1,"2":1,"3":4,"4":4,"5":4,"6":1,"7":4,"8":1,"9":1,"10":1,"11":4,"12":1},"f":{"0":4,"1":1,"2":1},"b":{},"_coverageSchema":"1a1c01bbd47fc00a2c39e90264f33305004495a9","hash":"2994535665eed940c899017b022afcb529a62a76"}
,"C:\\Users\\Alvaro\\OneDrive\\Área de Trabalho\\QrHunters\\src\\screens\\SplashScreen.tsx": {"path":"C:\\Users\\Alvaro\\OneDrive\\Área de Trabalho\\QrHunters\\src\\screens\\SplashScreen.tsx","statementMap":{"0":{"start":{"line":10,"column":50},"end":{"line":61,"column":1}},"1":{"start":{"line":11,"column":18},"end":{"line":11,"column":39}},"2":{"start":{"line":12,"column":16},"end":{"line":12,"column":39}},"3":{"start":{"line":14,"column":2},"end":{"line":40,"column":19}},"4":{"start":{"line":15,"column":4},"end":{"line":39,"column":7}},"5":{"start":{"line":36,"column":6},"end":{"line":38,"column":7}},"6":{"start":{"line":37,"column":8},"end":{"line":37,"column":36}},"7":{"start":{"line":42,"column":2},"end":{"line":60,"column":4}},"8":{"start":{"line":63,"column":15},"end":{"line":83,"column":2}}},"fnMap":{"0":{"name":"(anonymous_0)","decl":{"start":{"line":10,"column":50},"end":{"line":10,"column":51}},"loc":{"start":{"line":10,"column":70},"end":{"line":61,"column":1}},"line":10},"1":{"name":"(anonymous_1)","decl":{"start":{"line":14,"column":12},"end":{"line":14,"column":13}},"loc":{"start":{"line":14,"column":18},"end":{"line":40,"column":3}},"line":14},"2":{"name":"(anonymous_2)","decl":{"start":{"line":35,"column":13},"end":{"line":35,"column":14}},"loc":{"start":{"line":35,"column":19},"end":{"line":39,"column":5}},"line":35}},"branchMap":{"0":{"loc":{"start":{"line":36,"column":6},"end":{"line":38,"column":7}},"type":"if","locations":[{"start":{"line":36,"column":6},"end":{"line":38,"column":7}},{"start":{},"end":{}}],"line":36},"1":{"loc":{"start":{"line":36,"column":10},"end":{"line":36,"column":64}},"type":"binary-expr","locations":[{"start":{"line":36,"column":10},"end":{"line":36,"column":20}},{"start":{"line":36,"column":24},"end":{"line":36,"column":64}}],"line":36}},"s":{"0":1,"1":1,"2":1,"3":1,"4":1,"5":0,"6":0,"7":1,"8":1},"f":{"0":1,"1":1,"2":0},"b":{"0":[0,0],"1":[0,0]},"_coverageSchema":"1a1c01bbd47fc00a2c39e90264f33305004495a9","hash":"94ea19cfd9e8c076f9a5d988f53900670a2f6e00"}
,"C:\\Users\\Alvaro\\OneDrive\\Área de Trabalho\\QrHunters\\src\\theme\\theme.ts": {"path":"C:\\Users\\Alvaro\\OneDrive\\Área de Trabalho\\QrHunters\\src\\theme\\theme.ts","statementMap":{"0":{"start":{"line":7,"column":21},"end":{"line":55,"column":1}}},"fnMap":{},"branchMap":{},"s":{"0":11},"f":{},"b":{},"_coverageSchema":"1a1c01bbd47fc00a2c39e90264f33305004495a9","hash":"8676778d41df2561c568d6ee56c9e6d8f014b8a4"}
}
