TN:
SF:src\assets\logo.png
FNF:0
FNH:0
DA:1,3
LF:1
LH:1
BRF:0
BRH:0
end_of_record
TN:
SF:src\components\BaseScreen.tsx
FN:29,(anonymous_0)
FN:45,(anonymous_1)
FNF:2
FNH:2
FNDA:28,(anonymous_0)
FNDA:1,(anonymous_1)
DA:29,3
DA:43,28
DA:45,28
DA:46,1
DA:47,1
DA:49,0
DA:53,28
DA:79,3
LF:8
LH:7
BRDA:31,0,0,28
BRDA:32,1,0,26
BRDA:33,2,0,22
BRDA:35,3,0,28
BRDA:41,4,0,27
BRDA:46,5,0,1
BRDA:46,5,1,0
BRDA:57,6,0,28
BRDA:57,6,1,6
BRDA:67,7,0,28
BRDA:67,7,1,27
BRF:11
BRH:10
end_of_record
TN:
SF:src\components\CurvedBackground.tsx
FN:16,(anonymous_0)
FNF:1
FNH:1
FNDA:30,(anonymous_0)
DA:16,4
DA:23,30
DA:40,30
DA:43,4
LF:4
LH:4
BRDA:17,0,0,2
BRDA:18,1,0,2
BRDA:19,2,0,2
BRDA:20,3,0,1
BRDA:21,4,0,30
BRDA:26,5,0,29
BRDA:26,5,1,1
BRF:7
BRH:7
end_of_record
TN:
SF:src\components\DrawerContent.tsx
FN:9,(anonymous_0)
FN:13,(anonymous_1)
FN:22,(anonymous_2)
FN:23,(anonymous_3)
FN:28,(anonymous_4)
FN:44,(anonymous_5)
FN:57,(anonymous_6)
FN:70,(anonymous_7)
FN:83,(anonymous_8)
FNF:9
FNH:3
FNDA:12,(anonymous_0)
FNDA:0,(anonymous_1)
FNDA:12,(anonymous_2)
FNDA:12,(anonymous_3)
FNDA:0,(anonymous_4)
FNDA:0,(anonymous_5)
FNDA:0,(anonymous_6)
FNDA:0,(anonymous_7)
FNDA:0,(anonymous_8)
DA:9,1
DA:10,12
DA:11,12
DA:13,12
DA:14,0
DA:15,0
DA:22,12
DA:23,12
DA:24,12
DA:26,12
DA:27,0
DA:28,0
DA:30,0
DA:32,12
DA:33,12
DA:35,12
DA:45,0
DA:49,0
DA:58,0
DA:62,0
DA:71,0
DA:75,0
DA:84,0
DA:88,0
DA:110,1
LF:25
LH:12
BRDA:24,0,0,0
BRDA:24,0,1,12
BRDA:24,1,0,12
BRDA:24,1,1,12
BRDA:26,2,0,12
BRDA:26,2,1,0
BRDA:27,3,0,0
BRDA:27,3,1,0
BRDA:27,4,0,0
BRDA:27,4,1,0
BRDA:28,5,0,0
BRDA:28,5,1,0
BRDA:33,6,0,12
BRDA:33,6,1,0
BRDA:49,7,0,0
BRDA:49,7,1,0
BRDA:62,8,0,0
BRDA:62,8,1,0
BRDA:75,9,0,0
BRDA:75,9,1,0
BRDA:88,10,0,0
BRDA:88,10,1,0
BRF:22
BRH:5
end_of_record
TN:
SF:src\context\AuthContext.tsx
FN:17,(anonymous_0)
FN:21,(anonymous_1)
FN:27,(anonymous_2)
FN:32,(anonymous_3)
FN:43,(anonymous_4)
FNF:5
FNH:4
FNDA:35,(anonymous_0)
FNDA:4,(anonymous_1)
FNDA:1,(anonymous_2)
FNDA:0,(anonymous_3)
FNDA:23,(anonymous_4)
DA:15,10
DA:17,10
DA:18,35
DA:19,35
DA:21,35
DA:22,4
DA:23,1
DA:24,1
DA:27,35
DA:28,1
DA:29,1
DA:32,35
DA:33,0
DA:36,35
DA:43,10
DA:44,23
LF:16
LH:15
BRDA:17,0,0,35
BRF:1
BRH:1
end_of_record
TN:
SF:src\core\domain\entities\Journey.ts
FN:4,(anonymous_0)
FN:13,(anonymous_1)
FN:24,(anonymous_2)
FN:28,(anonymous_3)
FN:32,(anonymous_4)
FNF:5
FNH:5
FNDA:19,(anonymous_0)
FNDA:16,(anonymous_1)
FNDA:1,(anonymous_2)
FNDA:1,(anonymous_3)
FNDA:1,(anonymous_4)
DA:21,16
DA:25,1
DA:29,1
DA:33,1
LF:4
LH:4
BRF:0
BRH:0
end_of_record
TN:
SF:src\core\domain\entities\JourneyPoint.ts
FN:5,(anonymous_0)
FN:14,(anonymous_1)
FNF:2
FNH:2
FNDA:40,(anonymous_0)
FNDA:40,(anonymous_1)
DA:22,40
LF:1
LH:1
BRF:0
BRH:0
end_of_record
TN:
SF:src\core\domain\entities\QRCode.ts
FN:5,(anonymous_0)
FN:14,(anonymous_1)
FNF:2
FNH:2
FNDA:11,(anonymous_0)
FNDA:11,(anonymous_1)
DA:22,11
LF:1
LH:1
BRF:0
BRH:0
end_of_record
TN:
SF:src\core\domain\entities\User.ts
FN:6,(anonymous_0)
FN:13,(anonymous_1)
FN:23,(anonymous_2)
FN:28,(anonymous_3)
FN:33,(anonymous_4)
FNF:5
FNH:5
FNDA:17,(anonymous_0)
FNDA:14,(anonymous_1)
FNDA:1,(anonymous_2)
FNDA:1,(anonymous_3)
FNDA:1,(anonymous_4)
DA:19,14
DA:24,1
DA:29,1
DA:34,1
LF:4
LH:4
BRF:0
BRH:0
end_of_record
TN:
SF:src\core\domain\use-cases\ChangePasswordUseCase.ts
FN:5,(anonymous_0)
FN:7,(anonymous_1)
FNF:2
FNH:2
FNDA:57,(anonymous_0)
FNDA:1,(anonymous_1)
DA:12,1
DA:14,1
DA:15,1
DA:17,1
LF:4
LH:4
BRF:0
BRH:0
end_of_record
TN:
SF:src\core\domain\use-cases\CompleteJourneyPointUseCase.ts
FN:5,(anonymous_0)
FN:7,(anonymous_1)
FNF:2
FNH:2
FNDA:9,(anonymous_0)
FNDA:1,(anonymous_1)
DA:11,1
DA:12,1
LF:2
LH:2
BRF:0
BRH:0
end_of_record
TN:
SF:src\core\domain\use-cases\DeleteAccountUseCase.ts
FN:4,(anonymous_0)
FN:6,(anonymous_1)
FNF:2
FNH:2
FNDA:57,(anonymous_0)
FNDA:1,(anonymous_1)
DA:7,1
DA:8,1
LF:2
LH:2
BRF:0
BRH:0
end_of_record
TN:
SF:src\core\domain\use-cases\FinishJourneyUseCase.ts
FN:5,(anonymous_0)
FN:7,(anonymous_1)
FNF:2
FNH:2
FNDA:9,(anonymous_0)
FNDA:1,(anonymous_1)
DA:8,1
DA:9,1
LF:2
LH:2
BRF:0
BRH:0
end_of_record
TN:
SF:src\core\domain\use-cases\GetAllJourneysUseCase.ts
FN:5,(anonymous_0)
FN:7,(anonymous_1)
FNF:2
FNH:2
FNDA:9,(anonymous_0)
FNDA:4,(anonymous_1)
DA:8,4
LF:1
LH:1
BRF:0
BRH:0
end_of_record
TN:
SF:src\core\domain\use-cases\GetJourneyUseCase.ts
FN:5,(anonymous_0)
FN:7,(anonymous_1)
FNF:2
FNH:2
FNDA:9,(anonymous_0)
FNDA:2,(anonymous_1)
DA:8,2
DA:9,2
LF:2
LH:2
BRF:0
BRH:0
end_of_record
TN:
SF:src\core\domain\use-cases\GetQRCodeDetailsUseCase.ts
FN:5,(anonymous_0)
FN:7,(anonymous_1)
FNF:2
FNH:2
FNDA:4,(anonymous_0)
FNDA:2,(anonymous_1)
DA:8,2
DA:9,2
LF:2
LH:2
BRF:0
BRH:0
end_of_record
TN:
SF:src\core\domain\use-cases\GetUserProgressUseCase.ts
FN:5,(anonymous_0)
FN:7,(anonymous_1)
FNF:2
FNH:2
FNDA:3,(anonymous_0)
FNDA:3,(anonymous_1)
DA:8,3
DA:9,3
LF:2
LH:2
BRF:0
BRH:0
end_of_record
TN:
SF:src\core\domain\use-cases\LoginUseCase.ts
FN:7,(anonymous_0)
FN:9,(anonymous_1)
FNF:2
FNH:2
FNDA:57,(anonymous_0)
FNDA:6,(anonymous_1)
DA:13,6
DA:15,6
DA:16,5
DA:18,4
LF:4
LH:4
BRF:0
BRH:0
end_of_record
TN:
SF:src\core\domain\use-cases\RegisterUseCase.ts
FN:14,(anonymous_0)
FN:16,(anonymous_1)
FNF:2
FNH:2
FNDA:57,(anonymous_0)
FNDA:8,(anonymous_1)
DA:17,8
DA:18,8
DA:19,8
DA:20,8
LF:4
LH:4
BRF:0
BRH:0
end_of_record
TN:
SF:src\core\domain\use-cases\ScanQRCodeUseCase.ts
FN:7,(anonymous_0)
FN:9,(anonymous_1)
FNF:2
FNH:2
FNDA:4,(anonymous_0)
FNDA:2,(anonymous_1)
DA:13,2
DA:15,2
DA:16,2
DA:18,2
LF:4
LH:4
BRF:0
BRH:0
end_of_record
TN:
SF:src\core\domain\use-cases\StartJourneyUseCase.ts
FN:5,(anonymous_0)
FN:7,(anonymous_1)
FNF:2
FNH:2
FNDA:9,(anonymous_0)
FNDA:2,(anonymous_1)
DA:8,2
DA:9,2
LF:2
LH:2
BRF:0
BRH:0
end_of_record
TN:
SF:src\core\domain\use-cases\UpdateProfileUseCase.ts
FN:7,(anonymous_0)
FN:9,(anonymous_1)
FNF:2
FNH:2
FNDA:57,(anonymous_0)
FNDA:1,(anonymous_1)
DA:14,1
DA:16,1
DA:17,1
DA:19,1
LF:4
LH:4
BRF:0
BRH:0
end_of_record
TN:
SF:src\core\domain\value-objects\Code.ts
FN:2,(anonymous_0)
FN:8,(anonymous_1)
FN:12,(anonymous_2)
FN:16,(anonymous_3)
FNF:4
FNH:4
FNDA:17,(anonymous_0)
FNDA:17,(anonymous_1)
FNDA:17,(anonymous_2)
FNDA:5,(anonymous_3)
DA:3,17
DA:4,2
DA:9,17
DA:13,17
DA:17,5
LF:5
LH:5
BRDA:3,0,0,2
BRDA:3,0,1,15
BRF:2
BRH:2
end_of_record
TN:
SF:src\core\domain\value-objects\Email.ts
FN:2,(anonymous_0)
FN:8,(anonymous_1)
FN:12,(anonymous_2)
FN:18,(anonymous_3)
FNF:4
FNH:4
FNDA:30,(anonymous_0)
FNDA:30,(anonymous_1)
FNDA:30,(anonymous_2)
FNDA:7,(anonymous_3)
DA:3,30
DA:4,4
DA:9,30
DA:14,30
DA:15,30
DA:19,7
LF:6
LH:6
BRDA:3,0,0,4
BRDA:3,0,1,26
BRF:2
BRH:2
end_of_record
TN:
SF:src\core\domain\value-objects\Latitude.ts
FN:2,(anonymous_0)
FN:8,(anonymous_1)
FN:12,(anonymous_2)
FN:16,(anonymous_3)
FNF:4
FNH:4
FNDA:32,(anonymous_0)
FNDA:32,(anonymous_1)
FNDA:32,(anonymous_2)
FNDA:2,(anonymous_3)
DA:3,32
DA:4,2
DA:9,32
DA:13,32
DA:17,2
LF:5
LH:5
BRDA:3,0,0,2
BRDA:3,0,1,30
BRDA:13,1,0,32
BRDA:13,1,1,31
BRF:4
BRH:4
end_of_record
TN:
SF:src\core\domain\value-objects\Location.ts
FN:2,(anonymous_0)
FN:8,(anonymous_1)
FN:12,(anonymous_2)
FN:16,(anonymous_3)
FNF:4
FNH:4
FNDA:17,(anonymous_0)
FNDA:17,(anonymous_1)
FNDA:17,(anonymous_2)
FNDA:2,(anonymous_3)
DA:3,17
DA:4,2
DA:9,17
DA:13,17
DA:17,2
LF:5
LH:5
BRDA:3,0,0,2
BRDA:3,0,1,15
BRF:2
BRH:2
end_of_record
TN:
SF:src\core\domain\value-objects\Longitude.ts
FN:2,(anonymous_0)
FN:8,(anonymous_1)
FN:12,(anonymous_2)
FN:16,(anonymous_3)
FNF:4
FNH:4
FNDA:32,(anonymous_0)
FNDA:32,(anonymous_1)
FNDA:32,(anonymous_2)
FNDA:2,(anonymous_3)
DA:3,32
DA:4,2
DA:9,32
DA:13,32
DA:17,2
LF:5
LH:5
BRDA:3,0,0,2
BRDA:3,0,1,30
BRDA:13,1,0,32
BRDA:13,1,1,31
BRF:4
BRH:4
end_of_record
TN:
SF:src\core\domain\value-objects\Name.ts
FN:2,(anonymous_0)
FN:8,(anonymous_1)
FN:12,(anonymous_2)
FN:17,(anonymous_3)
FNF:4
FNH:4
FNDA:22,(anonymous_0)
FNDA:22,(anonymous_1)
FNDA:22,(anonymous_2)
FNDA:2,(anonymous_3)
DA:3,22
DA:4,3
DA:9,22
DA:13,22
DA:14,22
DA:18,2
LF:6
LH:6
BRDA:3,0,0,3
BRDA:3,0,1,19
BRF:2
BRH:2
end_of_record
TN:
SF:src\core\domain\value-objects\Password.ts
FN:2,(anonymous_0)
FN:8,(anonymous_1)
FN:12,(anonymous_2)
FN:18,(anonymous_3)
FNF:4
FNH:4
FNDA:30,(anonymous_0)
FNDA:30,(anonymous_1)
FNDA:30,(anonymous_2)
FNDA:5,(anonymous_3)
DA:3,30
DA:4,6
DA:9,30
DA:14,30
DA:15,30
DA:19,5
LF:6
LH:6
BRDA:3,0,0,6
BRDA:3,0,1,24
BRF:2
BRH:2
end_of_record
TN:
SF:src\core\factories\AuthFactory.ts
FN:9,makeAuthUseCases
FNF:1
FNH:1
FNDA:57,makeAuthUseCases
DA:10,57
DA:12,57
DA:13,57
DA:14,57
DA:15,57
DA:16,57
DA:18,57
LF:7
LH:7
BRF:0
BRH:0
end_of_record
TN:
SF:src\core\factories\JourneyFactory.ts
FN:9,makeJourneyUseCases
FNF:1
FNH:1
FNDA:9,makeJourneyUseCases
DA:10,9
DA:12,9
DA:13,9
DA:14,9
DA:15,9
DA:16,9
DA:18,9
LF:7
LH:7
BRF:0
BRH:0
end_of_record
TN:
SF:src\core\factories\ProgressFactory.ts
FN:5,makeProgressUseCases
FNF:1
FNH:1
FNDA:3,makeProgressUseCases
DA:6,3
DA:8,3
DA:10,3
LF:3
LH:3
BRF:0
BRH:0
end_of_record
TN:
SF:src\core\factories\QRCodeFactory.ts
FN:6,makeQRCodeUseCases
FNF:1
FNH:1
FNDA:4,makeQRCodeUseCases
DA:7,4
DA:9,4
DA:10,4
DA:12,4
LF:4
LH:4
BRF:0
BRH:0
end_of_record
TN:
SF:src\core\factories\index.ts
FNF:0
FNH:0
LF:0
LH:0
BRF:0
BRH:0
end_of_record
TN:
SF:src\core\infra\repositories\AuthRepositoryMock.ts
FN:11,(anonymous_0)
FN:13,(anonymous_1)
FN:20,(anonymous_2)
FN:21,(anonymous_3)
FN:28,(anonymous_4)
FN:29,(anonymous_5)
FN:38,(anonymous_6)
FN:39,(anonymous_7)
FN:49,(anonymous_8)
FN:50,(anonymous_9)
FN:52,(anonymous_10)
FN:60,(anonymous_11)
FN:61,(anonymous_12)
FN:69,(anonymous_13)
FN:70,(anonymous_14)
FN:73,(anonymous_15)
FNF:16
FNH:16
FNDA:10,(anonymous_0)
FNDA:73,(anonymous_1)
FNDA:4,(anonymous_2)
FNDA:2,(anonymous_3)
FNDA:9,(anonymous_4)
FNDA:1,(anonymous_5)
FNDA:1,(anonymous_6)
FNDA:1,(anonymous_7)
FNDA:1,(anonymous_8)
FNDA:1,(anonymous_9)
FNDA:1,(anonymous_10)
FNDA:1,(anonymous_11)
FNDA:1,(anonymous_12)
FNDA:2,(anonymous_13)
FNDA:2,(anonymous_14)
FNDA:13,(anonymous_15)
DA:9,10
DA:14,73
DA:15,10
DA:17,73
DA:21,4
DA:22,4
DA:23,2
DA:25,2
DA:29,9
DA:30,9
DA:31,1
DA:33,8
DA:34,8
DA:35,8
DA:39,1
DA:40,1
DA:41,1
DA:42,1
DA:43,1
DA:44,1
DA:46,0
DA:50,1
DA:51,1
DA:52,1
DA:53,1
DA:54,1
DA:55,1
DA:57,0
DA:61,1
DA:62,1
DA:63,1
DA:64,1
DA:66,0
DA:70,2
DA:74,13
LF:35
LH:32
BRDA:14,0,0,10
BRDA:14,0,1,63
BRDA:21,1,0,2
BRDA:21,1,1,2
BRDA:22,2,0,2
BRDA:22,2,1,2
BRDA:30,3,0,1
BRDA:30,3,1,8
BRDA:40,4,0,1
BRDA:40,4,1,0
BRDA:51,5,0,1
BRDA:51,5,1,0
BRDA:51,6,0,1
BRDA:51,6,1,1
BRDA:62,7,0,1
BRDA:62,7,1,0
BRF:16
BRH:13
end_of_record
TN:
SF:src\core\infra\repositories\JourneyRepositoryMock.ts
FN:35,(anonymous_0)
FN:37,(anonymous_1)
FN:44,(anonymous_2)
FN:45,(anonymous_3)
FN:48,(anonymous_4)
FN:52,(anonymous_5)
FN:53,(anonymous_6)
FN:62,(anonymous_7)
FN:71,(anonymous_8)
FN:72,(anonymous_9)
FN:78,(anonymous_10)
FN:83,(anonymous_11)
FN:95,(anonymous_12)
FN:110,(anonymous_13)
FN:111,(anonymous_14)
FN:117,(anonymous_15)
FNF:16
FNH:16
FNDA:4,(anonymous_0)
FNDA:9,(anonymous_1)
FNDA:2,(anonymous_2)
FNDA:3,(anonymous_3)
FNDA:4,(anonymous_4)
FNDA:2,(anonymous_5)
FNDA:2,(anonymous_6)
FNDA:6,(anonymous_7)
FNDA:1,(anonymous_8)
FNDA:1,(anonymous_9)
FNDA:1,(anonymous_10)
FNDA:3,(anonymous_11)
FNDA:2,(anonymous_12)
FNDA:1,(anonymous_13)
FNDA:1,(anonymous_14)
FNDA:3,(anonymous_15)
DA:9,4
DA:38,9
DA:39,4
DA:41,9
DA:45,3
DA:49,4
DA:53,2
DA:54,2
DA:55,0
DA:57,2
DA:59,2
DA:62,6
DA:67,2
DA:68,2
DA:72,1
DA:73,1
DA:74,0
DA:76,1
DA:78,1
DA:79,1
DA:80,0
DA:83,1
DA:84,3
DA:85,1
DA:87,2
DA:90,1
DA:91,1
DA:92,1
DA:95,2
DA:97,1
DA:106,1
DA:107,1
DA:111,1
DA:112,1
DA:113,0
DA:115,1
DA:117,3
DA:119,1
DA:128,1
DA:129,1
LF:40
LH:36
BRDA:38,0,0,4
BRDA:38,0,1,5
BRDA:54,1,0,0
BRDA:54,1,1,2
BRDA:73,2,0,0
BRDA:73,2,1,1
BRDA:79,3,0,0
BRDA:79,3,1,1
BRDA:84,4,0,1
BRDA:84,4,1,2
BRDA:91,5,0,1
BRDA:91,5,1,0
BRDA:112,6,0,0
BRDA:112,6,1,1
BRF:14
BRH:9
end_of_record
TN:
SF:src\core\infra\repositories\ProgressRepositoryMock.ts
FN:46,(anonymous_0)
FN:48,(anonymous_1)
FN:55,(anonymous_2)
FN:57,(anonymous_3)
FN:58,(anonymous_4)
FN:60,(anonymous_5)
FNF:6
FNH:6
FNDA:2,(anonymous_0)
FNDA:3,(anonymous_1)
FNDA:3,(anonymous_2)
FNDA:9,(anonymous_3)
FNDA:4,(anonymous_4)
FNDA:9,(anonymous_5)
DA:13,2
DA:40,2
DA:49,3
DA:50,2
DA:52,3
DA:56,3
DA:57,9
DA:58,4
DA:60,9
LF:9
LH:9
BRDA:49,0,0,2
BRDA:49,0,1,1
BRF:2
BRH:2
end_of_record
TN:
SF:src\core\infra\repositories\QRCodeRepositoryMock.ts
FN:27,(anonymous_0)
FN:29,(anonymous_1)
FN:36,(anonymous_2)
FN:37,(anonymous_3)
FN:63,(anonymous_4)
FN:64,(anonymous_5)
FNF:6
FNH:6
FNDA:1,(anonymous_0)
FNDA:4,(anonymous_1)
FNDA:2,(anonymous_2)
FNDA:3,(anonymous_3)
FNDA:2,(anonymous_4)
FNDA:4,(anonymous_5)
DA:8,1
DA:30,4
DA:31,1
DA:33,4
DA:37,3
DA:39,2
DA:40,1
DA:48,1
DA:51,1
DA:59,1
DA:60,1
DA:64,4
LF:12
LH:12
BRDA:30,0,0,1
BRDA:30,0,1,3
BRDA:39,1,0,1
BRDA:39,1,1,1
BRF:4
BRH:4
end_of_record
TN:
SF:src\screens\HistoryScreen.tsx
FN:6,(anonymous_0)
FN:8,(anonymous_1)
FNF:2
FNH:1
FNDA:1,(anonymous_0)
FNDA:0,(anonymous_1)
DA:6,1
DA:7,1
DA:8,1
DA:9,0
DA:11,1
DA:27,1
LF:6
LH:5
BRF:0
BRH:0
end_of_record
TN:
SF:src\screens\HomeScreen.tsx
FN:11,(anonymous_0)
FN:15,(anonymous_1)
FN:16,(anonymous_2)
FN:25,(anonymous_3)
FN:29,(anonymous_4)
FN:30,(anonymous_5)
FN:43,(anonymous_6)
FN:61,(anonymous_7)
FN:65,(anonymous_8)
FNF:9
FNH:7
FNDA:6,(anonymous_0)
FNDA:3,(anonymous_1)
FNDA:3,(anonymous_2)
FNDA:1,(anonymous_3)
FNDA:6,(anonymous_4)
FNDA:1,(anonymous_5)
FNDA:0,(anonymous_6)
FNDA:9,(anonymous_7)
FNDA:0,(anonymous_8)
DA:11,2
DA:12,6
DA:13,6
DA:15,6
DA:16,3
DA:17,3
DA:18,3
DA:19,3
DA:22,3
DA:25,6
DA:26,1
DA:29,6
DA:30,6
DA:43,6
DA:44,0
DA:47,6
DA:61,9
DA:65,0
DA:72,2
LF:19
LH:17
BRF:0
BRH:0
end_of_record
TN:
SF:src\screens\LoginScreen.tsx
FN:25,(anonymous_0)
FN:35,(anonymous_1)
FN:49,(anonymous_2)
FNF:3
FNH:3
FNDA:18,(anonymous_0)
FNDA:5,(anonymous_1)
FNDA:1,(anonymous_2)
DA:25,2
DA:26,18
DA:27,18
DA:28,18
DA:29,18
DA:31,18
DA:35,18
DA:36,5
DA:37,1
DA:38,1
DA:41,4
DA:42,4
DA:45,3
DA:49,18
DA:50,1
DA:53,18
DA:105,2
LF:17
LH:17
BRDA:36,0,0,1
BRDA:36,0,1,4
BRDA:36,1,0,5
BRDA:36,1,1,4
BRDA:57,2,0,18
BRDA:57,2,1,0
BRF:6
BRH:5
end_of_record
TN:
SF:src\screens\ProfileScreen.tsx
FN:22,(anonymous_0)
FN:25,(anonymous_1)
FN:35,(anonymous_2)
FN:53,(anonymous_3)
FN:57,(anonymous_4)
FNF:5
FNH:4
FNDA:13,(anonymous_0)
FNDA:2,(anonymous_1)
FNDA:0,(anonymous_2)
FNDA:1,(anonymous_3)
FNDA:3,(anonymous_4)
DA:22,1
DA:23,13
DA:24,13
DA:25,13
DA:26,2
DA:27,2
DA:36,0
DA:37,0
DA:38,0
DA:39,0
DA:40,0
DA:41,0
DA:43,0
DA:50,13
DA:51,13
DA:53,13
DA:54,1
DA:57,13
DA:58,3
DA:59,1
DA:60,1
DA:63,2
DA:64,2
DA:65,2
DA:66,2
DA:67,2
DA:68,1
DA:69,1
DA:70,1
DA:72,1
DA:77,13
DA:145,1
LF:32
LH:25
BRDA:26,0,0,0
BRDA:26,0,1,2
BRDA:38,1,0,0
BRDA:38,1,1,0
BRDA:58,2,0,1
BRDA:58,2,1,2
BRDA:63,3,0,2
BRDA:63,3,1,0
BRDA:65,4,0,2
BRDA:65,4,1,0
BRDA:67,5,0,1
BRDA:67,5,1,1
BRDA:101,6,0,13
BRDA:101,6,1,0
BRF:14
BRH:8
end_of_record
TN:
SF:src\screens\ProgressScreen.tsx
FN:19,(anonymous_0)
FN:23,(anonymous_1)
FN:24,(anonymous_2)
FN:33,(anonymous_3)
FN:37,(anonymous_4)
FN:76,(anonymous_5)
FNF:6
FNH:5
FNDA:2,(anonymous_0)
FNDA:1,(anonymous_1)
FNDA:1,(anonymous_2)
FNDA:0,(anonymous_3)
FNDA:2,(anonymous_4)
FNDA:2,(anonymous_5)
DA:19,1
DA:20,2
DA:21,2
DA:23,2
DA:24,1
DA:25,1
DA:26,1
DA:27,1
DA:30,1
DA:33,2
DA:34,0
DA:37,2
DA:38,2
DA:62,2
DA:76,2
DA:82,1
LF:16
LH:15
BRDA:47,0,0,1
BRDA:47,0,1,1
BRDA:50,1,0,1
BRDA:50,1,1,1
BRDA:56,2,0,2
BRDA:56,2,1,2
BRF:6
BRH:6
end_of_record
TN:
SF:src\screens\RegisterScreen.tsx
FN:27,(anonymous_0)
FN:36,(anonymous_1)
FN:52,(anonymous_2)
FN:118,(anonymous_3)
FNF:4
FNH:3
FNDA:5,(anonymous_0)
FNDA:1,(anonymous_1)
FNDA:1,(anonymous_2)
FNDA:0,(anonymous_3)
DA:27,1
DA:28,5
DA:29,5
DA:30,5
DA:31,5
DA:32,5
DA:33,5
DA:34,5
DA:36,5
DA:37,1
DA:38,0
DA:39,0
DA:42,1
DA:43,0
DA:44,0
DA:47,1
DA:48,1
DA:49,1
DA:52,1
DA:55,0
DA:59,5
DA:118,0
DA:127,1
LF:23
LH:17
BRDA:37,0,0,0
BRDA:37,0,1,1
BRDA:37,1,0,1
BRDA:37,1,1,1
BRDA:37,1,2,1
BRDA:37,1,3,1
BRDA:42,2,0,0
BRDA:42,2,1,1
BRDA:63,3,0,5
BRDA:63,3,1,0
BRF:10
BRH:7
end_of_record
TN:
SF:src\screens\RewardsScreen.tsx
FN:6,(anonymous_0)
FN:8,(anonymous_1)
FNF:2
FNH:1
FNDA:1,(anonymous_0)
FNDA:0,(anonymous_1)
DA:6,1
DA:7,1
DA:8,1
DA:9,0
DA:11,1
DA:27,1
LF:6
LH:5
BRF:0
BRH:0
end_of_record
TN:
SF:src\screens\RouteScreen.tsx
FN:23,(anonymous_0)
FN:30,(anonymous_1)
FN:31,(anonymous_2)
FN:43,(anonymous_3)
FN:47,(anonymous_4)
FN:69,(anonymous_5)
FN:84,(anonymous_6)
FNF:7
FNH:3
FNDA:1,(anonymous_0)
FNDA:1,(anonymous_1)
FNDA:1,(anonymous_2)
FNDA:0,(anonymous_3)
FNDA:0,(anonymous_4)
FNDA:0,(anonymous_5)
FNDA:0,(anonymous_6)
DA:23,1
DA:24,1
DA:25,1
DA:26,1
DA:28,1
DA:30,1
DA:31,1
DA:32,1
DA:33,1
DA:34,1
DA:35,1
DA:36,0
DA:40,1
DA:43,1
DA:44,0
DA:47,1
DA:49,0
DA:52,1
DA:70,0
DA:84,0
DA:106,1
LF:21
LH:16
BRDA:32,0,0,0
BRDA:32,0,1,1
BRDA:35,1,0,0
BRDA:35,1,1,1
BRDA:69,2,0,1
BRDA:69,2,1,0
BRDA:84,3,0,1
BRDA:84,3,1,0
BRF:8
BRH:4
end_of_record
TN:
SF:src\screens\ScannerScreen.tsx
FN:21,(anonymous_0)
FN:25,(anonymous_1)
FN:29,(anonymous_2)
FNF:3
FNH:3
FNDA:4,(anonymous_0)
FNDA:1,(anonymous_1)
FNDA:1,(anonymous_2)
DA:18,1
DA:19,1
DA:21,1
DA:22,4
DA:23,4
DA:25,4
DA:26,1
DA:29,4
DA:31,1
DA:32,1
DA:34,1
DA:41,4
DA:93,1
LF:13
LH:13
BRF:0
BRH:0
end_of_record
TN:
SF:src\screens\SplashScreen.tsx
FN:10,(anonymous_0)
FN:14,(anonymous_1)
FN:35,(anonymous_2)
FNF:3
FNH:2
FNDA:1,(anonymous_0)
FNDA:1,(anonymous_1)
FNDA:0,(anonymous_2)
DA:10,1
DA:11,1
DA:12,1
DA:14,1
DA:15,1
DA:36,0
DA:37,0
DA:42,1
DA:63,1
LF:9
LH:7
BRDA:36,0,0,0
BRDA:36,0,1,0
BRDA:36,1,0,0
BRDA:36,1,1,0
BRF:4
BRH:0
end_of_record
TN:
SF:src\theme\theme.ts
FNF:0
FNH:0
DA:7,11
LF:1
LH:1
BRF:0
BRH:0
end_of_record
