TN:
SF:src/core/domain/entities/Journey.ts
FN:4,(anonymous_0)
FN:13,(anonymous_1)
FN:24,(anonymous_2)
FN:28,(anonymous_3)
FN:32,(anonymous_4)
FNF:5
FNH:3
FNDA:7,(anonymous_0)
FNDA:4,(anonymous_1)
FNDA:3,(anonymous_2)
FNDA:0,(anonymous_3)
FNDA:0,(anonymous_4)
DA:21,4
DA:25,3
DA:29,0
DA:33,0
LF:4
LH:2
BRF:0
BRH:0
end_of_record
TN:
SF:src/core/domain/entities/JourneyPoint.ts
FN:5,(anonymous_0)
FN:14,(anonymous_1)
FNF:2
FNH:2
FNDA:9,(anonymous_0)
FNDA:9,(anonymous_1)
DA:22,9
LF:1
LH:1
BRF:0
BRH:0
end_of_record
TN:
SF:src/core/domain/entities/QRCode.ts
FN:5,(anonymous_0)
FN:14,(anonymous_1)
FNF:2
FNH:2
FNDA:6,(anonymous_0)
FNDA:6,(anonymous_1)
DA:22,6
LF:1
LH:1
BRF:0
BRH:0
end_of_record
TN:
SF:src/core/domain/entities/User.ts
FN:6,(anonymous_0)
FN:13,(anonymous_1)
FN:23,(anonymous_2)
FN:28,(anonymous_3)
FN:33,(anonymous_4)
FNF:5
FNH:2
FNDA:3,(anonymous_0)
FNDA:3,(anonymous_1)
FNDA:0,(anonymous_2)
FNDA:0,(anonymous_3)
FNDA:0,(anonymous_4)
DA:19,3
DA:24,0
DA:29,0
DA:34,0
LF:4
LH:1
BRF:0
BRH:0
end_of_record
TN:
SF:src/core/domain/use-cases/ChangePasswordUseCase.ts
FN:5,(anonymous_0)
FN:7,(anonymous_1)
FNF:2
FNH:2
FNDA:2,(anonymous_0)
FNDA:2,(anonymous_1)
DA:8,2
LF:1
LH:1
BRF:0
BRH:0
end_of_record
TN:
SF:src/core/domain/use-cases/CompleteJourneyPointUseCase.ts
FN:5,(anonymous_0)
FN:7,(anonymous_1)
FNF:2
FNH:2
FNDA:1,(anonymous_0)
FNDA:1,(anonymous_1)
DA:8,1
LF:1
LH:1
BRF:0
BRH:0
end_of_record
TN:
SF:src/core/domain/use-cases/DeleteAccountUseCase.ts
FN:4,(anonymous_0)
FN:6,(anonymous_1)
FNF:2
FNH:2
FNDA:1,(anonymous_0)
FNDA:1,(anonymous_1)
DA:7,1
LF:1
LH:1
BRF:0
BRH:0
end_of_record
TN:
SF:src/core/domain/use-cases/FinishJourneyUseCase.ts
FN:5,(anonymous_0)
FN:7,(anonymous_1)
FNF:2
FNH:2
FNDA:1,(anonymous_0)
FNDA:1,(anonymous_1)
DA:8,1
LF:1
LH:1
BRF:0
BRH:0
end_of_record
TN:
SF:src/core/domain/use-cases/GetAllJourneysUseCase.ts
FN:5,(anonymous_0)
FN:7,(anonymous_1)
FNF:2
FNH:2
FNDA:1,(anonymous_0)
FNDA:1,(anonymous_1)
DA:8,1
LF:1
LH:1
BRF:0
BRH:0
end_of_record
TN:
SF:src/core/domain/use-cases/GetJourneyUseCase.ts
FN:5,(anonymous_0)
FN:7,(anonymous_1)
FNF:2
FNH:2
FNDA:1,(anonymous_0)
FNDA:1,(anonymous_1)
DA:8,1
LF:1
LH:1
BRF:0
BRH:0
end_of_record
TN:
SF:src/core/domain/use-cases/GetQRCodeDetailsUseCase.ts
FN:5,(anonymous_0)
FN:7,(anonymous_1)
FNF:2
FNH:2
FNDA:2,(anonymous_0)
FNDA:2,(anonymous_1)
DA:8,2
LF:1
LH:1
BRF:0
BRH:0
end_of_record
TN:
SF:src/core/domain/use-cases/GetUserProgressUseCase.ts
FN:5,(anonymous_0)
FN:7,(anonymous_1)
FNF:2
FNH:2
FNDA:1,(anonymous_0)
FNDA:1,(anonymous_1)
DA:8,1
LF:1
LH:1
BRF:0
BRH:0
end_of_record
TN:
SF:src/core/domain/use-cases/LoginUseCase.ts
FN:7,(anonymous_0)
FN:9,(anonymous_1)
FNF:2
FNH:2
FNDA:2,(anonymous_0)
FNDA:2,(anonymous_1)
DA:10,2
LF:1
LH:1
BRF:0
BRH:0
end_of_record
TN:
SF:src/core/domain/use-cases/RegisterUseCase.ts
FN:8,(anonymous_0)
FN:10,(anonymous_1)
FNF:2
FNH:2
FNDA:1,(anonymous_0)
FNDA:1,(anonymous_1)
DA:11,1
LF:1
LH:1
BRF:0
BRH:0
end_of_record
TN:
SF:src/core/domain/use-cases/ScanQRCodeUseCase.ts
FN:7,(anonymous_0)
FN:9,(anonymous_1)
FNF:2
FNH:2
FNDA:1,(anonymous_0)
FNDA:1,(anonymous_1)
DA:10,1
LF:1
LH:1
BRF:0
BRH:0
end_of_record
TN:
SF:src/core/domain/use-cases/StartJourneyUseCase.ts
FN:5,(anonymous_0)
FN:7,(anonymous_1)
FNF:2
FNH:2
FNDA:3,(anonymous_0)
FNDA:3,(anonymous_1)
DA:8,3
LF:1
LH:1
BRF:0
BRH:0
end_of_record
TN:
SF:src/core/domain/use-cases/UpdateProfileUseCase.ts
FN:7,(anonymous_0)
FN:9,(anonymous_1)
FNF:2
FNH:2
FNDA:1,(anonymous_0)
FNDA:1,(anonymous_1)
DA:10,1
LF:1
LH:1
BRF:0
BRH:0
end_of_record
TN:
SF:src/core/domain/value-objects/Code.ts
FN:2,(anonymous_0)
FN:8,(anonymous_1)
FN:12,(anonymous_2)
FN:16,(anonymous_3)
FNF:4
FNH:3
FNDA:6,(anonymous_0)
FNDA:6,(anonymous_1)
FNDA:6,(anonymous_2)
FNDA:0,(anonymous_3)
DA:3,6
DA:4,0
DA:9,6
DA:13,6
DA:17,0
LF:5
LH:3
BRDA:3,0,0,0
BRDA:3,0,1,6
BRF:2
BRH:1
end_of_record
TN:
SF:src/core/domain/value-objects/Email.ts
FN:2,(anonymous_0)
FN:8,(anonymous_1)
FN:12,(anonymous_2)
FN:17,(anonymous_3)
FNF:4
FNH:3
FNDA:3,(anonymous_0)
FNDA:3,(anonymous_1)
FNDA:3,(anonymous_2)
FNDA:0,(anonymous_3)
DA:3,3
DA:4,0
DA:9,3
DA:13,3
DA:14,3
DA:18,0
LF:6
LH:4
BRDA:3,0,0,0
BRDA:3,0,1,3
BRF:2
BRH:1
end_of_record
TN:
SF:src/core/domain/value-objects/Latitude.ts
FN:2,(anonymous_0)
FN:8,(anonymous_1)
FN:12,(anonymous_2)
FN:16,(anonymous_3)
FNF:4
FNH:3
FNDA:5,(anonymous_0)
FNDA:5,(anonymous_1)
FNDA:5,(anonymous_2)
FNDA:0,(anonymous_3)
DA:3,5
DA:4,0
DA:9,5
DA:13,5
DA:17,0
LF:5
LH:3
BRDA:3,0,0,0
BRDA:3,0,1,5
BRDA:13,1,0,5
BRDA:13,1,1,5
BRF:4
BRH:3
end_of_record
TN:
SF:src/core/domain/value-objects/Location.ts
FN:2,(anonymous_0)
FN:8,(anonymous_1)
FN:12,(anonymous_2)
FN:16,(anonymous_3)
FNF:4
FNH:3
FNDA:6,(anonymous_0)
FNDA:6,(anonymous_1)
FNDA:6,(anonymous_2)
FNDA:0,(anonymous_3)
DA:3,6
DA:4,0
DA:9,6
DA:13,6
DA:17,0
LF:5
LH:3
BRDA:3,0,0,0
BRDA:3,0,1,6
BRF:2
BRH:1
end_of_record
TN:
SF:src/core/domain/value-objects/Longitude.ts
FN:2,(anonymous_0)
FN:8,(anonymous_1)
FN:12,(anonymous_2)
FN:16,(anonymous_3)
FNF:4
FNH:3
FNDA:5,(anonymous_0)
FNDA:5,(anonymous_1)
FNDA:5,(anonymous_2)
FNDA:0,(anonymous_3)
DA:3,5
DA:4,0
DA:9,5
DA:13,5
DA:17,0
LF:5
LH:3
BRDA:3,0,0,0
BRDA:3,0,1,5
BRDA:13,1,0,5
BRDA:13,1,1,5
BRF:4
BRH:3
end_of_record
TN:
SF:src/core/domain/value-objects/Name.ts
FN:2,(anonymous_0)
FN:8,(anonymous_1)
FN:12,(anonymous_2)
FN:17,(anonymous_3)
FNF:4
FNH:3
FNDA:5,(anonymous_0)
FNDA:5,(anonymous_1)
FNDA:5,(anonymous_2)
FNDA:0,(anonymous_3)
DA:3,5
DA:4,0
DA:9,5
DA:13,5
DA:14,5
DA:18,0
LF:6
LH:4
BRDA:3,0,0,0
BRDA:3,0,1,5
BRF:2
BRH:1
end_of_record
TN:
SF:src/core/domain/value-objects/Password.ts
FN:2,(anonymous_0)
FN:8,(anonymous_1)
FN:12,(anonymous_2)
FN:18,(anonymous_3)
FNF:4
FNH:3
FNDA:9,(anonymous_0)
FNDA:9,(anonymous_1)
FNDA:9,(anonymous_2)
FNDA:0,(anonymous_3)
DA:3,9
DA:4,0
DA:9,9
DA:14,9
DA:15,9
DA:19,0
LF:6
LH:4
BRDA:3,0,0,0
BRDA:3,0,1,9
BRF:2
BRH:1
end_of_record
TN:
SF:src/core/factories/AuthFactory.ts
FN:11,(anonymous_0)
FN:15,(anonymous_1)
FN:19,(anonymous_2)
FN:23,(anonymous_3)
FN:27,(anonymous_4)
FNF:5
FNH:5
FNDA:2,(anonymous_0)
FNDA:1,(anonymous_1)
FNDA:1,(anonymous_2)
FNDA:2,(anonymous_3)
FNDA:1,(anonymous_4)
DA:9,1
DA:12,2
DA:16,1
DA:20,1
DA:24,2
DA:28,1
LF:6
LH:6
BRF:0
BRH:0
end_of_record
TN:
SF:src/core/factories/JourneyFactory.ts
FN:11,(anonymous_0)
FN:15,(anonymous_1)
FN:19,(anonymous_2)
FN:23,(anonymous_3)
FN:27,(anonymous_4)
FNF:5
FNH:5
FNDA:1,(anonymous_0)
FNDA:3,(anonymous_1)
FNDA:1,(anonymous_2)
FNDA:1,(anonymous_3)
FNDA:1,(anonymous_4)
DA:9,1
DA:12,1
DA:16,3
DA:20,1
DA:24,1
DA:28,1
LF:6
LH:6
BRF:0
BRH:0
end_of_record
TN:
SF:src/core/factories/ProgressFactory.ts
FN:7,(anonymous_0)
FNF:1
FNH:1
FNDA:1,(anonymous_0)
DA:5,1
DA:8,1
LF:2
LH:2
BRF:0
BRH:0
end_of_record
TN:
SF:src/core/factories/QRCodeFactory.ts
FN:8,(anonymous_0)
FN:12,(anonymous_1)
FNF:2
FNH:2
FNDA:1,(anonymous_0)
FNDA:2,(anonymous_1)
DA:6,1
DA:9,1
DA:13,2
LF:3
LH:3
BRF:0
BRH:0
end_of_record
TN:
SF:src/core/infra/repositories/AuthRepositoryMock.ts
FN:8,(anonymous_0)
FN:16,(anonymous_1)
FN:21,(anonymous_2)
FN:26,(anonymous_3)
FN:34,(anonymous_4)
FNF:5
FNH:5
FNDA:2,(anonymous_0)
FNDA:1,(anonymous_1)
FNDA:1,(anonymous_2)
FNDA:2,(anonymous_3)
FNDA:1,(anonymous_4)
DA:9,2
DA:10,2
DA:11,1
DA:13,1
DA:17,1
DA:18,1
DA:22,1
DA:23,1
DA:27,2
DA:28,2
DA:29,1
DA:31,1
DA:35,1
DA:36,1
LF:14
LH:14
BRDA:10,0,0,1
BRDA:10,0,1,1
BRDA:10,1,0,2
BRDA:10,1,1,1
BRDA:28,2,0,1
BRDA:28,2,1,1
BRF:6
BRH:6
end_of_record
TN:
SF:src/core/infra/repositories/JourneyRepositoryMock.ts
FN:34,(anonymous_0)
FN:36,(anonymous_1)
FN:39,(anonymous_2)
FN:41,(anonymous_3)
FN:47,(anonymous_4)
FN:49,(anonymous_5)
FN:52,(anonymous_6)
FN:85,(anonymous_7)
FN:93,(anonymous_8)
FN:95,(anonymous_9)
FN:98,(anonymous_10)
FN:109,(anonymous_11)
FN:117,(anonymous_12)
FNF:13
FNH:13
FNDA:1,(anonymous_0)
FNDA:1,(anonymous_1)
FNDA:3,(anonymous_2)
FNDA:3,(anonymous_3)
FNDA:1,(anonymous_4)
FNDA:1,(anonymous_5)
FNDA:1,(anonymous_6)
FNDA:1,(anonymous_7)
FNDA:1,(anonymous_8)
FNDA:1,(anonymous_9)
FNDA:3,(anonymous_10)
FNDA:1,(anonymous_11)
FNDA:1,(anonymous_12)
DA:8,1
DA:35,1
DA:36,1
DA:40,3
DA:41,3
DA:42,3
DA:43,3
DA:44,3
DA:48,1
DA:49,1
DA:50,1
DA:52,1
DA:53,1
DA:55,1
DA:56,1
DA:65,1
DA:66,1
DA:67,1
DA:70,1
DA:71,1
DA:72,0
DA:75,1
DA:85,1
DA:86,1
DA:87,1
DA:90,1
DA:94,1
DA:95,1
DA:96,1
DA:98,3
DA:99,1
DA:109,1
DA:110,1
DA:111,1
DA:114,1
DA:118,1
DA:119,1
LF:37
LH:36
BRDA:42,0,0,0
BRDA:42,0,1,3
BRDA:50,1,0,0
BRDA:50,1,1,1
BRDA:53,2,0,0
BRDA:53,2,1,1
BRDA:66,3,0,1
BRDA:66,3,1,0
BRDA:71,4,0,0
BRDA:71,4,1,1
BRDA:86,5,0,1
BRDA:86,5,1,0
BRDA:96,6,0,0
BRDA:96,6,1,1
BRDA:110,7,0,1
BRDA:110,7,1,0
BRF:16
BRH:8
end_of_record
TN:
SF:src/core/infra/repositories/ProgressRepositoryMock.ts
FN:34,(anonymous_0)
FNF:1
FNH:1
FNDA:1,(anonymous_0)
DA:7,1
DA:35,1
DA:37,1
LF:3
LH:3
BRF:0
BRH:0
end_of_record
TN:
SF:src/core/infra/repositories/QRCodeRepositoryMock.ts
FN:9,(anonymous_0)
FN:33,(anonymous_1)
FN:46,(anonymous_2)
FN:48,(anonymous_3)
FNF:4
FNH:4
FNDA:1,(anonymous_0)
FNDA:1,(anonymous_1)
FNDA:2,(anonymous_2)
FNDA:4,(anonymous_3)
DA:7,1
DA:11,1
DA:21,1
DA:34,1
DA:35,1
DA:42,1
DA:43,1
DA:47,2
DA:48,4
LF:9
LH:9
BRDA:40,0,0,0
BRDA:40,0,1,1
BRF:2
BRH:1
end_of_record
